[ 2016-11-17T06:38:43+08:00 ] 192.168.42.15 /zuoye/er/first/index.php
INFO: [ app_init ] --START--
INFO: Run Behavior\BuildLiteBehavior [ RunTime:0.000024s ]
INFO: [ app_init ] --END-- [ RunTime:0.000442s ]
INFO: [ app_begin ] --START--
INFO: Run Behavior\ReadHtmlCacheBehavior [ RunTime:0.000450s ]
INFO: [ app_begin ] --END-- [ RunTime:0.000504s ]
ERR: 无法加载控制器:Index

[ 2016-11-17T06:46:38+08:00 ] 192.168.42.15 /zuoye/er/first/index.php
INFO: [ app_init ] --START--
INFO: Run Behavior\BuildLiteBehavior [ RunTime:0.000019s ]
INFO: [ app_init ] --END-- [ RunTime:0.000308s ]
INFO: [ app_begin ] --START--
INFO: Run Behavior\ReadHtmlCacheBehavior [ RunTime:0.000373s ]
INFO: [ app_begin ] --END-- [ RunTime:0.000419s ]
ERR: 无法加载控制器:Index

[ 2016-11-17T08:14:19+08:00 ] 192.168.42.15 /zuoye/er/first/index.php
INFO: [ app_init ] --START--
INFO: Run Behavior\BuildLiteBehavior [ RunTime:0.000014s ]
INFO: [ app_init ] --END-- [ RunTime:0.000290s ]
INFO: [ app_begin ] --START--
INFO: Run Behavior\ReadHtmlCacheBehavior [ RunTime:0.000368s ]
INFO: [ app_begin ] --END-- [ RunTime:0.000411s ]
ERR: 无法加载控制器:Index

[ 2016-11-17T08:14:40+08:00 ] 192.168.42.15 /zuoye/er/first/index.php/Home/order
INFO: [ app_init ] --START--
INFO: Run Behavior\BuildLiteBehavior [ RunTime:0.000021s ]
INFO: [ app_init ] --END-- [ RunTime:0.000429s ]
INFO: [ app_begin ] --START--
INFO: Run Behavior\ReadHtmlCacheBehavior [ RunTime:0.000414s ]
INFO: [ app_begin ] --END-- [ RunTime:0.000456s ]
ERR: 无法加载控制器:Order

[ 2016-11-17T08:14:45+08:00 ] 192.168.42.15 /zuoye/er/first/index.php/Home/orders
INFO: [ app_init ] --START--
INFO: Run Behavior\BuildLiteBehavior [ RunTime:0.000016s ]
INFO: [ app_init ] --END-- [ RunTime:0.000304s ]
INFO: [ app_begin ] --START--
INFO: Run Behavior\ReadHtmlCacheBehavior [ RunTime:0.000399s ]
INFO: [ app_begin ] --END-- [ RunTime:0.000456s ]
SQL: SHOW COLUMNS FROM `mlv_orders` [ RunTime:0.0017s ]
NOTIC: [8] Undefined index: userinfo /usr/local/apache2/htdocs/zuoye/er/first/Application/Home/Controller/OrdersController.class.php 第 32 行.
SQL: SHOW COLUMNS FROM `mlv_orders` [ RunTime:0.0016s ]
SQL: SELECT COUNT(*) AS tp_count FROM mlv_orders o WHERE `uid` = null LIMIT 1   [ RunTime:0.0027s ]
SQL: SELECT * FROM mlv_orders o WHERE `uid` = null LIMIT 0,1   [ RunTime:0.0011s ]
INFO: [ view_parse ] --START--
INFO: [ template_filter ] --START--
INFO: Run Behavior\ContentReplaceBehavior [ RunTime:0.000087s ]
INFO: [ template_filter ] --END-- [ RunTime:0.000144s ]
INFO: Run Behavior\ParseTemplateBehavior [ RunTime:0.015928s ]
INFO: [ view_parse ] --END-- [ RunTime:0.015985s ]
INFO: [ view_filter ] --START--
INFO: Run Behavior\WriteHtmlCacheBehavior [ RunTime:0.000134s ]
INFO: [ view_filter ] --END-- [ RunTime:0.000173s ]
INFO: [ app_end ] --START--
INFO: Run Behavior\ShowPageTraceBehavior [ RunTime:0.000519s ]
INFO: [ app_end ] --END-- [ RunTime:0.000598s ]

[ 2016-11-17T08:14:48+08:00 ] 192.168.42.15 /zuoye/er/first/index.php/Home/Orders/saleOrders.html
INFO: [ app_init ] --START--
INFO: Run Behavior\BuildLiteBehavior [ RunTime:0.000014s ]
INFO: [ app_init ] --END-- [ RunTime:0.000346s ]
INFO: [ app_begin ] --START--
INFO: Run Behavior\ReadHtmlCacheBehavior [ RunTime:0.000410s ]
INFO: [ app_begin ] --END-- [ RunTime:0.000455s ]
SQL: SHOW COLUMNS FROM `mlv_user` [ RunTime:0.0018s ]
SQL: SELECT * FROM `mlv_user` WHERE ( id=3 ) LIMIT 1   [ RunTime:0.0013s ]
SQL: SHOW COLUMNS FROM `mlv_orders` [ RunTime:0.0019s ]
SQL: SHOW COLUMNS FROM `mlv_store` [ RunTime:0.0015s ]
SQL: SELECT * FROM `mlv_store` WHERE `uid` = 3 LIMIT 1   [ RunTime:0.0020s ]
SQL: SHOW COLUMNS FROM `mlv_orders` [ RunTime:0.0017s ]
SQL: SELECT COUNT(*) AS tp_count FROM `mlv_orders` WHERE `sid` = 1 LIMIT 1   [ RunTime:0.0017s ]
SQL: SELECT * FROM `mlv_orders` WHERE `sid` = 1 LIMIT 0,1   [ RunTime:0.0024s ]
SQL: SELECT * FROM `mlv_user` WHERE `id` = 1 LIMIT 1   [ RunTime:0.0013s ]
SQL: SHOW COLUMNS FROM `mlv_order_detail` [ RunTime:0.0015s ]
SQL: SELECT * FROM mlv_order_detail o INNER JOIN mlv_goods g ON o.gid=g.id  WHERE `oid` = '1'  [ RunTime:0.0014s ]
INFO: [ view_parse ] --START--
INFO: [ template_filter ] --START--
INFO: Run Behavior\ContentReplaceBehavior [ RunTime:0.000095s ]
INFO: [ template_filter ] --END-- [ RunTime:0.000159s ]
INFO: Run Behavior\ParseTemplateBehavior [ RunTime:0.010836s ]
INFO: [ view_parse ] --END-- [ RunTime:0.010888s ]
INFO: [ view_filter ] --START--
INFO: Run Behavior\WriteHtmlCacheBehavior [ RunTime:0.000132s ]
INFO: [ view_filter ] --END-- [ RunTime:0.000167s ]
INFO: [ app_end ] --START--
INFO: Run Behavior\ShowPageTraceBehavior [ RunTime:0.000535s ]
INFO: [ app_end ] --END-- [ RunTime:0.000624s ]

[ 2016-11-17T08:15:16+08:00 ] 192.168.42.15 /zuoye/er/first/index.php/Home/Orders/saleOrders/p/2.html
INFO: [ app_init ] --START--
INFO: Run Behavior\BuildLiteBehavior [ RunTime:0.000017s ]
INFO: [ app_init ] --END-- [ RunTime:0.000269s ]
INFO: [ app_begin ] --START--
INFO: Run Behavior\ReadHtmlCacheBehavior [ RunTime:0.000492s ]
INFO: [ app_begin ] --END-- [ RunTime:0.000600s ]
SQL: SHOW COLUMNS FROM `mlv_user` [ RunTime:0.0016s ]
SQL: SELECT * FROM `mlv_user` WHERE ( id=3 ) LIMIT 1   [ RunTime:0.0015s ]
SQL: SHOW COLUMNS FROM `mlv_orders` [ RunTime:0.0014s ]
SQL: SHOW COLUMNS FROM `mlv_store` [ RunTime:0.0014s ]
SQL: SELECT * FROM `mlv_store` WHERE `uid` = 3 LIMIT 1   [ RunTime:0.0013s ]
SQL: SHOW COLUMNS FROM `mlv_orders` [ RunTime:0.0015s ]
SQL: SELECT COUNT(*) AS tp_count FROM `mlv_orders` WHERE `sid` = 1 LIMIT 1   [ RunTime:0.0014s ]
SQL: SELECT * FROM `mlv_orders` WHERE `sid` = 1 LIMIT 1,1   [ RunTime:0.0012s ]
SQL: SELECT * FROM `mlv_user` WHERE `id` = 1 LIMIT 1   [ RunTime:0.0015s ]
SQL: SHOW COLUMNS FROM `mlv_order_detail` [ RunTime:0.0015s ]
SQL: SELECT * FROM mlv_order_detail o INNER JOIN mlv_goods g ON o.gid=g.id  WHERE `oid` = '4'  [ RunTime:0.0014s ]
INFO: [ view_parse ] --START--
INFO: [ template_filter ] --START--
INFO: Run Behavior\ContentReplaceBehavior [ RunTime:0.000121s ]
INFO: [ template_filter ] --END-- [ RunTime:0.000193s ]
INFO: Run Behavior\ParseTemplateBehavior [ RunTime:0.009752s ]
INFO: [ view_parse ] --END-- [ RunTime:0.009802s ]
INFO: [ view_filter ] --START--
INFO: Run Behavior\WriteHtmlCacheBehavior [ RunTime:0.000144s ]
INFO: [ view_filter ] --END-- [ RunTime:0.000183s ]
INFO: [ app_end ] --START--
INFO: Run Behavior\ShowPageTraceBehavior [ RunTime:0.000706s ]
INFO: [ app_end ] --END-- [ RunTime:0.000815s ]

[ 2016-11-17T08:15:31+08:00 ] 192.168.42.15 /zuoye/er/first/index.php/Home/Orders/index.html
INFO: [ app_init ] --START--
INFO: Run Behavior\BuildLiteBehavior [ RunTime:0.000019s ]
INFO: [ app_init ] --END-- [ RunTime:0.000288s ]
INFO: [ app_begin ] --START--
INFO: Run Behavior\ReadHtmlCacheBehavior [ RunTime:0.000342s ]
INFO: [ app_begin ] --END-- [ RunTime:0.000386s ]
SQL: SHOW COLUMNS FROM `mlv_orders` [ RunTime:0.0019s ]
SQL: SHOW COLUMNS FROM `mlv_orders` [ RunTime:0.0012s ]
SQL: SELECT COUNT(*) AS tp_count FROM mlv_orders o WHERE `uid` = 3 LIMIT 1   [ RunTime:0.0014s ]
SQL: SELECT * FROM mlv_orders o WHERE `uid` = 3 LIMIT 0,1   [ RunTime:0.0012s ]
SQL: SHOW COLUMNS FROM `mlv_store` [ RunTime:0.0015s ]
SQL: SELECT `name` FROM `mlv_store` WHERE `id` = 3 LIMIT 1   [ RunTime:0.0014s ]
SQL: SHOW COLUMNS FROM `mlv_order_detail` [ RunTime:0.0021s ]
SQL: SELECT * FROM `mlv_order_detail` WHERE `oid` = 2  [ RunTime:0.0010s ]
SQL: SHOW COLUMNS FROM `mlv_goods` [ RunTime:0.0014s ]
SQL: SELECT * FROM `mlv_goods` WHERE `id` = 2 LIMIT 1   [ RunTime:0.0016s ]
INFO: [ view_parse ] --START--
INFO: [ template_filter ] --START--
INFO: Run Behavior\ContentReplaceBehavior [ RunTime:0.000102s ]
INFO: [ template_filter ] --END-- [ RunTime:0.000162s ]
INFO: Run Behavior\ParseTemplateBehavior [ RunTime:0.012139s ]
INFO: [ view_parse ] --END-- [ RunTime:0.012198s ]
INFO: [ view_filter ] --START--
INFO: Run Behavior\WriteHtmlCacheBehavior [ RunTime:0.000156s ]
INFO: [ view_filter ] --END-- [ RunTime:0.000196s ]
INFO: [ app_end ] --START--
INFO: Run Behavior\ShowPageTraceBehavior [ RunTime:0.000591s ]
INFO: [ app_end ] --END-- [ RunTime:0.000681s ]

[ 2016-11-17T08:15:34+08:00 ] 192.168.42.15 /zuoye/er/first/index.php/Home/Orders/index/p/2.html
INFO: [ app_init ] --START--
INFO: Run Behavior\BuildLiteBehavior [ RunTime:0.000019s ]
INFO: [ app_init ] --END-- [ RunTime:0.000287s ]
INFO: [ app_begin ] --START--
INFO: Run Behavior\ReadHtmlCacheBehavior [ RunTime:0.000458s ]
INFO: [ app_begin ] --END-- [ RunTime:0.000504s ]
SQL: SHOW COLUMNS FROM `mlv_orders` [ RunTime:0.0019s ]
SQL: SHOW COLUMNS FROM `mlv_orders` [ RunTime:0.0013s ]
SQL: SELECT COUNT(*) AS tp_count FROM mlv_orders o WHERE `uid` = 3 LIMIT 1   [ RunTime:0.0013s ]
SQL: SELECT * FROM mlv_orders o WHERE `uid` = 3 LIMIT 1,1   [ RunTime:0.0011s ]
SQL: SHOW COLUMNS FROM `mlv_store` [ RunTime:0.0014s ]
SQL: SELECT `name` FROM `mlv_store` WHERE `id` = 4 LIMIT 1   [ RunTime:0.0015s ]
SQL: SHOW COLUMNS FROM `mlv_order_detail` [ RunTime:0.0013s ]
SQL: SELECT * FROM `mlv_order_detail` WHERE `oid` = 3  [ RunTime:0.0013s ]
SQL: SHOW COLUMNS FROM `mlv_goods` [ RunTime:0.0014s ]
SQL: SELECT * FROM `mlv_goods` WHERE `id` = 1 LIMIT 1   [ RunTime:0.0013s ]
SQL: SELECT * FROM `mlv_goods` WHERE `id` = 2 LIMIT 1   [ RunTime:0.0013s ]
INFO: [ view_parse ] --START--
INFO: [ template_filter ] --START--
INFO: Run Behavior\ContentReplaceBehavior [ RunTime:0.000091s ]
INFO: [ template_filter ] --END-- [ RunTime:0.000159s ]
INFO: Run Behavior\ParseTemplateBehavior [ RunTime:0.040147s ]
INFO: [ view_parse ] --END-- [ RunTime:0.040242s ]
INFO: [ view_filter ] --START--
INFO: Run Behavior\WriteHtmlCacheBehavior [ RunTime:0.000288s ]
INFO: [ view_filter ] --END-- [ RunTime:0.000356s ]
INFO: [ app_end ] --START--
INFO: Run Behavior\ShowPageTraceBehavior [ RunTime:0.000624s ]
INFO: [ app_end ] --END-- [ RunTime:0.000713s ]

[ 2016-11-17T08:15:36+08:00 ] 192.168.42.15 /zuoye/er/first/index.php/Home/Orders/index/p/1.html
INFO: [ app_init ] --START--
INFO: Run Behavior\BuildLiteBehavior [ RunTime:0.000014s ]
INFO: [ app_init ] --END-- [ RunTime:0.000283s ]
INFO: [ app_begin ] --START--
INFO: Run Behavior\ReadHtmlCacheBehavior [ RunTime:0.000592s ]
INFO: [ app_begin ] --END-- [ RunTime:0.000666s ]
SQL: SHOW COLUMNS FROM `mlv_orders` [ RunTime:0.0022s ]
SQL: SHOW COLUMNS FROM `mlv_orders` [ RunTime:0.0016s ]
SQL: SELECT COUNT(*) AS tp_count FROM mlv_orders o WHERE `uid` = 3 LIMIT 1   [ RunTime:0.0011s ]
SQL: SELECT * FROM mlv_orders o WHERE `uid` = 3 LIMIT 0,1   [ RunTime:0.0015s ]
SQL: SHOW COLUMNS FROM `mlv_store` [ RunTime:0.0016s ]
SQL: SELECT `name` FROM `mlv_store` WHERE `id` = 3 LIMIT 1   [ RunTime:0.0014s ]
SQL: SHOW COLUMNS FROM `mlv_order_detail` [ RunTime:0.0015s ]
SQL: SELECT * FROM `mlv_order_detail` WHERE `oid` = 2  [ RunTime:0.0014s ]
SQL: SHOW COLUMNS FROM `mlv_goods` [ RunTime:0.0015s ]
SQL: SELECT * FROM `mlv_goods` WHERE `id` = 2 LIMIT 1   [ RunTime:0.0023s ]
INFO: [ view_parse ] --START--
INFO: [ template_filter ] --START--
INFO: Run Behavior\ContentReplaceBehavior [ RunTime:0.000084s ]
INFO: [ template_filter ] --END-- [ RunTime:0.000138s ]
INFO: Run Behavior\ParseTemplateBehavior [ RunTime:0.011525s ]
INFO: [ view_parse ] --END-- [ RunTime:0.011575s ]
INFO: [ view_filter ] --START--
INFO: Run Behavior\WriteHtmlCacheBehavior [ RunTime:0.000117s ]
INFO: [ view_filter ] --END-- [ RunTime:0.000150s ]
INFO: [ app_end ] --START--
INFO: Run Behavior\ShowPageTraceBehavior [ RunTime:0.000619s ]
INFO: [ app_end ] --END-- [ RunTime:0.000706s ]

[ 2016-11-17T08:28:35+08:00 ] 192.168.42.15 /zuoye/er/first/index.php
INFO: [ app_init ] --START--
INFO: Run Behavior\BuildLiteBehavior [ RunTime:0.000014s ]
INFO: [ app_init ] --END-- [ RunTime:0.000322s ]
INFO: [ app_begin ] --START--
INFO: Run Behavior\ReadHtmlCacheBehavior [ RunTime:0.000330s ]
INFO: [ app_begin ] --END-- [ RunTime:0.000370s ]
ERR: 无法加载控制器:Index

[ 2016-11-17T09:27:43+08:00 ] 192.168.42.15 /zuoye/er/first/index.php
INFO: [ app_init ] --START--
INFO: Run Behavior\BuildLiteBehavior [ RunTime:0.000030s ]
INFO: [ app_init ] --END-- [ RunTime:0.000785s ]
INFO: [ app_begin ] --START--
INFO: Run Behavior\ReadHtmlCacheBehavior [ RunTime:0.000655s ]
INFO: [ app_begin ] --END-- [ RunTime:0.000737s ]
ERR: 无法加载控制器:Index

[ 2016-11-17T09:42:13+08:00 ] 192.168.42.15 /zuoye/er/first/index.php
INFO: [ app_init ] --START--
INFO: Run Behavior\BuildLiteBehavior [ RunTime:0.000015s ]
INFO: [ app_init ] --END-- [ RunTime:0.000303s ]
INFO: [ app_begin ] --START--
INFO: Run Behavior\ReadHtmlCacheBehavior [ RunTime:0.000382s ]
INFO: [ app_begin ] --END-- [ RunTime:0.000540s ]
ERR: 无法加载控制器:Index

