[ 2017-02-22T15:02:02+08:00 ] 192.168.42.23 /first/index.php
INFO: [ app_init ] --START--
INFO: Run Behavior\BuildLiteBehavior [ RunTime:0.000017s ]
INFO: [ app_init ] --END-- [ RunTime:0.000576s ]
INFO: [ app_begin ] --START--
INFO: Run Behavior\ReadHtmlCacheBehavior [ RunTime:0.000644s ]
INFO: [ app_begin ] --END-- [ RunTime:0.000780s ]
SQL: SHOW COLUMNS FROM `mlv_store_type` [ RunTime:0.0013s ]
SQL: SELECT * FROM `mlv_store_type`  [ RunTime:0.0002s ]
SQL: SHOW COLUMNS FROM `mlv_store` [ RunTime:0.0015s ]
SQL: SELECT * FROM `mlv_store` WHERE `status` = 1 ORDER BY clickNum desc LIMIT 0,4   [ RunTime:0.0003s ]
SQL: SHOW COLUMNS FROM `mlv_orders` [ RunTime:0.0005s ]
SQL: SELECT * FROM `mlv_orders` WHERE ( sid=6 )  [ RunTime:0.0003s ]
SQL: SHOW COLUMNS FROM `mlv_comment` [ RunTime:0.0004s ]
SQL: SELECT `level` FROM `mlv_comment` WHERE `oid` = 25 LIMIT 1   [ RunTime:0.0002s ]
SQL: SELECT `level` FROM `mlv_comment` WHERE `oid` = 31 LIMIT 1   [ RunTime:0.0002s ]
SQL: SELECT `level` FROM `mlv_comment` WHERE `oid` = 32 LIMIT 1   [ RunTime:0.0001s ]
SQL: SELECT `level` FROM `mlv_comment` WHERE `oid` = 33 LIMIT 1   [ RunTime:0.0001s ]
SQL: SELECT `level` FROM `mlv_comment` WHERE `oid` = 36 LIMIT 1   [ RunTime:0.0001s ]
SQL: SELECT `level` FROM `mlv_comment` WHERE `oid` = 37 LIMIT 1   [ RunTime:0.0001s ]
SQL: SELECT `level` FROM `mlv_comment` WHERE `oid` = 40 LIMIT 1   [ RunTime:0.0001s ]
SQL: SELECT `level` FROM `mlv_comment` WHERE `oid` = 48 LIMIT 1   [ RunTime:0.0002s ]
SQL: SELECT `level` FROM `mlv_comment` WHERE `oid` = 53 LIMIT 1   [ RunTime:0.0001s ]
SQL: SELECT `level` FROM `mlv_comment` WHERE `oid` = 54 LIMIT 1   [ RunTime:0.0001s ]
SQL: SELECT `level` FROM `mlv_comment` WHERE `oid` = 57 LIMIT 1   [ RunTime:0.0001s ]
SQL: SELECT `level` FROM `mlv_comment` WHERE `oid` = 58 LIMIT 1   [ RunTime:0.0001s ]
SQL: SELECT `level` FROM `mlv_comment` WHERE `oid` = 66 LIMIT 1   [ RunTime:0.0001s ]
SQL: SELECT `level` FROM `mlv_comment` WHERE `oid` = 67 LIMIT 1   [ RunTime:0.0001s ]
SQL: SELECT * FROM `mlv_orders` WHERE ( sid=7 )  [ RunTime:0.0003s ]
SQL: SELECT `level` FROM `mlv_comment` WHERE `oid` = 26 LIMIT 1   [ RunTime:0.0001s ]
SQL: SELECT `level` FROM `mlv_comment` WHERE `oid` = 27 LIMIT 1   [ RunTime:0.0001s ]
SQL: SELECT `level` FROM `mlv_comment` WHERE `oid` = 28 LIMIT 1   [ RunTime:0.0002s ]
SQL: SELECT `level` FROM `mlv_comment` WHERE `oid` = 29 LIMIT 1   [ RunTime:0.0002s ]
SQL: SELECT `level` FROM `mlv_comment` WHERE `oid` = 30 LIMIT 1   [ RunTime:0.0002s ]
SQL: SELECT `level` FROM `mlv_comment` WHERE `oid` = 34 LIMIT 1   [ RunTime:0.0001s ]
SQL: SELECT `level` FROM `mlv_comment` WHERE `oid` = 35 LIMIT 1   [ RunTime:0.0002s ]
SQL: SELECT `level` FROM `mlv_comment` WHERE `oid` = 38 LIMIT 1   [ RunTime:0.0002s ]
SQL: SELECT `level` FROM `mlv_comment` WHERE `oid` = 39 LIMIT 1   [ RunTime:0.0002s ]
SQL: SELECT `level` FROM `mlv_comment` WHERE `oid` = 41 LIMIT 1   [ RunTime:0.0002s ]
SQL: SELECT `level` FROM `mlv_comment` WHERE `oid` = 42 LIMIT 1   [ RunTime:0.0005s ]
SQL: SELECT `level` FROM `mlv_comment` WHERE `oid` = 43 LIMIT 1   [ RunTime:0.0002s ]
SQL: SELECT `level` FROM `mlv_comment` WHERE `oid` = 44 LIMIT 1   [ RunTime:0.0001s ]
SQL: SELECT `level` FROM `mlv_comment` WHERE `oid` = 45 LIMIT 1   [ RunTime:0.0001s ]
SQL: SELECT `level` FROM `mlv_comment` WHERE `oid` = 46 LIMIT 1   [ RunTime:0.0001s ]
SQL: SELECT `level` FROM `mlv_comment` WHERE `oid` = 47 LIMIT 1   [ RunTime:0.0002s ]
SQL: SELECT `level` FROM `mlv_comment` WHERE `oid` = 49 LIMIT 1   [ RunTime:0.0001s ]
SQL: SELECT `level` FROM `mlv_comment` WHERE `oid` = 50 LIMIT 1   [ RunTime:0.0001s ]
SQL: SELECT `level` FROM `mlv_comment` WHERE `oid` = 51 LIMIT 1   [ RunTime:0.0001s ]
SQL: SELECT `level` FROM `mlv_comment` WHERE `oid` = 52 LIMIT 1   [ RunTime:0.0001s ]
SQL: SELECT `level` FROM `mlv_comment` WHERE `oid` = 59 LIMIT 1   [ RunTime:0.0001s ]
SQL: SELECT `level` FROM `mlv_comment` WHERE `oid` = 60 LIMIT 1   [ RunTime:0.0001s ]
SQL: SELECT `level` FROM `mlv_comment` WHERE `oid` = 65 LIMIT 1   [ RunTime:0.0002s ]
SQL: SELECT * FROM `mlv_orders` WHERE ( sid=10 )  [ RunTime:0.0002s ]
SQL: SELECT `level` FROM `mlv_comment` WHERE `oid` = 63 LIMIT 1   [ RunTime:0.0001s ]
SQL: SELECT `level` FROM `mlv_comment` WHERE `oid` = 64 LIMIT 1   [ RunTime:0.0002s ]
SQL: SELECT * FROM `mlv_orders` WHERE ( sid=5 )  [ RunTime:0.0002s ]
SQL: SELECT `level` FROM `mlv_comment` WHERE `oid` = 61 LIMIT 1   [ RunTime:0.0001s ]
SQL: SHOW COLUMNS FROM `mlv_link` [ RunTime:0.0005s ]
SQL: SELECT * FROM `mlv_link`  [ RunTime:0.0001s ]
INFO: [ view_parse ] --START--
INFO: [ template_filter ] --START--
INFO: Run Behavior\ContentReplaceBehavior [ RunTime:0.000265s ]
INFO: [ template_filter ] --END-- [ RunTime:0.000356s ]
NOTIC: [8] Undefined index: collect /usr/local/apache2/htdocs/first/Application/Runtime/Cache/Home/9e3089e89de5024782352407086fba57.php 第 276 行.
NOTIC: [8] Undefined index: collect /usr/local/apache2/htdocs/first/Application/Runtime/Cache/Home/9e3089e89de5024782352407086fba57.php 第 276 行.
NOTIC: [8] Undefined index: collect /usr/local/apache2/htdocs/first/Application/Runtime/Cache/Home/9e3089e89de5024782352407086fba57.php 第 276 行.
NOTIC: [8] Undefined index: collect /usr/local/apache2/htdocs/first/Application/Runtime/Cache/Home/9e3089e89de5024782352407086fba57.php 第 276 行.
NOTIC: [8] Undefined index: userinfo /usr/local/apache2/htdocs/first/Application/Runtime/Cache/Home/9e3089e89de5024782352407086fba57.php 第 301 行.
NOTIC: [8] Array to string conversion /usr/local/apache2/htdocs/first/Application/Runtime/Cache/Home/9e3089e89de5024782352407086fba57.php 第 461 行.
INFO: Run Behavior\ParseTemplateBehavior [ RunTime:0.025113s ]
INFO: [ view_parse ] --END-- [ RunTime:0.025324s ]
INFO: [ view_filter ] --START--
INFO: Run Behavior\WriteHtmlCacheBehavior [ RunTime:0.000406s ]
INFO: Run Behavior\TokenBuildBehavior [ RunTime:0.000943s ]
INFO: [ view_filter ] --END-- [ RunTime:0.002122s ]
INFO: [ app_end ] --START--
INFO: Run Behavior\ShowPageTraceBehavior [ RunTime:0.000896s ]
INFO: [ app_end ] --END-- [ RunTime:0.000999s ]

[ 2017-02-22T15:02:04+08:00 ] 192.168.42.23 /first/index.php/Home/Index/ajaxIndex.html
INFO: [ app_init ] --START--
INFO: Run Behavior\BuildLiteBehavior [ RunTime:0.000018s ]
INFO: [ app_init ] --END-- [ RunTime:0.000694s ]
INFO: [ app_begin ] --START--
INFO: Run Behavior\ReadHtmlCacheBehavior [ RunTime:0.000793s ]
INFO: [ app_begin ] --END-- [ RunTime:0.000928s ]
SQL: SHOW COLUMNS FROM `mlv_store` [ RunTime:0.0013s ]
SQL: SELECT * FROM `mlv_store` WHERE `status` = 1 ORDER BY clickNum desc LIMIT 4,4   [ RunTime:0.0006s ]
SQL: SHOW COLUMNS FROM `mlv_orders` [ RunTime:0.0005s ]
SQL: SELECT * FROM `mlv_orders` WHERE ( sid=8 )  [ RunTime:0.0005s ]
SQL: SHOW COLUMNS FROM `mlv_comment` [ RunTime:0.0005s ]
SQL: SELECT `level` FROM `mlv_comment` WHERE `oid` = 55 LIMIT 1   [ RunTime:0.0002s ]
SQL: SELECT `level` FROM `mlv_comment` WHERE `oid` = 56 LIMIT 1   [ RunTime:0.0001s ]
SQL: SELECT `level` FROM `mlv_comment` WHERE `oid` = 62 LIMIT 1   [ RunTime:0.0001s ]
NOTIC: [2] Division by zero /usr/local/apache2/htdocs/first/Application/Home/Model/StoreModel.class.php 第 95 行.
SQL: SELECT * FROM `mlv_orders` WHERE ( sid=14 )  [ RunTime:0.0002s ]
NOTIC: [2] Division by zero /usr/local/apache2/htdocs/first/Application/Home/Model/StoreModel.class.php 第 95 行.
SQL: SELECT * FROM `mlv_orders` WHERE ( sid=11 )  [ RunTime:0.0002s ]
NOTIC: [2] Division by zero /usr/local/apache2/htdocs/first/Application/Home/Model/StoreModel.class.php 第 95 行.

[ 2017-02-22T15:02:06+08:00 ] 192.168.42.23 /first/index.php/Home/Store/store/id/11.html
INFO: [ app_init ] --START--
INFO: Run Behavior\BuildLiteBehavior [ RunTime:0.000023s ]
INFO: [ app_init ] --END-- [ RunTime:0.000516s ]
INFO: [ app_begin ] --START--
INFO: Run Behavior\ReadHtmlCacheBehavior [ RunTime:0.000671s ]
INFO: [ app_begin ] --END-- [ RunTime:0.000751s ]
SQL: SHOW COLUMNS FROM `mlv_store` [ RunTime:0.0014s ]
SQL: UPDATE `mlv_store` SET `clickNum`=clickNum+1 WHERE ( id=11 ) [ RunTime:0.0005s ]
SQL: SELECT * FROM `mlv_store` WHERE ( id=11 ) LIMIT 1   [ RunTime:0.0017s ]
SQL: SHOW COLUMNS FROM `mlv_orders` [ RunTime:0.0014s ]
SQL: SELECT * FROM `mlv_orders` WHERE ( sid=11 )  [ RunTime:0.0006s ]
NOTIC: [8] Undefined variable: level /usr/local/apache2/htdocs/first/Application/Home/Model/StoreModel.class.php 第 158 行.
NOTIC: [2] array_sum() expects parameter 1 to be array, null given /usr/local/apache2/htdocs/first/Application/Home/Model/StoreModel.class.php 第 158 行.
NOTIC: [8] Undefined variable: level /usr/local/apache2/htdocs/first/Application/Home/Model/StoreModel.class.php 第 158 行.
NOTIC: [2] Division by zero /usr/local/apache2/htdocs/first/Application/Home/Model/StoreModel.class.php 第 158 行.
SQL: SHOW COLUMNS FROM `mlv_goods_type` [ RunTime:0.0006s ]
SQL: SELECT `id`,`name` FROM `mlv_goods_type` WHERE ( sid=11 )  [ RunTime:0.0002s ]
SQL: SHOW COLUMNS FROM `mlv_goods` [ RunTime:0.0011s ]
SQL: SELECT * FROM `mlv_goods` WHERE ( tid=26 )  [ RunTime:0.0028s ]
SQL: SHOW COLUMNS FROM `mlv_order_detail` [ RunTime:0.0006s ]
SQL: SELECT `oid` FROM `mlv_order_detail` WHERE ( gid=45 )  [ RunTime:0.0006s ]
SQL: SELECT `oid` FROM `mlv_order_detail` WHERE ( gid=50 )  [ RunTime:0.0005s ]
SQL: SELECT `oid` FROM `mlv_order_detail` WHERE ( gid=53 )  [ RunTime:0.0008s ]
SQL: SELECT * FROM `mlv_goods` WHERE ( tid=27 )  [ RunTime:0.0002s ]
SQL: SELECT * FROM `mlv_goods` WHERE ( tid=28 )  [ RunTime:0.0002s ]
SQL: SELECT * FROM `mlv_goods` WHERE ( tid=29 )  [ RunTime:0.0003s ]
INFO: [ view_parse ] --START--
INFO: [ template_filter ] --START--
INFO: Run Behavior\ContentReplaceBehavior [ RunTime:0.000290s ]
INFO: [ template_filter ] --END-- [ RunTime:0.000428s ]
NOTIC: [8] Undefined variable: collect /usr/local/apache2/htdocs/first/Application/Runtime/Cache/Home/46262555db768db222dbace1c7130a17.php 第 361 行.
NOTIC: [8] Undefined variable: v /usr/local/apache2/htdocs/first/Application/Runtime/Cache/Home/46262555db768db222dbace1c7130a17.php 第 409 行.
NOTIC: [8] Undefined index: userinfo /usr/local/apache2/htdocs/first/Application/Runtime/Cache/Home/46262555db768db222dbace1c7130a17.php 第 542 行.
NOTIC: [8] Undefined index: ad /usr/local/apache2/htdocs/first/Application/Runtime/Cache/Home/46262555db768db222dbace1c7130a17.php 第 545 行.
NOTIC: [8] Undefined variable: collect /usr/local/apache2/htdocs/first/Application/Runtime/Cache/Home/46262555db768db222dbace1c7130a17.php 第 584 行.
NOTIC: [8] Undefined variable: sid /usr/local/apache2/htdocs/first/Application/Runtime/Cache/Home/46262555db768db222dbace1c7130a17.php 第 952 行.
NOTIC: [8] Undefined index: goodsId /usr/local/apache2/htdocs/first/Application/Runtime/Cache/Home/46262555db768db222dbace1c7130a17.php 第 1032 行.
INFO: Run Behavior\ParseTemplateBehavior [ RunTime:0.068767s ]
INFO: [ view_parse ] --END-- [ RunTime:0.068845s ]
INFO: [ view_filter ] --START--
INFO: Run Behavior\WriteHtmlCacheBehavior [ RunTime:0.000248s ]
INFO: Run Behavior\TokenBuildBehavior [ RunTime:0.000623s ]
INFO: [ view_filter ] --END-- [ RunTime:0.001014s ]
INFO: [ app_end ] --START--
INFO: Run Behavior\ShowPageTraceBehavior [ RunTime:0.001466s ]
INFO: [ app_end ] --END-- [ RunTime:0.005311s ]

[ 2017-02-22T15:02:12+08:00 ] 192.168.42.23 /first/index.php/Home/Store/store/id/7/level/5.0/levelper/74.html
INFO: [ app_init ] --START--
INFO: Run Behavior\BuildLiteBehavior [ RunTime:0.000015s ]
INFO: [ app_init ] --END-- [ RunTime:0.000424s ]
INFO: [ app_begin ] --START--
INFO: Run Behavior\ReadHtmlCacheBehavior [ RunTime:0.000565s ]
INFO: [ app_begin ] --END-- [ RunTime:0.000635s ]
SQL: SHOW COLUMNS FROM `mlv_store` [ RunTime:0.0017s ]
SQL: UPDATE `mlv_store` SET `clickNum`=clickNum+1 WHERE ( id=7 ) [ RunTime:0.0004s ]
SQL: SELECT * FROM `mlv_store` WHERE ( id=7 ) LIMIT 1   [ RunTime:0.0002s ]
SQL: SHOW COLUMNS FROM `mlv_orders` [ RunTime:0.0012s ]
SQL: SELECT * FROM `mlv_orders` WHERE ( sid=7 )  [ RunTime:0.0015s ]
SQL: SHOW COLUMNS FROM `mlv_comment` [ RunTime:0.0039s ]
SQL: SELECT `level` FROM `mlv_comment` WHERE `oid` = 26 LIMIT 1   [ RunTime:0.0003s ]
SQL: SELECT `level` FROM `mlv_comment` WHERE `oid` = 27 LIMIT 1   [ RunTime:0.0001s ]
SQL: SELECT `level` FROM `mlv_comment` WHERE `oid` = 28 LIMIT 1   [ RunTime:0.0002s ]
SQL: SELECT `level` FROM `mlv_comment` WHERE `oid` = 29 LIMIT 1   [ RunTime:0.0001s ]
SQL: SELECT `level` FROM `mlv_comment` WHERE `oid` = 30 LIMIT 1   [ RunTime:0.0001s ]
SQL: SELECT `level` FROM `mlv_comment` WHERE `oid` = 34 LIMIT 1   [ RunTime:0.0001s ]
SQL: SELECT `level` FROM `mlv_comment` WHERE `oid` = 35 LIMIT 1   [ RunTime:0.0001s ]
SQL: SELECT `level` FROM `mlv_comment` WHERE `oid` = 38 LIMIT 1   [ RunTime:0.0002s ]
SQL: SELECT `level` FROM `mlv_comment` WHERE `oid` = 39 LIMIT 1   [ RunTime:0.0002s ]
SQL: SELECT `level` FROM `mlv_comment` WHERE `oid` = 41 LIMIT 1   [ RunTime:0.0001s ]
SQL: SELECT `level` FROM `mlv_comment` WHERE `oid` = 42 LIMIT 1   [ RunTime:0.0001s ]
SQL: SELECT `level` FROM `mlv_comment` WHERE `oid` = 43 LIMIT 1   [ RunTime:0.0001s ]
SQL: SELECT `level` FROM `mlv_comment` WHERE `oid` = 44 LIMIT 1   [ RunTime:0.0003s ]
SQL: SELECT `level` FROM `mlv_comment` WHERE `oid` = 45 LIMIT 1   [ RunTime:0.0001s ]
SQL: SELECT `level` FROM `mlv_comment` WHERE `oid` = 46 LIMIT 1   [ RunTime:0.0001s ]
SQL: SELECT `level` FROM `mlv_comment` WHERE `oid` = 47 LIMIT 1   [ RunTime:0.0002s ]
SQL: SELECT `level` FROM `mlv_comment` WHERE `oid` = 49 LIMIT 1   [ RunTime:0.0008s ]
SQL: SELECT `level` FROM `mlv_comment` WHERE `oid` = 50 LIMIT 1   [ RunTime:0.0006s ]
SQL: SELECT `level` FROM `mlv_comment` WHERE `oid` = 51 LIMIT 1   [ RunTime:0.0002s ]
SQL: SELECT `level` FROM `mlv_comment` WHERE `oid` = 52 LIMIT 1   [ RunTime:0.0002s ]
SQL: SELECT `level` FROM `mlv_comment` WHERE `oid` = 59 LIMIT 1   [ RunTime:0.0001s ]
SQL: SELECT `level` FROM `mlv_comment` WHERE `oid` = 60 LIMIT 1   [ RunTime:0.0002s ]
SQL: SELECT `level` FROM `mlv_comment` WHERE `oid` = 65 LIMIT 1   [ RunTime:0.0001s ]
SQL:  SELECT count(*)  from (SELECT * FROM `mlv_store` ORDER BY atime) as a where atime >= (SELECT atime AND status=1 from `mlv_store` where id = '7') [ RunTime:0.0486s ]
SQL: SELECT count(*) FROM mlv_store WHERE status=1 limit 1 [ RunTime:0.0002s ]
SQL: SHOW COLUMNS FROM `mlv_goods_type` [ RunTime:0.0004s ]
SQL: SELECT `id`,`name` FROM `mlv_goods_type` WHERE ( sid=7 )  [ RunTime:0.0002s ]
SQL: SHOW COLUMNS FROM `mlv_goods` [ RunTime:0.0005s ]
SQL: SELECT * FROM `mlv_goods` WHERE ( tid=13 )  [ RunTime:0.0003s ]
SQL: SHOW COLUMNS FROM `mlv_order_detail` [ RunTime:0.0004s ]
SQL: SELECT `oid` FROM `mlv_order_detail` WHERE ( gid=22 )  [ RunTime:0.0003s ]
SQL: SELECT sum(d.num) from mlv_order_detail d join mlv_orders o on  d.oid = o.id where DATE_SUB(CURDATE(), INTERVAL 30 DAY) <= date(o.time) and d.gid = 22  [ RunTime:0.0015s ]
SQL: SELECT `oid` FROM `mlv_order_detail` WHERE ( gid=23 )  [ RunTime:0.0002s ]
SQL: SELECT sum(d.num) from mlv_order_detail d join mlv_orders o on  d.oid = o.id where DATE_SUB(CURDATE(), INTERVAL 30 DAY) <= date(o.time) and d.gid = 23  [ RunTime:0.0003s ]
SQL: SELECT `oid` FROM `mlv_order_detail` WHERE ( gid=24 )  [ RunTime:0.0002s ]
SQL: SELECT sum(d.num) from mlv_order_detail d join mlv_orders o on  d.oid = o.id where DATE_SUB(CURDATE(), INTERVAL 30 DAY) <= date(o.time) and d.gid = 24  [ RunTime:0.0003s ]
SQL: SELECT `oid` FROM `mlv_order_detail` WHERE ( gid=25 )  [ RunTime:0.0002s ]
SQL: SELECT sum(d.num) from mlv_order_detail d join mlv_orders o on  d.oid = o.id where DATE_SUB(CURDATE(), INTERVAL 30 DAY) <= date(o.time) and d.gid = 25  [ RunTime:0.0003s ]
SQL: SELECT * FROM `mlv_goods` WHERE ( tid=14 )  [ RunTime:0.0002s ]
SQL: SELECT `oid` FROM `mlv_order_detail` WHERE ( gid=26 )  [ RunTime:0.0002s ]
SQL: SELECT sum(d.num) from mlv_order_detail d join mlv_orders o on  d.oid = o.id where DATE_SUB(CURDATE(), INTERVAL 30 DAY) <= date(o.time) and d.gid = 26  [ RunTime:0.0003s ]
SQL: SELECT `oid` FROM `mlv_order_detail` WHERE ( gid=27 )  [ RunTime:0.0002s ]
SQL: SELECT sum(d.num) from mlv_order_detail d join mlv_orders o on  d.oid = o.id where DATE_SUB(CURDATE(), INTERVAL 30 DAY) <= date(o.time) and d.gid = 27  [ RunTime:0.0007s ]
SQL: SELECT * FROM `mlv_goods` WHERE ( tid=15 )  [ RunTime:0.0009s ]
SQL: SELECT `oid` FROM `mlv_order_detail` WHERE ( gid=28 )  [ RunTime:0.0011s ]
SQL: SELECT sum(d.num) from mlv_order_detail d join mlv_orders o on  d.oid = o.id where DATE_SUB(CURDATE(), INTERVAL 30 DAY) <= date(o.time) and d.gid = 28  [ RunTime:0.0016s ]
SQL: SELECT `oid` FROM `mlv_order_detail` WHERE ( gid=30 )  [ RunTime:0.0004s ]
SQL: SELECT sum(d.num) from mlv_order_detail d join mlv_orders o on  d.oid = o.id where DATE_SUB(CURDATE(), INTERVAL 30 DAY) <= date(o.time) and d.gid = 30  [ RunTime:0.0003s ]
SQL: SELECT * FROM `mlv_goods` WHERE ( tid=19 )  [ RunTime:0.0003s ]
SQL: SELECT `oid` FROM `mlv_order_detail` WHERE ( gid=33 )  [ RunTime:0.0002s ]
SQL: SELECT `oid` FROM `mlv_order_detail` WHERE ( gid=34 )  [ RunTime:0.0002s ]
SQL: SELECT `oid` FROM `mlv_order_detail` WHERE ( gid=35 )  [ RunTime:0.0002s ]
SQL: SELECT sum(d.num) from mlv_order_detail d join mlv_orders o on  d.oid = o.id where DATE_SUB(CURDATE(), INTERVAL 30 DAY) <= date(o.time) and d.gid = 35  [ RunTime:0.0003s ]
INFO: [ view_parse ] --START--
INFO: [ template_filter ] --START--
INFO: Run Behavior\ContentReplaceBehavior [ RunTime:0.000431s ]
INFO: [ template_filter ] --END-- [ RunTime:0.000547s ]
NOTIC: [8] Undefined variable: collect /usr/local/apache2/htdocs/first/Application/Runtime/Cache/Home/46262555db768db222dbace1c7130a17.php 第 361 行.
NOTIC: [8] Undefined variable: v /usr/local/apache2/htdocs/first/Application/Runtime/Cache/Home/46262555db768db222dbace1c7130a17.php 第 409 行.
NOTIC: [8] Undefined index: userinfo /usr/local/apache2/htdocs/first/Application/Runtime/Cache/Home/46262555db768db222dbace1c7130a17.php 第 542 行.
NOTIC: [8] Undefined index: ad /usr/local/apache2/htdocs/first/Application/Runtime/Cache/Home/46262555db768db222dbace1c7130a17.php 第 545 行.
NOTIC: [8] Undefined variable: collect /usr/local/apache2/htdocs/first/Application/Runtime/Cache/Home/46262555db768db222dbace1c7130a17.php 第 584 行.
NOTIC: [8] Undefined variable: sid /usr/local/apache2/htdocs/first/Application/Runtime/Cache/Home/46262555db768db222dbace1c7130a17.php 第 952 行.
NOTIC: [8] Undefined index: goodsId /usr/local/apache2/htdocs/first/Application/Runtime/Cache/Home/46262555db768db222dbace1c7130a17.php 第 1032 行.
INFO: Run Behavior\ParseTemplateBehavior [ RunTime:0.044759s ]
INFO: [ view_parse ] --END-- [ RunTime:0.044821s ]
INFO: [ view_filter ] --START--
INFO: Run Behavior\WriteHtmlCacheBehavior [ RunTime:0.000196s ]
INFO: Run Behavior\TokenBuildBehavior [ RunTime:0.001030s ]
INFO: [ view_filter ] --END-- [ RunTime:0.001303s ]
INFO: [ app_end ] --START--
INFO: Run Behavior\ShowPageTraceBehavior [ RunTime:0.027795s ]
INFO: [ app_end ] --END-- [ RunTime:0.027929s ]

[ 2017-02-22T20:49:22+08:00 ] 192.168.42.88 /first/index.php
INFO: [ app_init ] --START--
INFO: Run Behavior\BuildLiteBehavior [ RunTime:0.000016s ]
INFO: [ app_init ] --END-- [ RunTime:0.000417s ]
INFO: [ app_begin ] --START--
INFO: Run Behavior\ReadHtmlCacheBehavior [ RunTime:0.000485s ]
INFO: [ app_begin ] --END-- [ RunTime:0.000552s ]
SQL: SHOW COLUMNS FROM `mlv_store_type` [ RunTime:0.0007s ]
SQL: SELECT * FROM `mlv_store_type`  [ RunTime:0.0002s ]
SQL: SHOW COLUMNS FROM `mlv_store` [ RunTime:0.0008s ]
SQL: SELECT * FROM `mlv_store` WHERE `status` = 1 ORDER BY clickNum desc LIMIT 0,4   [ RunTime:0.0003s ]
SQL: SHOW COLUMNS FROM `mlv_orders` [ RunTime:0.0005s ]
SQL: SELECT * FROM `mlv_orders` WHERE ( sid=6 )  [ RunTime:0.0004s ]
SQL: SHOW COLUMNS FROM `mlv_comment` [ RunTime:0.0005s ]
SQL: SELECT `level` FROM `mlv_comment` WHERE `oid` = 25 LIMIT 1   [ RunTime:0.0002s ]
SQL: SELECT `level` FROM `mlv_comment` WHERE `oid` = 31 LIMIT 1   [ RunTime:0.0001s ]
SQL: SELECT `level` FROM `mlv_comment` WHERE `oid` = 32 LIMIT 1   [ RunTime:0.0001s ]
SQL: SELECT `level` FROM `mlv_comment` WHERE `oid` = 33 LIMIT 1   [ RunTime:0.0001s ]
SQL: SELECT `level` FROM `mlv_comment` WHERE `oid` = 36 LIMIT 1   [ RunTime:0.0001s ]
SQL: SELECT `level` FROM `mlv_comment` WHERE `oid` = 37 LIMIT 1   [ RunTime:0.0001s ]
SQL: SELECT `level` FROM `mlv_comment` WHERE `oid` = 40 LIMIT 1   [ RunTime:0.0001s ]
SQL: SELECT `level` FROM `mlv_comment` WHERE `oid` = 48 LIMIT 1   [ RunTime:0.0001s ]
SQL: SELECT `level` FROM `mlv_comment` WHERE `oid` = 53 LIMIT 1   [ RunTime:0.0001s ]
SQL: SELECT `level` FROM `mlv_comment` WHERE `oid` = 54 LIMIT 1   [ RunTime:0.0001s ]
SQL: SELECT `level` FROM `mlv_comment` WHERE `oid` = 57 LIMIT 1   [ RunTime:0.0001s ]
SQL: SELECT `level` FROM `mlv_comment` WHERE `oid` = 58 LIMIT 1   [ RunTime:0.0004s ]
SQL: SELECT `level` FROM `mlv_comment` WHERE `oid` = 66 LIMIT 1   [ RunTime:0.0002s ]
SQL: SELECT `level` FROM `mlv_comment` WHERE `oid` = 67 LIMIT 1   [ RunTime:0.0001s ]
SQL: SELECT * FROM `mlv_orders` WHERE ( sid=7 )  [ RunTime:0.0002s ]
SQL: SELECT `level` FROM `mlv_comment` WHERE `oid` = 26 LIMIT 1   [ RunTime:0.0002s ]
SQL: SELECT `level` FROM `mlv_comment` WHERE `oid` = 27 LIMIT 1   [ RunTime:0.0001s ]
SQL: SELECT `level` FROM `mlv_comment` WHERE `oid` = 28 LIMIT 1   [ RunTime:0.0001s ]
SQL: SELECT `level` FROM `mlv_comment` WHERE `oid` = 29 LIMIT 1   [ RunTime:0.0001s ]
SQL: SELECT `level` FROM `mlv_comment` WHERE `oid` = 30 LIMIT 1   [ RunTime:0.0001s ]
SQL: SELECT `level` FROM `mlv_comment` WHERE `oid` = 34 LIMIT 1   [ RunTime:0.0001s ]
SQL: SELECT `level` FROM `mlv_comment` WHERE `oid` = 35 LIMIT 1   [ RunTime:0.0001s ]
SQL: SELECT `level` FROM `mlv_comment` WHERE `oid` = 38 LIMIT 1   [ RunTime:0.0001s ]
SQL: SELECT `level` FROM `mlv_comment` WHERE `oid` = 39 LIMIT 1   [ RunTime:0.0001s ]
SQL: SELECT `level` FROM `mlv_comment` WHERE `oid` = 41 LIMIT 1   [ RunTime:0.0001s ]
SQL: SELECT `level` FROM `mlv_comment` WHERE `oid` = 42 LIMIT 1   [ RunTime:0.0001s ]
SQL: SELECT `level` FROM `mlv_comment` WHERE `oid` = 43 LIMIT 1   [ RunTime:0.0001s ]
SQL: SELECT `level` FROM `mlv_comment` WHERE `oid` = 44 LIMIT 1   [ RunTime:0.0001s ]
SQL: SELECT `level` FROM `mlv_comment` WHERE `oid` = 45 LIMIT 1   [ RunTime:0.0002s ]
SQL: SELECT `level` FROM `mlv_comment` WHERE `oid` = 46 LIMIT 1   [ RunTime:0.0001s ]
SQL: SELECT `level` FROM `mlv_comment` WHERE `oid` = 47 LIMIT 1   [ RunTime:0.0001s ]
SQL: SELECT `level` FROM `mlv_comment` WHERE `oid` = 49 LIMIT 1   [ RunTime:0.0001s ]
SQL: SELECT `level` FROM `mlv_comment` WHERE `oid` = 50 LIMIT 1   [ RunTime:0.0001s ]
SQL: SELECT `level` FROM `mlv_comment` WHERE `oid` = 51 LIMIT 1   [ RunTime:0.0001s ]
SQL: SELECT `level` FROM `mlv_comment` WHERE `oid` = 52 LIMIT 1   [ RunTime:0.0001s ]
SQL: SELECT `level` FROM `mlv_comment` WHERE `oid` = 59 LIMIT 1   [ RunTime:0.0001s ]
SQL: SELECT `level` FROM `mlv_comment` WHERE `oid` = 60 LIMIT 1   [ RunTime:0.0001s ]
SQL: SELECT `level` FROM `mlv_comment` WHERE `oid` = 65 LIMIT 1   [ RunTime:0.0001s ]
SQL: SELECT * FROM `mlv_orders` WHERE ( sid=10 )  [ RunTime:0.0002s ]
SQL: SELECT `level` FROM `mlv_comment` WHERE `oid` = 63 LIMIT 1   [ RunTime:0.0001s ]
SQL: SELECT `level` FROM `mlv_comment` WHERE `oid` = 64 LIMIT 1   [ RunTime:0.0001s ]
SQL: SELECT * FROM `mlv_orders` WHERE ( sid=5 )  [ RunTime:0.0002s ]
SQL: SELECT `level` FROM `mlv_comment` WHERE `oid` = 61 LIMIT 1   [ RunTime:0.0001s ]
SQL: SHOW COLUMNS FROM `mlv_link` [ RunTime:0.0005s ]
SQL: SELECT * FROM `mlv_link`  [ RunTime:0.0001s ]
INFO: [ view_parse ] --START--
INFO: [ template_filter ] --START--
INFO: Run Behavior\ContentReplaceBehavior [ RunTime:0.000131s ]
INFO: [ template_filter ] --END-- [ RunTime:0.000200s ]
NOTIC: [8] Undefined index: collect /usr/local/apache2/htdocs/first/Application/Runtime/Cache/Home/9e3089e89de5024782352407086fba57.php 第 276 行.
NOTIC: [8] Undefined index: collect /usr/local/apache2/htdocs/first/Application/Runtime/Cache/Home/9e3089e89de5024782352407086fba57.php 第 276 行.
NOTIC: [8] Undefined index: collect /usr/local/apache2/htdocs/first/Application/Runtime/Cache/Home/9e3089e89de5024782352407086fba57.php 第 276 行.
NOTIC: [8] Undefined index: collect /usr/local/apache2/htdocs/first/Application/Runtime/Cache/Home/9e3089e89de5024782352407086fba57.php 第 276 行.
NOTIC: [8] Undefined index: userinfo /usr/local/apache2/htdocs/first/Application/Runtime/Cache/Home/9e3089e89de5024782352407086fba57.php 第 301 行.
NOTIC: [8] Array to string conversion /usr/local/apache2/htdocs/first/Application/Runtime/Cache/Home/9e3089e89de5024782352407086fba57.php 第 461 行.
INFO: Run Behavior\ParseTemplateBehavior [ RunTime:0.019393s ]
INFO: [ view_parse ] --END-- [ RunTime:0.019451s ]
INFO: [ view_filter ] --START--
INFO: Run Behavior\WriteHtmlCacheBehavior [ RunTime:0.000167s ]
INFO: Run Behavior\TokenBuildBehavior [ RunTime:0.000591s ]
INFO: [ view_filter ] --END-- [ RunTime:0.000826s ]
INFO: [ app_end ] --START--
INFO: Run Behavior\ShowPageTraceBehavior [ RunTime:0.000609s ]
INFO: [ app_end ] --END-- [ RunTime:0.000673s ]

[ 2017-02-22T20:50:54+08:00 ] 192.168.42.88 /first/index.php/Home/Store/store/id/7/level/5.0/levelper/74.html
INFO: [ app_init ] --START--
INFO: Run Behavior\BuildLiteBehavior [ RunTime:0.000014s ]
INFO: [ app_init ] --END-- [ RunTime:0.000353s ]
INFO: [ app_begin ] --START--
INFO: Run Behavior\ReadHtmlCacheBehavior [ RunTime:0.000422s ]
INFO: [ app_begin ] --END-- [ RunTime:0.000478s ]
SQL: SHOW COLUMNS FROM `mlv_store` [ RunTime:0.0007s ]
SQL: UPDATE `mlv_store` SET `clickNum`=clickNum+1 WHERE ( id=7 ) [ RunTime:0.0003s ]
SQL: SELECT * FROM `mlv_store` WHERE ( id=7 ) LIMIT 1   [ RunTime:0.0002s ]
SQL: SHOW COLUMNS FROM `mlv_orders` [ RunTime:0.0004s ]
SQL: SELECT * FROM `mlv_orders` WHERE ( sid=7 )  [ RunTime:0.0003s ]
SQL: SHOW COLUMNS FROM `mlv_comment` [ RunTime:0.0004s ]
SQL: SELECT `level` FROM `mlv_comment` WHERE `oid` = 26 LIMIT 1   [ RunTime:0.0001s ]
SQL: SELECT `level` FROM `mlv_comment` WHERE `oid` = 27 LIMIT 1   [ RunTime:0.0001s ]
SQL: SELECT `level` FROM `mlv_comment` WHERE `oid` = 28 LIMIT 1   [ RunTime:0.0001s ]
SQL: SELECT `level` FROM `mlv_comment` WHERE `oid` = 29 LIMIT 1   [ RunTime:0.0001s ]
SQL: SELECT `level` FROM `mlv_comment` WHERE `oid` = 30 LIMIT 1   [ RunTime:0.0001s ]
SQL: SELECT `level` FROM `mlv_comment` WHERE `oid` = 34 LIMIT 1   [ RunTime:0.0001s ]
SQL: SELECT `level` FROM `mlv_comment` WHERE `oid` = 35 LIMIT 1   [ RunTime:0.0003s ]
SQL: SELECT `level` FROM `mlv_comment` WHERE `oid` = 38 LIMIT 1   [ RunTime:0.0001s ]
SQL: SELECT `level` FROM `mlv_comment` WHERE `oid` = 39 LIMIT 1   [ RunTime:0.0001s ]
SQL: SELECT `level` FROM `mlv_comment` WHERE `oid` = 41 LIMIT 1   [ RunTime:0.0002s ]
SQL: SELECT `level` FROM `mlv_comment` WHERE `oid` = 42 LIMIT 1   [ RunTime:0.0001s ]
SQL: SELECT `level` FROM `mlv_comment` WHERE `oid` = 43 LIMIT 1   [ RunTime:0.0001s ]
SQL: SELECT `level` FROM `mlv_comment` WHERE `oid` = 44 LIMIT 1   [ RunTime:0.0001s ]
SQL: SELECT `level` FROM `mlv_comment` WHERE `oid` = 45 LIMIT 1   [ RunTime:0.0001s ]
SQL: SELECT `level` FROM `mlv_comment` WHERE `oid` = 46 LIMIT 1   [ RunTime:0.0001s ]
SQL: SELECT `level` FROM `mlv_comment` WHERE `oid` = 47 LIMIT 1   [ RunTime:0.0001s ]
SQL: SELECT `level` FROM `mlv_comment` WHERE `oid` = 49 LIMIT 1   [ RunTime:0.0001s ]
SQL: SELECT `level` FROM `mlv_comment` WHERE `oid` = 50 LIMIT 1   [ RunTime:0.0001s ]
SQL: SELECT `level` FROM `mlv_comment` WHERE `oid` = 51 LIMIT 1   [ RunTime:0.0001s ]
SQL: SELECT `level` FROM `mlv_comment` WHERE `oid` = 52 LIMIT 1   [ RunTime:0.0001s ]
SQL: SELECT `level` FROM `mlv_comment` WHERE `oid` = 59 LIMIT 1   [ RunTime:0.0001s ]
SQL: SELECT `level` FROM `mlv_comment` WHERE `oid` = 60 LIMIT 1   [ RunTime:0.0001s ]
SQL: SELECT `level` FROM `mlv_comment` WHERE `oid` = 65 LIMIT 1   [ RunTime:0.0001s ]
SQL:  SELECT count(*)  from (SELECT * FROM `mlv_store` ORDER BY atime) as a where atime >= (SELECT atime AND status=1 from `mlv_store` where id = '7') [ RunTime:0.0004s ]
SQL: SELECT count(*) FROM mlv_store WHERE status=1 limit 1 [ RunTime:0.0001s ]
SQL: SHOW COLUMNS FROM `mlv_goods_type` [ RunTime:0.0004s ]
SQL: SELECT `id`,`name` FROM `mlv_goods_type` WHERE ( sid=7 )  [ RunTime:0.0001s ]
SQL: SHOW COLUMNS FROM `mlv_goods` [ RunTime:0.0004s ]
SQL: SELECT * FROM `mlv_goods` WHERE ( tid=13 )  [ RunTime:0.0002s ]
SQL: SHOW COLUMNS FROM `mlv_order_detail` [ RunTime:0.0003s ]
SQL: SELECT `oid` FROM `mlv_order_detail` WHERE ( gid=22 )  [ RunTime:0.0002s ]
SQL: SELECT sum(d.num) from mlv_order_detail d join mlv_orders o on  d.oid = o.id where DATE_SUB(CURDATE(), INTERVAL 30 DAY) <= date(o.time) and d.gid = 22  [ RunTime:0.0003s ]
SQL: SELECT `oid` FROM `mlv_order_detail` WHERE ( gid=23 )  [ RunTime:0.0001s ]
SQL: SELECT sum(d.num) from mlv_order_detail d join mlv_orders o on  d.oid = o.id where DATE_SUB(CURDATE(), INTERVAL 30 DAY) <= date(o.time) and d.gid = 23  [ RunTime:0.0002s ]
SQL: SELECT `oid` FROM `mlv_order_detail` WHERE ( gid=24 )  [ RunTime:0.0001s ]
SQL: SELECT sum(d.num) from mlv_order_detail d join mlv_orders o on  d.oid = o.id where DATE_SUB(CURDATE(), INTERVAL 30 DAY) <= date(o.time) and d.gid = 24  [ RunTime:0.0002s ]
SQL: SELECT `oid` FROM `mlv_order_detail` WHERE ( gid=25 )  [ RunTime:0.0001s ]
SQL: SELECT sum(d.num) from mlv_order_detail d join mlv_orders o on  d.oid = o.id where DATE_SUB(CURDATE(), INTERVAL 30 DAY) <= date(o.time) and d.gid = 25  [ RunTime:0.0002s ]
SQL: SELECT * FROM `mlv_goods` WHERE ( tid=14 )  [ RunTime:0.0002s ]
SQL: SELECT `oid` FROM `mlv_order_detail` WHERE ( gid=26 )  [ RunTime:0.0001s ]
SQL: SELECT sum(d.num) from mlv_order_detail d join mlv_orders o on  d.oid = o.id where DATE_SUB(CURDATE(), INTERVAL 30 DAY) <= date(o.time) and d.gid = 26  [ RunTime:0.0002s ]
SQL: SELECT `oid` FROM `mlv_order_detail` WHERE ( gid=27 )  [ RunTime:0.0001s ]
SQL: SELECT sum(d.num) from mlv_order_detail d join mlv_orders o on  d.oid = o.id where DATE_SUB(CURDATE(), INTERVAL 30 DAY) <= date(o.time) and d.gid = 27  [ RunTime:0.0002s ]
SQL: SELECT * FROM `mlv_goods` WHERE ( tid=15 )  [ RunTime:0.0002s ]
SQL: SELECT `oid` FROM `mlv_order_detail` WHERE ( gid=28 )  [ RunTime:0.0001s ]
SQL: SELECT sum(d.num) from mlv_order_detail d join mlv_orders o on  d.oid = o.id where DATE_SUB(CURDATE(), INTERVAL 30 DAY) <= date(o.time) and d.gid = 28  [ RunTime:0.0002s ]
SQL: SELECT `oid` FROM `mlv_order_detail` WHERE ( gid=30 )  [ RunTime:0.0001s ]
SQL: SELECT sum(d.num) from mlv_order_detail d join mlv_orders o on  d.oid = o.id where DATE_SUB(CURDATE(), INTERVAL 30 DAY) <= date(o.time) and d.gid = 30  [ RunTime:0.0002s ]
SQL: SELECT * FROM `mlv_goods` WHERE ( tid=19 )  [ RunTime:0.0002s ]
SQL: SELECT `oid` FROM `mlv_order_detail` WHERE ( gid=33 )  [ RunTime:0.0001s ]
SQL: SELECT `oid` FROM `mlv_order_detail` WHERE ( gid=34 )  [ RunTime:0.0001s ]
SQL: SELECT `oid` FROM `mlv_order_detail` WHERE ( gid=35 )  [ RunTime:0.0001s ]
SQL: SELECT sum(d.num) from mlv_order_detail d join mlv_orders o on  d.oid = o.id where DATE_SUB(CURDATE(), INTERVAL 30 DAY) <= date(o.time) and d.gid = 35  [ RunTime:0.0002s ]
INFO: [ view_parse ] --START--
INFO: [ template_filter ] --START--
INFO: Run Behavior\ContentReplaceBehavior [ RunTime:0.000296s ]
INFO: [ template_filter ] --END-- [ RunTime:0.000363s ]
NOTIC: [8] Undefined variable: collect /usr/local/apache2/htdocs/first/Application/Runtime/Cache/Home/46262555db768db222dbace1c7130a17.php 第 361 行.
NOTIC: [8] Undefined variable: v /usr/local/apache2/htdocs/first/Application/Runtime/Cache/Home/46262555db768db222dbace1c7130a17.php 第 409 行.
NOTIC: [8] Undefined index: userinfo /usr/local/apache2/htdocs/first/Application/Runtime/Cache/Home/46262555db768db222dbace1c7130a17.php 第 542 行.
NOTIC: [8] Undefined index: ad /usr/local/apache2/htdocs/first/Application/Runtime/Cache/Home/46262555db768db222dbace1c7130a17.php 第 545 行.
NOTIC: [8] Undefined variable: collect /usr/local/apache2/htdocs/first/Application/Runtime/Cache/Home/46262555db768db222dbace1c7130a17.php 第 584 行.
NOTIC: [8] Undefined variable: sid /usr/local/apache2/htdocs/first/Application/Runtime/Cache/Home/46262555db768db222dbace1c7130a17.php 第 952 行.
NOTIC: [8] Undefined index: goodsId /usr/local/apache2/htdocs/first/Application/Runtime/Cache/Home/46262555db768db222dbace1c7130a17.php 第 1032 行.
INFO: Run Behavior\ParseTemplateBehavior [ RunTime:0.027579s ]
INFO: [ view_parse ] --END-- [ RunTime:0.027622s ]
INFO: [ view_filter ] --START--
INFO: Run Behavior\WriteHtmlCacheBehavior [ RunTime:0.000151s ]
INFO: Run Behavior\TokenBuildBehavior [ RunTime:0.000617s ]
INFO: [ view_filter ] --END-- [ RunTime:0.000831s ]
INFO: [ app_end ] --START--
INFO: Run Behavior\ShowPageTraceBehavior [ RunTime:0.000539s ]
INFO: [ app_end ] --END-- [ RunTime:0.000595s ]

[ 2017-02-22T20:51:18+08:00 ] 192.168.42.88 /first/index.php/Home/ShopCar/ajaxAdd.html
INFO: [ app_init ] --START--
INFO: Run Behavior\BuildLiteBehavior [ RunTime:0.000013s ]
INFO: [ app_init ] --END-- [ RunTime:0.000443s ]
INFO: [ app_begin ] --START--
INFO: Run Behavior\ReadHtmlCacheBehavior [ RunTime:0.000537s ]
INFO: [ app_begin ] --END-- [ RunTime:0.000623s ]
SQL: SHOW COLUMNS FROM `mlv_goods` [ RunTime:0.0007s ]
SQL: SELECT * FROM `mlv_goods` WHERE `id` = 23 LIMIT 1   [ RunTime:0.0003s ]

[ 2017-02-22T20:51:19+08:00 ] 192.168.42.88 /first/index.php/Home/ShopCar/ajaxAdd.html
INFO: [ app_init ] --START--
INFO: Run Behavior\BuildLiteBehavior [ RunTime:0.000013s ]
INFO: [ app_init ] --END-- [ RunTime:0.000293s ]
INFO: [ app_begin ] --START--
INFO: Run Behavior\ReadHtmlCacheBehavior [ RunTime:0.000530s ]
INFO: [ app_begin ] --END-- [ RunTime:0.000583s ]
SQL: SHOW COLUMNS FROM `mlv_goods` [ RunTime:0.0006s ]
SQL: SELECT * FROM `mlv_goods` WHERE `id` = 23 LIMIT 1   [ RunTime:0.0002s ]

[ 2017-02-22T20:51:19+08:00 ] 192.168.42.88 /first/index.php/Home/ShopCar/ajaxAdd.html
INFO: [ app_init ] --START--
INFO: Run Behavior\BuildLiteBehavior [ RunTime:0.000014s ]
INFO: [ app_init ] --END-- [ RunTime:0.000293s ]
INFO: [ app_begin ] --START--
INFO: Run Behavior\ReadHtmlCacheBehavior [ RunTime:0.000432s ]
INFO: [ app_begin ] --END-- [ RunTime:0.000478s ]
SQL: SHOW COLUMNS FROM `mlv_goods` [ RunTime:0.0006s ]
SQL: SELECT * FROM `mlv_goods` WHERE `id` = 23 LIMIT 1   [ RunTime:0.0002s ]

[ 2017-02-22T20:51:19+08:00 ] 192.168.42.88 /first/index.php/Home/ShopCar/ajaxAdd.html
INFO: [ app_init ] --START--
INFO: Run Behavior\BuildLiteBehavior [ RunTime:0.000014s ]
INFO: [ app_init ] --END-- [ RunTime:0.000299s ]
INFO: [ app_begin ] --START--
INFO: Run Behavior\ReadHtmlCacheBehavior [ RunTime:0.000388s ]
INFO: [ app_begin ] --END-- [ RunTime:0.000515s ]
SQL: SHOW COLUMNS FROM `mlv_goods` [ RunTime:0.0005s ]
SQL: SELECT * FROM `mlv_goods` WHERE `id` = 23 LIMIT 1   [ RunTime:0.0002s ]

[ 2017-02-22T20:51:20+08:00 ] 192.168.42.88 /first/index.php/Home/ShopCar/ajaxAdd.html
INFO: [ app_init ] --START--
INFO: Run Behavior\BuildLiteBehavior [ RunTime:0.000014s ]
INFO: [ app_init ] --END-- [ RunTime:0.000303s ]
INFO: [ app_begin ] --START--
INFO: Run Behavior\ReadHtmlCacheBehavior [ RunTime:0.000388s ]
INFO: [ app_begin ] --END-- [ RunTime:0.000431s ]
SQL: SHOW COLUMNS FROM `mlv_goods` [ RunTime:0.0005s ]
SQL: SELECT * FROM `mlv_goods` WHERE `id` = 23 LIMIT 1   [ RunTime:0.0002s ]

[ 2017-02-22T20:51:25+08:00 ] 192.168.42.88 /first/index.php/Home/Orders/saleOrders.html
INFO: [ app_init ] --START--
INFO: Run Behavior\BuildLiteBehavior [ RunTime:0.000015s ]
INFO: [ app_init ] --END-- [ RunTime:0.000353s ]
INFO: [ app_begin ] --START--
INFO: Run Behavior\ReadHtmlCacheBehavior [ RunTime:0.000469s ]
INFO: [ app_begin ] --END-- [ RunTime:0.000553s ]
NOTIC: [8] Undefined index: userinfo /usr/local/apache2/htdocs/first/Application/Home/Controller/CommonController.class.php 第 17 行.
INFO: [ view_parse ] --START--
INFO: [ template_filter ] --START--
INFO: Run Behavior\ContentReplaceBehavior [ RunTime:0.000061s ]
INFO: [ template_filter ] --END-- [ RunTime:0.000166s ]
INFO: Run Behavior\ParseTemplateBehavior [ RunTime:0.007040s ]
INFO: [ view_parse ] --END-- [ RunTime:0.007122s ]
INFO: [ view_filter ] --START--
INFO: Run Behavior\WriteHtmlCacheBehavior [ RunTime:0.000136s ]
INFO: Run Behavior\TokenBuildBehavior [ RunTime:0.000320s ]
INFO: [ view_filter ] --END-- [ RunTime:0.000550s ]

[ 2017-02-22T20:51:27+08:00 ] 192.168.42.88 /first/index.php/Home/Login/LoginExtends.html
INFO: [ app_init ] --START--
INFO: Run Behavior\BuildLiteBehavior [ RunTime:0.000016s ]
INFO: [ app_init ] --END-- [ RunTime:0.000316s ]
INFO: [ app_begin ] --START--
INFO: Run Behavior\ReadHtmlCacheBehavior [ RunTime:0.000441s ]
INFO: [ app_begin ] --END-- [ RunTime:0.000494s ]
NOTIC: [2] include_once(class.phpmailer.php): failed to open stream: No such file or directory /usr/local/apache2/htdocs/first/Application/Home/Controller/LoginController.class.php 第 7 行.
NOTIC: [2] include_once(): Failed opening 'class.phpmailer.php' for inclusion (include_path='.:') /usr/local/apache2/htdocs/first/Application/Home/Controller/LoginController.class.php 第 7 行.
NOTIC: [2] include_once(class.smtp.php): failed to open stream: No such file or directory /usr/local/apache2/htdocs/first/Application/Home/Controller/LoginController.class.php 第 9 行.
NOTIC: [2] include_once(): Failed opening 'class.smtp.php' for inclusion (include_path='.:') /usr/local/apache2/htdocs/first/Application/Home/Controller/LoginController.class.php 第 9 行.
INFO: [ view_parse ] --START--
INFO: [ template_filter ] --START--
INFO: Run Behavior\ContentReplaceBehavior [ RunTime:0.000103s ]
INFO: [ template_filter ] --END-- [ RunTime:0.000165s ]
INFO: Run Behavior\ParseTemplateBehavior [ RunTime:0.009843s ]
INFO: [ view_parse ] --END-- [ RunTime:0.009893s ]
INFO: [ view_filter ] --START--
INFO: Run Behavior\WriteHtmlCacheBehavior [ RunTime:0.000140s ]
INFO: Run Behavior\TokenBuildBehavior [ RunTime:0.000375s ]
INFO: [ view_filter ] --END-- [ RunTime:0.000581s ]
INFO: [ app_end ] --START--
INFO: Run Behavior\ShowPageTraceBehavior [ RunTime:0.001090s ]
INFO: [ app_end ] --END-- [ RunTime:0.001147s ]

[ 2017-02-22T20:51:27+08:00 ] 192.168.42.88 /first/index.php/Home/Login/makeCode.html
INFO: [ app_init ] --START--
INFO: Run Behavior\BuildLiteBehavior [ RunTime:0.000012s ]
INFO: [ app_init ] --END-- [ RunTime:0.000288s ]
INFO: [ app_begin ] --START--
INFO: Run Behavior\ReadHtmlCacheBehavior [ RunTime:0.000396s ]
INFO: [ app_begin ] --END-- [ RunTime:0.000443s ]
NOTIC: [2] include_once(class.phpmailer.php): failed to open stream: No such file or directory /usr/local/apache2/htdocs/first/Application/Home/Controller/LoginController.class.php 第 7 行.
NOTIC: [2] include_once(): Failed opening 'class.phpmailer.php' for inclusion (include_path='.:') /usr/local/apache2/htdocs/first/Application/Home/Controller/LoginController.class.php 第 7 行.
NOTIC: [2] include_once(class.smtp.php): failed to open stream: No such file or directory /usr/local/apache2/htdocs/first/Application/Home/Controller/LoginController.class.php 第 9 行.
NOTIC: [2] include_once(): Failed opening 'class.smtp.php' for inclusion (include_path='.:') /usr/local/apache2/htdocs/first/Application/Home/Controller/LoginController.class.php 第 9 行.
INFO: [ app_end ] --START--
INFO: Run Behavior\ShowPageTraceBehavior [ RunTime:0.000500s ]
INFO: [ app_end ] --END-- [ RunTime:0.000572s ]

[ 2017-02-22T21:18:10+08:00 ] 192.168.42.15 /first/index.php
INFO: [ app_init ] --START--
INFO: Run Behavior\BuildLiteBehavior [ RunTime:0.000022s ]
INFO: [ app_init ] --END-- [ RunTime:0.000469s ]
INFO: [ app_begin ] --START--
INFO: Run Behavior\ReadHtmlCacheBehavior [ RunTime:0.000492s ]
INFO: [ app_begin ] --END-- [ RunTime:0.000584s ]
SQL: SHOW COLUMNS FROM `mlv_store_type` [ RunTime:0.0004s ]
SQL: SELECT * FROM `mlv_store_type`  [ RunTime:0.0002s ]
SQL: SHOW COLUMNS FROM `mlv_store` [ RunTime:0.0009s ]
SQL: SELECT * FROM `mlv_store` WHERE `status` = 1 ORDER BY clickNum desc LIMIT 0,4   [ RunTime:0.0003s ]
SQL: SHOW COLUMNS FROM `mlv_orders` [ RunTime:0.0004s ]
SQL: SELECT * FROM `mlv_orders` WHERE ( sid=6 )  [ RunTime:0.0003s ]
SQL: SHOW COLUMNS FROM `mlv_comment` [ RunTime:0.0004s ]
SQL: SELECT `level` FROM `mlv_comment` WHERE `oid` = 25 LIMIT 1   [ RunTime:0.0001s ]
SQL: SELECT `level` FROM `mlv_comment` WHERE `oid` = 31 LIMIT 1   [ RunTime:0.0001s ]
SQL: SELECT `level` FROM `mlv_comment` WHERE `oid` = 32 LIMIT 1   [ RunTime:0.0001s ]
SQL: SELECT `level` FROM `mlv_comment` WHERE `oid` = 33 LIMIT 1   [ RunTime:0.0001s ]
SQL: SELECT `level` FROM `mlv_comment` WHERE `oid` = 36 LIMIT 1   [ RunTime:0.0001s ]
SQL: SELECT `level` FROM `mlv_comment` WHERE `oid` = 37 LIMIT 1   [ RunTime:0.0001s ]
SQL: SELECT `level` FROM `mlv_comment` WHERE `oid` = 40 LIMIT 1   [ RunTime:0.0001s ]
SQL: SELECT `level` FROM `mlv_comment` WHERE `oid` = 48 LIMIT 1   [ RunTime:0.0001s ]
SQL: SELECT `level` FROM `mlv_comment` WHERE `oid` = 53 LIMIT 1   [ RunTime:0.0001s ]
SQL: SELECT `level` FROM `mlv_comment` WHERE `oid` = 54 LIMIT 1   [ RunTime:0.0001s ]
SQL: SELECT `level` FROM `mlv_comment` WHERE `oid` = 57 LIMIT 1   [ RunTime:0.0001s ]
SQL: SELECT `level` FROM `mlv_comment` WHERE `oid` = 58 LIMIT 1   [ RunTime:0.0001s ]
SQL: SELECT `level` FROM `mlv_comment` WHERE `oid` = 66 LIMIT 1   [ RunTime:0.0001s ]
SQL: SELECT `level` FROM `mlv_comment` WHERE `oid` = 67 LIMIT 1   [ RunTime:0.0001s ]
SQL: SELECT * FROM `mlv_orders` WHERE ( sid=7 )  [ RunTime:0.0002s ]
SQL: SELECT `level` FROM `mlv_comment` WHERE `oid` = 26 LIMIT 1   [ RunTime:0.0001s ]
SQL: SELECT `level` FROM `mlv_comment` WHERE `oid` = 27 LIMIT 1   [ RunTime:0.0001s ]
SQL: SELECT `level` FROM `mlv_comment` WHERE `oid` = 28 LIMIT 1   [ RunTime:0.0001s ]
SQL: SELECT `level` FROM `mlv_comment` WHERE `oid` = 29 LIMIT 1   [ RunTime:0.0001s ]
SQL: SELECT `level` FROM `mlv_comment` WHERE `oid` = 30 LIMIT 1   [ RunTime:0.0001s ]
SQL: SELECT `level` FROM `mlv_comment` WHERE `oid` = 34 LIMIT 1   [ RunTime:0.0001s ]
SQL: SELECT `level` FROM `mlv_comment` WHERE `oid` = 35 LIMIT 1   [ RunTime:0.0001s ]
SQL: SELECT `level` FROM `mlv_comment` WHERE `oid` = 38 LIMIT 1   [ RunTime:0.0001s ]
SQL: SELECT `level` FROM `mlv_comment` WHERE `oid` = 39 LIMIT 1   [ RunTime:0.0001s ]
SQL: SELECT `level` FROM `mlv_comment` WHERE `oid` = 41 LIMIT 1   [ RunTime:0.0001s ]
SQL: SELECT `level` FROM `mlv_comment` WHERE `oid` = 42 LIMIT 1   [ RunTime:0.0001s ]
SQL: SELECT `level` FROM `mlv_comment` WHERE `oid` = 43 LIMIT 1   [ RunTime:0.0001s ]
SQL: SELECT `level` FROM `mlv_comment` WHERE `oid` = 44 LIMIT 1   [ RunTime:0.0001s ]
SQL: SELECT `level` FROM `mlv_comment` WHERE `oid` = 45 LIMIT 1   [ RunTime:0.0001s ]
SQL: SELECT `level` FROM `mlv_comment` WHERE `oid` = 46 LIMIT 1   [ RunTime:0.0001s ]
SQL: SELECT `level` FROM `mlv_comment` WHERE `oid` = 47 LIMIT 1   [ RunTime:0.0001s ]
SQL: SELECT `level` FROM `mlv_comment` WHERE `oid` = 49 LIMIT 1   [ RunTime:0.0001s ]
SQL: SELECT `level` FROM `mlv_comment` WHERE `oid` = 50 LIMIT 1   [ RunTime:0.0001s ]
SQL: SELECT `level` FROM `mlv_comment` WHERE `oid` = 51 LIMIT 1   [ RunTime:0.0001s ]
SQL: SELECT `level` FROM `mlv_comment` WHERE `oid` = 52 LIMIT 1   [ RunTime:0.0001s ]
SQL: SELECT `level` FROM `mlv_comment` WHERE `oid` = 59 LIMIT 1   [ RunTime:0.0001s ]
SQL: SELECT `level` FROM `mlv_comment` WHERE `oid` = 60 LIMIT 1   [ RunTime:0.0001s ]
SQL: SELECT `level` FROM `mlv_comment` WHERE `oid` = 65 LIMIT 1   [ RunTime:0.0001s ]
SQL: SELECT * FROM `mlv_orders` WHERE ( sid=10 )  [ RunTime:0.0002s ]
SQL: SELECT `level` FROM `mlv_comment` WHERE `oid` = 63 LIMIT 1   [ RunTime:0.0007s ]
SQL: SELECT `level` FROM `mlv_comment` WHERE `oid` = 64 LIMIT 1   [ RunTime:0.0001s ]
SQL: SELECT * FROM `mlv_orders` WHERE ( sid=5 )  [ RunTime:0.0002s ]
SQL: SELECT `level` FROM `mlv_comment` WHERE `oid` = 61 LIMIT 1   [ RunTime:0.0001s ]
SQL: SHOW COLUMNS FROM `mlv_link` [ RunTime:0.0005s ]
SQL: SELECT * FROM `mlv_link`  [ RunTime:0.0001s ]
INFO: [ view_parse ] --START--
INFO: [ template_filter ] --START--
INFO: Run Behavior\ContentReplaceBehavior [ RunTime:0.000144s ]
INFO: [ template_filter ] --END-- [ RunTime:0.000203s ]
NOTIC: [8] Undefined index: collect /usr/local/apache2/htdocs/first/Application/Runtime/Cache/Home/9e3089e89de5024782352407086fba57.php 第 276 行.
NOTIC: [8] Undefined index: collect /usr/local/apache2/htdocs/first/Application/Runtime/Cache/Home/9e3089e89de5024782352407086fba57.php 第 276 行.
NOTIC: [8] Undefined index: collect /usr/local/apache2/htdocs/first/Application/Runtime/Cache/Home/9e3089e89de5024782352407086fba57.php 第 276 行.
NOTIC: [8] Undefined index: collect /usr/local/apache2/htdocs/first/Application/Runtime/Cache/Home/9e3089e89de5024782352407086fba57.php 第 276 行.
NOTIC: [8] Undefined index: userinfo /usr/local/apache2/htdocs/first/Application/Runtime/Cache/Home/9e3089e89de5024782352407086fba57.php 第 301 行.
NOTIC: [8] Array to string conversion /usr/local/apache2/htdocs/first/Application/Runtime/Cache/Home/9e3089e89de5024782352407086fba57.php 第 461 行.
INFO: Run Behavior\ParseTemplateBehavior [ RunTime:0.017850s ]
INFO: [ view_parse ] --END-- [ RunTime:0.017896s ]
INFO: [ view_filter ] --START--
INFO: Run Behavior\WriteHtmlCacheBehavior [ RunTime:0.000152s ]
INFO: Run Behavior\TokenBuildBehavior [ RunTime:0.000506s ]
INFO: [ view_filter ] --END-- [ RunTime:0.000721s ]
INFO: [ app_end ] --START--
INFO: Run Behavior\ShowPageTraceBehavior [ RunTime:0.000486s ]
INFO: [ app_end ] --END-- [ RunTime:0.000543s ]

[ 2017-02-22T21:18:14+08:00 ] 192.168.42.15 /first/index.php
INFO: [ app_init ] --START--
INFO: Run Behavior\BuildLiteBehavior [ RunTime:0.000015s ]
INFO: [ app_init ] --END-- [ RunTime:0.000303s ]
INFO: [ app_begin ] --START--
INFO: Run Behavior\ReadHtmlCacheBehavior [ RunTime:0.000462s ]
INFO: [ app_begin ] --END-- [ RunTime:0.000510s ]
SQL: SHOW COLUMNS FROM `mlv_store_type` [ RunTime:0.0005s ]
SQL: SELECT * FROM `mlv_store_type`  [ RunTime:0.0001s ]
SQL: SHOW COLUMNS FROM `mlv_store` [ RunTime:0.0007s ]
SQL: SELECT * FROM `mlv_store` WHERE `status` = 1 ORDER BY clickNum desc LIMIT 0,4   [ RunTime:0.0003s ]
SQL: SHOW COLUMNS FROM `mlv_orders` [ RunTime:0.0007s ]
SQL: SELECT * FROM `mlv_orders` WHERE ( sid=6 )  [ RunTime:0.0003s ]
SQL: SHOW COLUMNS FROM `mlv_comment` [ RunTime:0.0004s ]
SQL: SELECT `level` FROM `mlv_comment` WHERE `oid` = 25 LIMIT 1   [ RunTime:0.0002s ]
SQL: SELECT `level` FROM `mlv_comment` WHERE `oid` = 31 LIMIT 1   [ RunTime:0.0001s ]
SQL: SELECT `level` FROM `mlv_comment` WHERE `oid` = 32 LIMIT 1   [ RunTime:0.0001s ]
SQL: SELECT `level` FROM `mlv_comment` WHERE `oid` = 33 LIMIT 1   [ RunTime:0.0001s ]
SQL: SELECT `level` FROM `mlv_comment` WHERE `oid` = 36 LIMIT 1   [ RunTime:0.0001s ]
SQL: SELECT `level` FROM `mlv_comment` WHERE `oid` = 37 LIMIT 1   [ RunTime:0.0001s ]
SQL: SELECT `level` FROM `mlv_comment` WHERE `oid` = 40 LIMIT 1   [ RunTime:0.0001s ]
SQL: SELECT `level` FROM `mlv_comment` WHERE `oid` = 48 LIMIT 1   [ RunTime:0.0001s ]
SQL: SELECT `level` FROM `mlv_comment` WHERE `oid` = 53 LIMIT 1   [ RunTime:0.0001s ]
SQL: SELECT `level` FROM `mlv_comment` WHERE `oid` = 54 LIMIT 1   [ RunTime:0.0001s ]
SQL: SELECT `level` FROM `mlv_comment` WHERE `oid` = 57 LIMIT 1   [ RunTime:0.0001s ]
SQL: SELECT `level` FROM `mlv_comment` WHERE `oid` = 58 LIMIT 1   [ RunTime:0.0001s ]
SQL: SELECT `level` FROM `mlv_comment` WHERE `oid` = 66 LIMIT 1   [ RunTime:0.0001s ]
SQL: SELECT `level` FROM `mlv_comment` WHERE `oid` = 67 LIMIT 1   [ RunTime:0.0001s ]
SQL: SELECT * FROM `mlv_orders` WHERE ( sid=7 )  [ RunTime:0.0002s ]
SQL: SELECT `level` FROM `mlv_comment` WHERE `oid` = 26 LIMIT 1   [ RunTime:0.0003s ]
SQL: SELECT `level` FROM `mlv_comment` WHERE `oid` = 27 LIMIT 1   [ RunTime:0.0001s ]
SQL: SELECT `level` FROM `mlv_comment` WHERE `oid` = 28 LIMIT 1   [ RunTime:0.0001s ]
SQL: SELECT `level` FROM `mlv_comment` WHERE `oid` = 29 LIMIT 1   [ RunTime:0.0001s ]
SQL: SELECT `level` FROM `mlv_comment` WHERE `oid` = 30 LIMIT 1   [ RunTime:0.0001s ]
SQL: SELECT `level` FROM `mlv_comment` WHERE `oid` = 34 LIMIT 1   [ RunTime:0.0001s ]
SQL: SELECT `level` FROM `mlv_comment` WHERE `oid` = 35 LIMIT 1   [ RunTime:0.0001s ]
SQL: SELECT `level` FROM `mlv_comment` WHERE `oid` = 38 LIMIT 1   [ RunTime:0.0001s ]
SQL: SELECT `level` FROM `mlv_comment` WHERE `oid` = 39 LIMIT 1   [ RunTime:0.0001s ]
SQL: SELECT `level` FROM `mlv_comment` WHERE `oid` = 41 LIMIT 1   [ RunTime:0.0001s ]
SQL: SELECT `level` FROM `mlv_comment` WHERE `oid` = 42 LIMIT 1   [ RunTime:0.0001s ]
SQL: SELECT `level` FROM `mlv_comment` WHERE `oid` = 43 LIMIT 1   [ RunTime:0.0001s ]
SQL: SELECT `level` FROM `mlv_comment` WHERE `oid` = 44 LIMIT 1   [ RunTime:0.0001s ]
SQL: SELECT `level` FROM `mlv_comment` WHERE `oid` = 45 LIMIT 1   [ RunTime:0.0001s ]
SQL: SELECT `level` FROM `mlv_comment` WHERE `oid` = 46 LIMIT 1   [ RunTime:0.0001s ]
SQL: SELECT `level` FROM `mlv_comment` WHERE `oid` = 47 LIMIT 1   [ RunTime:0.0001s ]
SQL: SELECT `level` FROM `mlv_comment` WHERE `oid` = 49 LIMIT 1   [ RunTime:0.0001s ]
SQL: SELECT `level` FROM `mlv_comment` WHERE `oid` = 50 LIMIT 1   [ RunTime:0.0001s ]
SQL: SELECT `level` FROM `mlv_comment` WHERE `oid` = 51 LIMIT 1   [ RunTime:0.0001s ]
SQL: SELECT `level` FROM `mlv_comment` WHERE `oid` = 52 LIMIT 1   [ RunTime:0.0001s ]
SQL: SELECT `level` FROM `mlv_comment` WHERE `oid` = 59 LIMIT 1   [ RunTime:0.0001s ]
SQL: SELECT `level` FROM `mlv_comment` WHERE `oid` = 60 LIMIT 1   [ RunTime:0.0001s ]
SQL: SELECT `level` FROM `mlv_comment` WHERE `oid` = 65 LIMIT 1   [ RunTime:0.0001s ]
SQL: SELECT * FROM `mlv_orders` WHERE ( sid=10 )  [ RunTime:0.0002s ]
SQL: SELECT `level` FROM `mlv_comment` WHERE `oid` = 63 LIMIT 1   [ RunTime:0.0001s ]
SQL: SELECT `level` FROM `mlv_comment` WHERE `oid` = 64 LIMIT 1   [ RunTime:0.0001s ]
SQL: SELECT * FROM `mlv_orders` WHERE ( sid=5 )  [ RunTime:0.0002s ]
SQL: SELECT `level` FROM `mlv_comment` WHERE `oid` = 61 LIMIT 1   [ RunTime:0.0001s ]
SQL: SHOW COLUMNS FROM `mlv_link` [ RunTime:0.0010s ]
SQL: SELECT * FROM `mlv_link`  [ RunTime:0.0002s ]
INFO: [ view_parse ] --START--
INFO: [ template_filter ] --START--
INFO: Run Behavior\ContentReplaceBehavior [ RunTime:0.000183s ]
INFO: [ template_filter ] --END-- [ RunTime:0.000248s ]
NOTIC: [8] Undefined index: collect /usr/local/apache2/htdocs/first/Application/Runtime/Cache/Home/9e3089e89de5024782352407086fba57.php 第 276 行.
NOTIC: [8] Undefined index: collect /usr/local/apache2/htdocs/first/Application/Runtime/Cache/Home/9e3089e89de5024782352407086fba57.php 第 276 行.
NOTIC: [8] Undefined index: collect /usr/local/apache2/htdocs/first/Application/Runtime/Cache/Home/9e3089e89de5024782352407086fba57.php 第 276 行.
NOTIC: [8] Undefined index: collect /usr/local/apache2/htdocs/first/Application/Runtime/Cache/Home/9e3089e89de5024782352407086fba57.php 第 276 行.
NOTIC: [8] Undefined index: userinfo /usr/local/apache2/htdocs/first/Application/Runtime/Cache/Home/9e3089e89de5024782352407086fba57.php 第 301 行.
NOTIC: [8] Array to string conversion /usr/local/apache2/htdocs/first/Application/Runtime/Cache/Home/9e3089e89de5024782352407086fba57.php 第 461 行.
INFO: Run Behavior\ParseTemplateBehavior [ RunTime:0.018225s ]
INFO: [ view_parse ] --END-- [ RunTime:0.018279s ]
INFO: [ view_filter ] --START--
INFO: Run Behavior\WriteHtmlCacheBehavior [ RunTime:0.000174s ]
INFO: Run Behavior\TokenBuildBehavior [ RunTime:0.000463s ]
INFO: [ view_filter ] --END-- [ RunTime:0.000757s ]
INFO: [ app_end ] --START--
INFO: Run Behavior\ShowPageTraceBehavior [ RunTime:0.000467s ]
INFO: [ app_end ] --END-- [ RunTime:0.000524s ]

[ 2017-02-22T21:18:15+08:00 ] 192.168.42.15 /first/index.php
INFO: [ app_init ] --START--
INFO: Run Behavior\BuildLiteBehavior [ RunTime:0.000014s ]
INFO: [ app_init ] --END-- [ RunTime:0.000338s ]
INFO: [ app_begin ] --START--
INFO: Run Behavior\ReadHtmlCacheBehavior [ RunTime:0.000425s ]
INFO: [ app_begin ] --END-- [ RunTime:0.000481s ]
SQL: SHOW COLUMNS FROM `mlv_store_type` [ RunTime:0.0007s ]
SQL: SELECT * FROM `mlv_store_type`  [ RunTime:0.0002s ]
SQL: SHOW COLUMNS FROM `mlv_store` [ RunTime:0.0009s ]
SQL: SELECT * FROM `mlv_store` WHERE `status` = 1 ORDER BY clickNum desc LIMIT 0,4   [ RunTime:0.0005s ]
SQL: SHOW COLUMNS FROM `mlv_orders` [ RunTime:0.0009s ]
SQL: SELECT * FROM `mlv_orders` WHERE ( sid=6 )  [ RunTime:0.0003s ]
SQL: SHOW COLUMNS FROM `mlv_comment` [ RunTime:0.0005s ]
SQL: SELECT `level` FROM `mlv_comment` WHERE `oid` = 25 LIMIT 1   [ RunTime:0.0002s ]
SQL: SELECT `level` FROM `mlv_comment` WHERE `oid` = 31 LIMIT 1   [ RunTime:0.0002s ]
SQL: SELECT `level` FROM `mlv_comment` WHERE `oid` = 32 LIMIT 1   [ RunTime:0.0002s ]
SQL: SELECT `level` FROM `mlv_comment` WHERE `oid` = 33 LIMIT 1   [ RunTime:0.0002s ]
SQL: SELECT `level` FROM `mlv_comment` WHERE `oid` = 36 LIMIT 1   [ RunTime:0.0003s ]
SQL: SELECT `level` FROM `mlv_comment` WHERE `oid` = 37 LIMIT 1   [ RunTime:0.0002s ]
SQL: SELECT `level` FROM `mlv_comment` WHERE `oid` = 40 LIMIT 1   [ RunTime:0.0002s ]
SQL: SELECT `level` FROM `mlv_comment` WHERE `oid` = 48 LIMIT 1   [ RunTime:0.0002s ]
SQL: SELECT `level` FROM `mlv_comment` WHERE `oid` = 53 LIMIT 1   [ RunTime:0.0001s ]
SQL: SELECT `level` FROM `mlv_comment` WHERE `oid` = 54 LIMIT 1   [ RunTime:0.0001s ]
SQL: SELECT `level` FROM `mlv_comment` WHERE `oid` = 57 LIMIT 1   [ RunTime:0.0001s ]
SQL: SELECT `level` FROM `mlv_comment` WHERE `oid` = 58 LIMIT 1   [ RunTime:0.0001s ]
SQL: SELECT `level` FROM `mlv_comment` WHERE `oid` = 66 LIMIT 1   [ RunTime:0.0001s ]
SQL: SELECT `level` FROM `mlv_comment` WHERE `oid` = 67 LIMIT 1   [ RunTime:0.0001s ]
SQL: SELECT * FROM `mlv_orders` WHERE ( sid=7 )  [ RunTime:0.0002s ]
SQL: SELECT `level` FROM `mlv_comment` WHERE `oid` = 26 LIMIT 1   [ RunTime:0.0001s ]
SQL: SELECT `level` FROM `mlv_comment` WHERE `oid` = 27 LIMIT 1   [ RunTime:0.0003s ]
SQL: SELECT `level` FROM `mlv_comment` WHERE `oid` = 28 LIMIT 1   [ RunTime:0.0018s ]
SQL: SELECT `level` FROM `mlv_comment` WHERE `oid` = 29 LIMIT 1   [ RunTime:0.0003s ]
SQL: SELECT `level` FROM `mlv_comment` WHERE `oid` = 30 LIMIT 1   [ RunTime:0.0001s ]
SQL: SELECT `level` FROM `mlv_comment` WHERE `oid` = 34 LIMIT 1   [ RunTime:0.0002s ]
SQL: SELECT `level` FROM `mlv_comment` WHERE `oid` = 35 LIMIT 1   [ RunTime:0.0001s ]
SQL: SELECT `level` FROM `mlv_comment` WHERE `oid` = 38 LIMIT 1   [ RunTime:0.0002s ]
SQL: SELECT `level` FROM `mlv_comment` WHERE `oid` = 39 LIMIT 1   [ RunTime:0.0001s ]
SQL: SELECT `level` FROM `mlv_comment` WHERE `oid` = 41 LIMIT 1   [ RunTime:0.0001s ]
SQL: SELECT `level` FROM `mlv_comment` WHERE `oid` = 42 LIMIT 1   [ RunTime:0.0001s ]
SQL: SELECT `level` FROM `mlv_comment` WHERE `oid` = 43 LIMIT 1   [ RunTime:0.0001s ]
SQL: SELECT `level` FROM `mlv_comment` WHERE `oid` = 44 LIMIT 1   [ RunTime:0.0001s ]
SQL: SELECT `level` FROM `mlv_comment` WHERE `oid` = 45 LIMIT 1   [ RunTime:0.0002s ]
SQL: SELECT `level` FROM `mlv_comment` WHERE `oid` = 46 LIMIT 1   [ RunTime:0.0001s ]
SQL: SELECT `level` FROM `mlv_comment` WHERE `oid` = 47 LIMIT 1   [ RunTime:0.0001s ]
SQL: SELECT `level` FROM `mlv_comment` WHERE `oid` = 49 LIMIT 1   [ RunTime:0.0003s ]
SQL: SELECT `level` FROM `mlv_comment` WHERE `oid` = 50 LIMIT 1   [ RunTime:0.0002s ]
SQL: SELECT `level` FROM `mlv_comment` WHERE `oid` = 51 LIMIT 1   [ RunTime:0.0002s ]
SQL: SELECT `level` FROM `mlv_comment` WHERE `oid` = 52 LIMIT 1   [ RunTime:0.0002s ]
SQL: SELECT `level` FROM `mlv_comment` WHERE `oid` = 59 LIMIT 1   [ RunTime:0.0003s ]
SQL: SELECT `level` FROM `mlv_comment` WHERE `oid` = 60 LIMIT 1   [ RunTime:0.0002s ]
SQL: SELECT `level` FROM `mlv_comment` WHERE `oid` = 65 LIMIT 1   [ RunTime:0.0007s ]
SQL: SELECT * FROM `mlv_orders` WHERE ( sid=10 )  [ RunTime:0.0003s ]
SQL: SELECT `level` FROM `mlv_comment` WHERE `oid` = 63 LIMIT 1   [ RunTime:0.0002s ]
SQL: SELECT `level` FROM `mlv_comment` WHERE `oid` = 64 LIMIT 1   [ RunTime:0.0002s ]
SQL: SELECT * FROM `mlv_orders` WHERE ( sid=5 )  [ RunTime:0.0003s ]
SQL: SELECT `level` FROM `mlv_comment` WHERE `oid` = 61 LIMIT 1   [ RunTime:0.0002s ]
SQL: SHOW COLUMNS FROM `mlv_link` [ RunTime:0.0013s ]
SQL: SELECT * FROM `mlv_link`  [ RunTime:0.0002s ]
INFO: [ view_parse ] --START--
INFO: [ template_filter ] --START--
INFO: Run Behavior\ContentReplaceBehavior [ RunTime:0.000262s ]
INFO: [ template_filter ] --END-- [ RunTime:0.000397s ]
NOTIC: [8] Undefined index: collect /usr/local/apache2/htdocs/first/Application/Runtime/Cache/Home/9e3089e89de5024782352407086fba57.php 第 276 行.
NOTIC: [8] Undefined index: collect /usr/local/apache2/htdocs/first/Application/Runtime/Cache/Home/9e3089e89de5024782352407086fba57.php 第 276 行.
NOTIC: [8] Undefined index: collect /usr/local/apache2/htdocs/first/Application/Runtime/Cache/Home/9e3089e89de5024782352407086fba57.php 第 276 行.
NOTIC: [8] Undefined index: collect /usr/local/apache2/htdocs/first/Application/Runtime/Cache/Home/9e3089e89de5024782352407086fba57.php 第 276 行.
NOTIC: [8] Undefined index: userinfo /usr/local/apache2/htdocs/first/Application/Runtime/Cache/Home/9e3089e89de5024782352407086fba57.php 第 301 行.
NOTIC: [8] Array to string conversion /usr/local/apache2/htdocs/first/Application/Runtime/Cache/Home/9e3089e89de5024782352407086fba57.php 第 461 行.
INFO: Run Behavior\ParseTemplateBehavior [ RunTime:0.021455s ]
INFO: [ view_parse ] --END-- [ RunTime:0.022108s ]
INFO: [ view_filter ] --START--
INFO: Run Behavior\WriteHtmlCacheBehavior [ RunTime:0.000166s ]
INFO: Run Behavior\TokenBuildBehavior [ RunTime:0.000576s ]
INFO: [ view_filter ] --END-- [ RunTime:0.000814s ]
INFO: [ app_end ] --START--
INFO: Run Behavior\ShowPageTraceBehavior [ RunTime:0.000460s ]
INFO: [ app_end ] --END-- [ RunTime:0.000513s ]

[ 2017-02-22T21:18:19+08:00 ] 192.168.42.15 /first/index.php/Home/Login/LoginExtends.html
INFO: [ app_init ] --START--
INFO: Run Behavior\BuildLiteBehavior [ RunTime:0.000015s ]
INFO: [ app_init ] --END-- [ RunTime:0.000338s ]
INFO: [ app_begin ] --START--
INFO: Run Behavior\ReadHtmlCacheBehavior [ RunTime:0.000440s ]
INFO: [ app_begin ] --END-- [ RunTime:0.000499s ]
NOTIC: [2] include_once(class.phpmailer.php): failed to open stream: No such file or directory /usr/local/apache2/htdocs/first/Application/Home/Controller/LoginController.class.php 第 7 行.
NOTIC: [2] include_once(): Failed opening 'class.phpmailer.php' for inclusion (include_path='.:') /usr/local/apache2/htdocs/first/Application/Home/Controller/LoginController.class.php 第 7 行.
NOTIC: [2] include_once(class.smtp.php): failed to open stream: No such file or directory /usr/local/apache2/htdocs/first/Application/Home/Controller/LoginController.class.php 第 9 行.
NOTIC: [2] include_once(): Failed opening 'class.smtp.php' for inclusion (include_path='.:') /usr/local/apache2/htdocs/first/Application/Home/Controller/LoginController.class.php 第 9 行.
INFO: [ view_parse ] --START--
INFO: [ template_filter ] --START--
INFO: Run Behavior\ContentReplaceBehavior [ RunTime:0.000104s ]
INFO: [ template_filter ] --END-- [ RunTime:0.000156s ]
INFO: Run Behavior\ParseTemplateBehavior [ RunTime:0.008372s ]
INFO: [ view_parse ] --END-- [ RunTime:0.008422s ]
INFO: [ view_filter ] --START--
INFO: Run Behavior\WriteHtmlCacheBehavior [ RunTime:0.000132s ]
INFO: Run Behavior\TokenBuildBehavior [ RunTime:0.000690s ]
INFO: [ view_filter ] --END-- [ RunTime:0.000906s ]
INFO: [ app_end ] --START--
INFO: Run Behavior\ShowPageTraceBehavior [ RunTime:0.000517s ]
INFO: [ app_end ] --END-- [ RunTime:0.000575s ]

[ 2017-02-22T21:18:19+08:00 ] 192.168.42.15 /first/index.php/Home/Login/makeCode.html
INFO: [ app_init ] --START--
INFO: Run Behavior\BuildLiteBehavior [ RunTime:0.000013s ]
INFO: [ app_init ] --END-- [ RunTime:0.000293s ]
INFO: [ app_begin ] --START--
INFO: Run Behavior\ReadHtmlCacheBehavior [ RunTime:0.000390s ]
INFO: [ app_begin ] --END-- [ RunTime:0.000436s ]
NOTIC: [2] include_once(class.phpmailer.php): failed to open stream: No such file or directory /usr/local/apache2/htdocs/first/Application/Home/Controller/LoginController.class.php 第 7 行.
NOTIC: [2] include_once(): Failed opening 'class.phpmailer.php' for inclusion (include_path='.:') /usr/local/apache2/htdocs/first/Application/Home/Controller/LoginController.class.php 第 7 行.
NOTIC: [2] include_once(class.smtp.php): failed to open stream: No such file or directory /usr/local/apache2/htdocs/first/Application/Home/Controller/LoginController.class.php 第 9 行.
NOTIC: [2] include_once(): Failed opening 'class.smtp.php' for inclusion (include_path='.:') /usr/local/apache2/htdocs/first/Application/Home/Controller/LoginController.class.php 第 9 行.
INFO: [ app_end ] --START--
INFO: Run Behavior\ShowPageTraceBehavior [ RunTime:0.000434s ]
INFO: [ app_end ] --END-- [ RunTime:0.000495s ]

[ 2017-02-22T21:18:30+08:00 ] 192.168.42.15 /first/index.php/Home/Login/LoginExtends.html
INFO: [ app_init ] --START--
INFO: Run Behavior\BuildLiteBehavior [ RunTime:0.000014s ]
INFO: [ app_init ] --END-- [ RunTime:0.000328s ]
INFO: [ app_begin ] --START--
INFO: Run Behavior\ReadHtmlCacheBehavior [ RunTime:0.000424s ]
INFO: [ app_begin ] --END-- [ RunTime:0.000480s ]
NOTIC: [2] include_once(class.phpmailer.php): failed to open stream: No such file or directory /usr/local/apache2/htdocs/first/Application/Home/Controller/LoginController.class.php 第 7 行.
NOTIC: [2] include_once(): Failed opening 'class.phpmailer.php' for inclusion (include_path='.:') /usr/local/apache2/htdocs/first/Application/Home/Controller/LoginController.class.php 第 7 行.
NOTIC: [2] include_once(class.smtp.php): failed to open stream: No such file or directory /usr/local/apache2/htdocs/first/Application/Home/Controller/LoginController.class.php 第 9 行.
NOTIC: [2] include_once(): Failed opening 'class.smtp.php' for inclusion (include_path='.:') /usr/local/apache2/htdocs/first/Application/Home/Controller/LoginController.class.php 第 9 行.
SQL: SHOW COLUMNS FROM `mlv_user` [ RunTime:0.0006s ]
SQL: SHOW COLUMNS FROM `mlv_user` [ RunTime:0.0004s ]
SQL: SELECT * FROM `mlv_user` WHERE ( name ='yzl111'  ) LIMIT 1   [ RunTime:0.0003s ]

[ 2017-02-22T21:18:33+08:00 ] 192.168.42.15 /first/index.php/Home/Login/LoginExtends.html
INFO: [ app_init ] --START--
INFO: Run Behavior\BuildLiteBehavior [ RunTime:0.000017s ]
INFO: [ app_init ] --END-- [ RunTime:0.000362s ]
INFO: [ app_begin ] --START--
INFO: Run Behavior\ReadHtmlCacheBehavior [ RunTime:0.000444s ]
INFO: [ app_begin ] --END-- [ RunTime:0.000506s ]
NOTIC: [2] include_once(class.phpmailer.php): failed to open stream: No such file or directory /usr/local/apache2/htdocs/first/Application/Home/Controller/LoginController.class.php 第 7 行.
NOTIC: [2] include_once(): Failed opening 'class.phpmailer.php' for inclusion (include_path='.:') /usr/local/apache2/htdocs/first/Application/Home/Controller/LoginController.class.php 第 7 行.
NOTIC: [2] include_once(class.smtp.php): failed to open stream: No such file or directory /usr/local/apache2/htdocs/first/Application/Home/Controller/LoginController.class.php 第 9 行.
NOTIC: [2] include_once(): Failed opening 'class.smtp.php' for inclusion (include_path='.:') /usr/local/apache2/htdocs/first/Application/Home/Controller/LoginController.class.php 第 9 行.
SQL: SHOW COLUMNS FROM `mlv_user` [ RunTime:0.0007s ]
SQL: SHOW COLUMNS FROM `mlv_user` [ RunTime:0.0004s ]
SQL: SELECT * FROM `mlv_user` WHERE ( name ='yzl111'  ) LIMIT 1   [ RunTime:0.0002s ]

[ 2017-02-22T21:18:35+08:00 ] 192.168.42.15 /first/index.php/Home/Login/LoginExtends.html
INFO: [ app_init ] --START--
INFO: Run Behavior\BuildLiteBehavior [ RunTime:0.000017s ]
INFO: [ app_init ] --END-- [ RunTime:0.000328s ]
INFO: [ app_begin ] --START--
INFO: Run Behavior\ReadHtmlCacheBehavior [ RunTime:0.000399s ]
INFO: [ app_begin ] --END-- [ RunTime:0.000452s ]
NOTIC: [2] include_once(class.phpmailer.php): failed to open stream: No such file or directory /usr/local/apache2/htdocs/first/Application/Home/Controller/LoginController.class.php 第 7 行.
NOTIC: [2] include_once(): Failed opening 'class.phpmailer.php' for inclusion (include_path='.:') /usr/local/apache2/htdocs/first/Application/Home/Controller/LoginController.class.php 第 7 行.
NOTIC: [2] include_once(class.smtp.php): failed to open stream: No such file or directory /usr/local/apache2/htdocs/first/Application/Home/Controller/LoginController.class.php 第 9 行.
NOTIC: [2] include_once(): Failed opening 'class.smtp.php' for inclusion (include_path='.:') /usr/local/apache2/htdocs/first/Application/Home/Controller/LoginController.class.php 第 9 行.
SQL: SHOW COLUMNS FROM `mlv_user` [ RunTime:0.0006s ]
SQL: SHOW COLUMNS FROM `mlv_user` [ RunTime:0.0005s ]
SQL: SELECT * FROM `mlv_user` WHERE ( name ='yzl111'  ) LIMIT 1   [ RunTime:0.0002s ]

[ 2017-02-22T21:18:38+08:00 ] 192.168.42.15 /first/index.php/Home/Login/LoginExtends.html
INFO: [ app_init ] --START--
INFO: Run Behavior\BuildLiteBehavior [ RunTime:0.000016s ]
INFO: [ app_init ] --END-- [ RunTime:0.000326s ]
INFO: [ app_begin ] --START--
INFO: Run Behavior\ReadHtmlCacheBehavior [ RunTime:0.000394s ]
INFO: [ app_begin ] --END-- [ RunTime:0.000448s ]
NOTIC: [2] include_once(class.phpmailer.php): failed to open stream: No such file or directory /usr/local/apache2/htdocs/first/Application/Home/Controller/LoginController.class.php 第 7 行.
NOTIC: [2] include_once(): Failed opening 'class.phpmailer.php' for inclusion (include_path='.:') /usr/local/apache2/htdocs/first/Application/Home/Controller/LoginController.class.php 第 7 行.
NOTIC: [2] include_once(class.smtp.php): failed to open stream: No such file or directory /usr/local/apache2/htdocs/first/Application/Home/Controller/LoginController.class.php 第 9 行.
NOTIC: [2] include_once(): Failed opening 'class.smtp.php' for inclusion (include_path='.:') /usr/local/apache2/htdocs/first/Application/Home/Controller/LoginController.class.php 第 9 行.
INFO: [ view_parse ] --START--
INFO: [ template_filter ] --START--
INFO: Run Behavior\ContentReplaceBehavior [ RunTime:0.000102s ]
INFO: [ template_filter ] --END-- [ RunTime:0.000163s ]
INFO: Run Behavior\ParseTemplateBehavior [ RunTime:0.009020s ]
INFO: [ view_parse ] --END-- [ RunTime:0.009066s ]
INFO: [ view_filter ] --START--
INFO: Run Behavior\WriteHtmlCacheBehavior [ RunTime:0.000141s ]
INFO: Run Behavior\TokenBuildBehavior [ RunTime:0.000358s ]
INFO: [ view_filter ] --END-- [ RunTime:0.000567s ]
INFO: [ app_end ] --START--
INFO: Run Behavior\ShowPageTraceBehavior [ RunTime:0.000503s ]
INFO: [ app_end ] --END-- [ RunTime:0.000565s ]

[ 2017-02-22T21:18:38+08:00 ] 192.168.42.15 /first/index.php/Home/Login/makeCode.html
INFO: [ app_init ] --START--
INFO: Run Behavior\BuildLiteBehavior [ RunTime:0.000015s ]
INFO: [ app_init ] --END-- [ RunTime:0.000421s ]
INFO: [ app_begin ] --START--
INFO: Run Behavior\ReadHtmlCacheBehavior [ RunTime:0.000473s ]
INFO: [ app_begin ] --END-- [ RunTime:0.000551s ]
NOTIC: [2] include_once(class.phpmailer.php): failed to open stream: No such file or directory /usr/local/apache2/htdocs/first/Application/Home/Controller/LoginController.class.php 第 7 行.
NOTIC: [2] include_once(): Failed opening 'class.phpmailer.php' for inclusion (include_path='.:') /usr/local/apache2/htdocs/first/Application/Home/Controller/LoginController.class.php 第 7 行.
NOTIC: [2] include_once(class.smtp.php): failed to open stream: No such file or directory /usr/local/apache2/htdocs/first/Application/Home/Controller/LoginController.class.php 第 9 行.
NOTIC: [2] include_once(): Failed opening 'class.smtp.php' for inclusion (include_path='.:') /usr/local/apache2/htdocs/first/Application/Home/Controller/LoginController.class.php 第 9 行.
INFO: [ app_end ] --START--
INFO: Run Behavior\ShowPageTraceBehavior [ RunTime:0.000466s ]
INFO: [ app_end ] --END-- [ RunTime:0.000535s ]

[ 2017-02-22T21:18:40+08:00 ] 192.168.42.15 /first/index.php/Home/Login/LoginExtends.html
INFO: [ app_init ] --START--
INFO: Run Behavior\BuildLiteBehavior [ RunTime:0.000013s ]
INFO: [ app_init ] --END-- [ RunTime:0.000333s ]
INFO: [ app_begin ] --START--
INFO: Run Behavior\ReadHtmlCacheBehavior [ RunTime:0.000424s ]
INFO: [ app_begin ] --END-- [ RunTime:0.000483s ]
NOTIC: [2] include_once(class.phpmailer.php): failed to open stream: No such file or directory /usr/local/apache2/htdocs/first/Application/Home/Controller/LoginController.class.php 第 7 行.
NOTIC: [2] include_once(): Failed opening 'class.phpmailer.php' for inclusion (include_path='.:') /usr/local/apache2/htdocs/first/Application/Home/Controller/LoginController.class.php 第 7 行.
NOTIC: [2] include_once(class.smtp.php): failed to open stream: No such file or directory /usr/local/apache2/htdocs/first/Application/Home/Controller/LoginController.class.php 第 9 行.
NOTIC: [2] include_once(): Failed opening 'class.smtp.php' for inclusion (include_path='.:') /usr/local/apache2/htdocs/first/Application/Home/Controller/LoginController.class.php 第 9 行.
INFO: [ view_parse ] --START--
INFO: [ template_filter ] --START--
INFO: Run Behavior\ContentReplaceBehavior [ RunTime:0.000098s ]
INFO: [ template_filter ] --END-- [ RunTime:0.000157s ]
INFO: Run Behavior\ParseTemplateBehavior [ RunTime:0.008478s ]
INFO: [ view_parse ] --END-- [ RunTime:0.008533s ]
INFO: [ view_filter ] --START--
INFO: Run Behavior\WriteHtmlCacheBehavior [ RunTime:0.000142s ]
INFO: Run Behavior\TokenBuildBehavior [ RunTime:0.000351s ]
INFO: [ view_filter ] --END-- [ RunTime:0.000559s ]
INFO: [ app_end ] --START--
INFO: Run Behavior\ShowPageTraceBehavior [ RunTime:0.000481s ]
INFO: [ app_end ] --END-- [ RunTime:0.000538s ]

[ 2017-02-22T21:18:40+08:00 ] 192.168.42.15 /first/index.php/Home/Login/makeCode.html
INFO: [ app_init ] --START--
INFO: Run Behavior\BuildLiteBehavior [ RunTime:0.000015s ]
INFO: [ app_init ] --END-- [ RunTime:0.000321s ]
INFO: [ app_begin ] --START--
INFO: Run Behavior\ReadHtmlCacheBehavior [ RunTime:0.000511s ]
INFO: [ app_begin ] --END-- [ RunTime:0.000574s ]
NOTIC: [2] include_once(class.phpmailer.php): failed to open stream: No such file or directory /usr/local/apache2/htdocs/first/Application/Home/Controller/LoginController.class.php 第 7 行.
NOTIC: [2] include_once(): Failed opening 'class.phpmailer.php' for inclusion (include_path='.:') /usr/local/apache2/htdocs/first/Application/Home/Controller/LoginController.class.php 第 7 行.
NOTIC: [2] include_once(class.smtp.php): failed to open stream: No such file or directory /usr/local/apache2/htdocs/first/Application/Home/Controller/LoginController.class.php 第 9 行.
NOTIC: [2] include_once(): Failed opening 'class.smtp.php' for inclusion (include_path='.:') /usr/local/apache2/htdocs/first/Application/Home/Controller/LoginController.class.php 第 9 行.
INFO: [ app_end ] --START--
INFO: Run Behavior\ShowPageTraceBehavior [ RunTime:0.000444s ]
INFO: [ app_end ] --END-- [ RunTime:0.000510s ]

[ 2017-02-22T21:29:51+08:00 ] 192.168.42.15 /first/index.php/Home/Login/LoginExtends.html
INFO: [ app_init ] --START--
INFO: Run Behavior\BuildLiteBehavior [ RunTime:0.000015s ]
INFO: [ app_init ] --END-- [ RunTime:0.000358s ]
INFO: [ app_begin ] --START--
INFO: Run Behavior\ReadHtmlCacheBehavior [ RunTime:0.000439s ]
INFO: [ app_begin ] --END-- [ RunTime:0.000486s ]
NOTIC: [2] include_once(class.phpmailer.php): failed to open stream: No such file or directory /usr/local/apache2/htdocs/first/Application/Home/Controller/LoginController.class.php 第 7 行.
NOTIC: [2] include_once(): Failed opening 'class.phpmailer.php' for inclusion (include_path='.:') /usr/local/apache2/htdocs/first/Application/Home/Controller/LoginController.class.php 第 7 行.
NOTIC: [2] include_once(class.smtp.php): failed to open stream: No such file or directory /usr/local/apache2/htdocs/first/Application/Home/Controller/LoginController.class.php 第 9 行.
NOTIC: [2] include_once(): Failed opening 'class.smtp.php' for inclusion (include_path='.:') /usr/local/apache2/htdocs/first/Application/Home/Controller/LoginController.class.php 第 9 行.
INFO: [ view_parse ] --START--
INFO: [ template_filter ] --START--
INFO: Run Behavior\ContentReplaceBehavior [ RunTime:0.000101s ]
INFO: [ template_filter ] --END-- [ RunTime:0.000166s ]
INFO: Run Behavior\ParseTemplateBehavior [ RunTime:0.008224s ]
INFO: [ view_parse ] --END-- [ RunTime:0.008285s ]
INFO: [ view_filter ] --START--
INFO: Run Behavior\WriteHtmlCacheBehavior [ RunTime:0.000130s ]
INFO: Run Behavior\TokenBuildBehavior [ RunTime:0.000372s ]
INFO: [ view_filter ] --END-- [ RunTime:0.000567s ]
INFO: [ app_end ] --START--
INFO: Run Behavior\ShowPageTraceBehavior [ RunTime:0.000533s ]
INFO: [ app_end ] --END-- [ RunTime:0.000596s ]

[ 2017-02-22T21:29:51+08:00 ] 192.168.42.15 /first/index.php/Home/Login/makeCode.html
INFO: [ app_init ] --START--
INFO: Run Behavior\BuildLiteBehavior [ RunTime:0.000048s ]
INFO: [ app_init ] --END-- [ RunTime:0.000345s ]
INFO: [ app_begin ] --START--
INFO: Run Behavior\ReadHtmlCacheBehavior [ RunTime:0.000401s ]
INFO: [ app_begin ] --END-- [ RunTime:0.000450s ]
NOTIC: [2] include_once(class.phpmailer.php): failed to open stream: No such file or directory /usr/local/apache2/htdocs/first/Application/Home/Controller/LoginController.class.php 第 7 行.
NOTIC: [2] include_once(): Failed opening 'class.phpmailer.php' for inclusion (include_path='.:') /usr/local/apache2/htdocs/first/Application/Home/Controller/LoginController.class.php 第 7 行.
NOTIC: [2] include_once(class.smtp.php): failed to open stream: No such file or directory /usr/local/apache2/htdocs/first/Application/Home/Controller/LoginController.class.php 第 9 行.
NOTIC: [2] include_once(): Failed opening 'class.smtp.php' for inclusion (include_path='.:') /usr/local/apache2/htdocs/first/Application/Home/Controller/LoginController.class.php 第 9 行.
INFO: [ app_end ] --START--
INFO: Run Behavior\ShowPageTraceBehavior [ RunTime:0.001091s ]
INFO: [ app_end ] --END-- [ RunTime:0.001151s ]

[ 2017-02-22T21:29:52+08:00 ] 192.168.42.15 /first/index.php/Home/Login/LoginExtends.html
INFO: [ app_init ] --START--
INFO: Run Behavior\BuildLiteBehavior [ RunTime:0.000015s ]
INFO: [ app_init ] --END-- [ RunTime:0.000345s ]
INFO: [ app_begin ] --START--
INFO: Run Behavior\ReadHtmlCacheBehavior [ RunTime:0.000429s ]
INFO: [ app_begin ] --END-- [ RunTime:0.000488s ]
NOTIC: [2] include_once(class.phpmailer.php): failed to open stream: No such file or directory /usr/local/apache2/htdocs/first/Application/Home/Controller/LoginController.class.php 第 7 行.
NOTIC: [2] include_once(): Failed opening 'class.phpmailer.php' for inclusion (include_path='.:') /usr/local/apache2/htdocs/first/Application/Home/Controller/LoginController.class.php 第 7 行.
NOTIC: [2] include_once(class.smtp.php): failed to open stream: No such file or directory /usr/local/apache2/htdocs/first/Application/Home/Controller/LoginController.class.php 第 9 行.
NOTIC: [2] include_once(): Failed opening 'class.smtp.php' for inclusion (include_path='.:') /usr/local/apache2/htdocs/first/Application/Home/Controller/LoginController.class.php 第 9 行.
INFO: [ view_parse ] --START--
INFO: [ template_filter ] --START--
INFO: Run Behavior\ContentReplaceBehavior [ RunTime:0.000104s ]
INFO: [ template_filter ] --END-- [ RunTime:0.000169s ]
INFO: Run Behavior\ParseTemplateBehavior [ RunTime:0.009531s ]
INFO: [ view_parse ] --END-- [ RunTime:0.009586s ]
INFO: [ view_filter ] --START--
INFO: Run Behavior\WriteHtmlCacheBehavior [ RunTime:0.000153s ]
INFO: Run Behavior\TokenBuildBehavior [ RunTime:0.000401s ]
INFO: [ view_filter ] --END-- [ RunTime:0.000623s ]
INFO: [ app_end ] --START--
INFO: Run Behavior\ShowPageTraceBehavior [ RunTime:0.000614s ]
INFO: [ app_end ] --END-- [ RunTime:0.000675s ]

[ 2017-02-22T21:29:52+08:00 ] 192.168.42.15 /first/index.php/Home/Login/makeCode.html
INFO: [ app_init ] --START--
INFO: Run Behavior\BuildLiteBehavior [ RunTime:0.000069s ]
INFO: [ app_init ] --END-- [ RunTime:0.000369s ]
INFO: [ app_begin ] --START--
INFO: Run Behavior\ReadHtmlCacheBehavior [ RunTime:0.000445s ]
INFO: [ app_begin ] --END-- [ RunTime:0.000499s ]
NOTIC: [2] include_once(class.phpmailer.php): failed to open stream: No such file or directory /usr/local/apache2/htdocs/first/Application/Home/Controller/LoginController.class.php 第 7 行.
NOTIC: [2] include_once(): Failed opening 'class.phpmailer.php' for inclusion (include_path='.:') /usr/local/apache2/htdocs/first/Application/Home/Controller/LoginController.class.php 第 7 行.
NOTIC: [2] include_once(class.smtp.php): failed to open stream: No such file or directory /usr/local/apache2/htdocs/first/Application/Home/Controller/LoginController.class.php 第 9 行.
NOTIC: [2] include_once(): Failed opening 'class.smtp.php' for inclusion (include_path='.:') /usr/local/apache2/htdocs/first/Application/Home/Controller/LoginController.class.php 第 9 行.
INFO: [ app_end ] --START--
INFO: Run Behavior\ShowPageTraceBehavior [ RunTime:0.000429s ]
INFO: [ app_end ] --END-- [ RunTime:0.000485s ]

[ 2017-02-22T21:29:52+08:00 ] 192.168.42.15 /first/index.php/Home/Login/LoginExtends.html
INFO: [ app_init ] --START--
INFO: Run Behavior\BuildLiteBehavior [ RunTime:0.000015s ]
INFO: [ app_init ] --END-- [ RunTime:0.000302s ]
INFO: [ app_begin ] --START--
INFO: Run Behavior\ReadHtmlCacheBehavior [ RunTime:0.000433s ]
INFO: [ app_begin ] --END-- [ RunTime:0.000493s ]
NOTIC: [2] include_once(class.phpmailer.php): failed to open stream: No such file or directory /usr/local/apache2/htdocs/first/Application/Home/Controller/LoginController.class.php 第 7 行.
NOTIC: [2] include_once(): Failed opening 'class.phpmailer.php' for inclusion (include_path='.:') /usr/local/apache2/htdocs/first/Application/Home/Controller/LoginController.class.php 第 7 行.
NOTIC: [2] include_once(class.smtp.php): failed to open stream: No such file or directory /usr/local/apache2/htdocs/first/Application/Home/Controller/LoginController.class.php 第 9 行.
NOTIC: [2] include_once(): Failed opening 'class.smtp.php' for inclusion (include_path='.:') /usr/local/apache2/htdocs/first/Application/Home/Controller/LoginController.class.php 第 9 行.
INFO: [ view_parse ] --START--
INFO: [ template_filter ] --START--
INFO: Run Behavior\ContentReplaceBehavior [ RunTime:0.000113s ]
INFO: [ template_filter ] --END-- [ RunTime:0.000173s ]
INFO: Run Behavior\ParseTemplateBehavior [ RunTime:0.007459s ]
INFO: [ view_parse ] --END-- [ RunTime:0.007505s ]
INFO: [ view_filter ] --START--
INFO: Run Behavior\WriteHtmlCacheBehavior [ RunTime:0.000142s ]
INFO: Run Behavior\TokenBuildBehavior [ RunTime:0.000330s ]
INFO: [ view_filter ] --END-- [ RunTime:0.000550s ]
INFO: [ app_end ] --START--
INFO: Run Behavior\ShowPageTraceBehavior [ RunTime:0.000493s ]
INFO: [ app_end ] --END-- [ RunTime:0.000552s ]

[ 2017-02-22T21:29:52+08:00 ] 192.168.42.15 /first/index.php/Home/Login/makeCode.html
INFO: [ app_init ] --START--
INFO: Run Behavior\BuildLiteBehavior [ RunTime:0.000018s ]
INFO: [ app_init ] --END-- [ RunTime:0.000469s ]
INFO: [ app_begin ] --START--
INFO: Run Behavior\ReadHtmlCacheBehavior [ RunTime:0.000413s ]
INFO: [ app_begin ] --END-- [ RunTime:0.000462s ]
NOTIC: [2] include_once(class.phpmailer.php): failed to open stream: No such file or directory /usr/local/apache2/htdocs/first/Application/Home/Controller/LoginController.class.php 第 7 行.
NOTIC: [2] include_once(): Failed opening 'class.phpmailer.php' for inclusion (include_path='.:') /usr/local/apache2/htdocs/first/Application/Home/Controller/LoginController.class.php 第 7 行.
NOTIC: [2] include_once(class.smtp.php): failed to open stream: No such file or directory /usr/local/apache2/htdocs/first/Application/Home/Controller/LoginController.class.php 第 9 行.
NOTIC: [2] include_once(): Failed opening 'class.smtp.php' for inclusion (include_path='.:') /usr/local/apache2/htdocs/first/Application/Home/Controller/LoginController.class.php 第 9 行.
INFO: [ app_end ] --START--
INFO: Run Behavior\ShowPageTraceBehavior [ RunTime:0.000478s ]
INFO: [ app_end ] --END-- [ RunTime:0.000546s ]

[ 2017-02-22T21:29:52+08:00 ] 192.168.42.15 /first/index.php/Home/Login/LoginExtends.html
INFO: [ app_init ] --START--
INFO: Run Behavior\BuildLiteBehavior [ RunTime:0.000022s ]
INFO: [ app_init ] --END-- [ RunTime:0.000405s ]
INFO: [ app_begin ] --START--
INFO: Run Behavior\ReadHtmlCacheBehavior [ RunTime:0.000523s ]
INFO: [ app_begin ] --END-- [ RunTime:0.000610s ]
NOTIC: [2] include_once(class.phpmailer.php): failed to open stream: No such file or directory /usr/local/apache2/htdocs/first/Application/Home/Controller/LoginController.class.php 第 7 行.
NOTIC: [2] include_once(): Failed opening 'class.phpmailer.php' for inclusion (include_path='.:') /usr/local/apache2/htdocs/first/Application/Home/Controller/LoginController.class.php 第 7 行.
NOTIC: [2] include_once(class.smtp.php): failed to open stream: No such file or directory /usr/local/apache2/htdocs/first/Application/Home/Controller/LoginController.class.php 第 9 行.
NOTIC: [2] include_once(): Failed opening 'class.smtp.php' for inclusion (include_path='.:') /usr/local/apache2/htdocs/first/Application/Home/Controller/LoginController.class.php 第 9 行.
INFO: [ view_parse ] --START--
INFO: [ template_filter ] --START--
INFO: Run Behavior\ContentReplaceBehavior [ RunTime:0.000105s ]
INFO: [ template_filter ] --END-- [ RunTime:0.000169s ]
INFO: Run Behavior\ParseTemplateBehavior [ RunTime:0.008278s ]
INFO: [ view_parse ] --END-- [ RunTime:0.008327s ]
INFO: [ view_filter ] --START--
INFO: Run Behavior\WriteHtmlCacheBehavior [ RunTime:0.000149s ]
INFO: Run Behavior\TokenBuildBehavior [ RunTime:0.000329s ]
INFO: [ view_filter ] --END-- [ RunTime:0.000544s ]
INFO: [ app_end ] --START--
INFO: Run Behavior\ShowPageTraceBehavior [ RunTime:0.000529s ]
INFO: [ app_end ] --END-- [ RunTime:0.000607s ]

[ 2017-02-22T21:29:52+08:00 ] 192.168.42.15 /first/index.php/Home/Login/makeCode.html
INFO: [ app_init ] --START--
INFO: Run Behavior\BuildLiteBehavior [ RunTime:0.000019s ]
INFO: [ app_init ] --END-- [ RunTime:0.000334s ]
INFO: [ app_begin ] --START--
INFO: Run Behavior\ReadHtmlCacheBehavior [ RunTime:0.000494s ]
INFO: [ app_begin ] --END-- [ RunTime:0.000565s ]
NOTIC: [2] include_once(class.phpmailer.php): failed to open stream: No such file or directory /usr/local/apache2/htdocs/first/Application/Home/Controller/LoginController.class.php 第 7 行.
NOTIC: [2] include_once(): Failed opening 'class.phpmailer.php' for inclusion (include_path='.:') /usr/local/apache2/htdocs/first/Application/Home/Controller/LoginController.class.php 第 7 行.
NOTIC: [2] include_once(class.smtp.php): failed to open stream: No such file or directory /usr/local/apache2/htdocs/first/Application/Home/Controller/LoginController.class.php 第 9 行.
NOTIC: [2] include_once(): Failed opening 'class.smtp.php' for inclusion (include_path='.:') /usr/local/apache2/htdocs/first/Application/Home/Controller/LoginController.class.php 第 9 行.
INFO: [ app_end ] --START--
INFO: Run Behavior\ShowPageTraceBehavior [ RunTime:0.000831s ]
INFO: [ app_end ] --END-- [ RunTime:0.000910s ]

[ 2017-02-22T21:29:52+08:00 ] 192.168.42.15 /first/index.php/Home/Login/LoginExtends.html
INFO: [ app_init ] --START--
INFO: Run Behavior\BuildLiteBehavior [ RunTime:0.000014s ]
INFO: [ app_init ] --END-- [ RunTime:0.000298s ]
INFO: [ app_begin ] --START--
INFO: Run Behavior\ReadHtmlCacheBehavior [ RunTime:0.000420s ]
INFO: [ app_begin ] --END-- [ RunTime:0.000468s ]
NOTIC: [2] include_once(class.phpmailer.php): failed to open stream: No such file or directory /usr/local/apache2/htdocs/first/Application/Home/Controller/LoginController.class.php 第 7 行.
NOTIC: [2] include_once(): Failed opening 'class.phpmailer.php' for inclusion (include_path='.:') /usr/local/apache2/htdocs/first/Application/Home/Controller/LoginController.class.php 第 7 行.
NOTIC: [2] include_once(class.smtp.php): failed to open stream: No such file or directory /usr/local/apache2/htdocs/first/Application/Home/Controller/LoginController.class.php 第 9 行.
NOTIC: [2] include_once(): Failed opening 'class.smtp.php' for inclusion (include_path='.:') /usr/local/apache2/htdocs/first/Application/Home/Controller/LoginController.class.php 第 9 行.
INFO: [ view_parse ] --START--
INFO: [ template_filter ] --START--
INFO: Run Behavior\ContentReplaceBehavior [ RunTime:0.000109s ]
INFO: [ template_filter ] --END-- [ RunTime:0.000168s ]
INFO: Run Behavior\ParseTemplateBehavior [ RunTime:0.008191s ]
INFO: [ view_parse ] --END-- [ RunTime:0.008234s ]
INFO: [ view_filter ] --START--
INFO: Run Behavior\WriteHtmlCacheBehavior [ RunTime:0.000133s ]
INFO: Run Behavior\TokenBuildBehavior [ RunTime:0.000629s ]
INFO: [ view_filter ] --END-- [ RunTime:0.000831s ]
INFO: [ app_end ] --START--
INFO: Run Behavior\ShowPageTraceBehavior [ RunTime:0.000459s ]
INFO: [ app_end ] --END-- [ RunTime:0.000510s ]

[ 2017-02-22T21:29:52+08:00 ] 192.168.42.15 /first/index.php/Home/Login/makeCode.html
INFO: [ app_init ] --START--
INFO: Run Behavior\BuildLiteBehavior [ RunTime:0.000013s ]
INFO: [ app_init ] --END-- [ RunTime:0.000331s ]
INFO: [ app_begin ] --START--
INFO: Run Behavior\ReadHtmlCacheBehavior [ RunTime:0.000422s ]
INFO: [ app_begin ] --END-- [ RunTime:0.000485s ]
NOTIC: [2] include_once(class.phpmailer.php): failed to open stream: No such file or directory /usr/local/apache2/htdocs/first/Application/Home/Controller/LoginController.class.php 第 7 行.
NOTIC: [2] include_once(): Failed opening 'class.phpmailer.php' for inclusion (include_path='.:') /usr/local/apache2/htdocs/first/Application/Home/Controller/LoginController.class.php 第 7 行.
NOTIC: [2] include_once(class.smtp.php): failed to open stream: No such file or directory /usr/local/apache2/htdocs/first/Application/Home/Controller/LoginController.class.php 第 9 行.
NOTIC: [2] include_once(): Failed opening 'class.smtp.php' for inclusion (include_path='.:') /usr/local/apache2/htdocs/first/Application/Home/Controller/LoginController.class.php 第 9 行.
INFO: [ app_end ] --START--
INFO: Run Behavior\ShowPageTraceBehavior [ RunTime:0.000457s ]
INFO: [ app_end ] --END-- [ RunTime:0.000522s ]

[ 2017-02-22T21:29:53+08:00 ] 192.168.42.15 /first/index.php/Home/Login/LoginExtends.html
INFO: [ app_init ] --START--
INFO: Run Behavior\BuildLiteBehavior [ RunTime:0.000016s ]
INFO: [ app_init ] --END-- [ RunTime:0.000317s ]
INFO: [ app_begin ] --START--
INFO: Run Behavior\ReadHtmlCacheBehavior [ RunTime:0.000447s ]
INFO: [ app_begin ] --END-- [ RunTime:0.000503s ]
NOTIC: [2] include_once(class.phpmailer.php): failed to open stream: No such file or directory /usr/local/apache2/htdocs/first/Application/Home/Controller/LoginController.class.php 第 7 行.
NOTIC: [2] include_once(): Failed opening 'class.phpmailer.php' for inclusion (include_path='.:') /usr/local/apache2/htdocs/first/Application/Home/Controller/LoginController.class.php 第 7 行.
NOTIC: [2] include_once(class.smtp.php): failed to open stream: No such file or directory /usr/local/apache2/htdocs/first/Application/Home/Controller/LoginController.class.php 第 9 行.
NOTIC: [2] include_once(): Failed opening 'class.smtp.php' for inclusion (include_path='.:') /usr/local/apache2/htdocs/first/Application/Home/Controller/LoginController.class.php 第 9 行.
INFO: [ view_parse ] --START--
INFO: [ template_filter ] --START--
INFO: Run Behavior\ContentReplaceBehavior [ RunTime:0.000097s ]
INFO: [ template_filter ] --END-- [ RunTime:0.000157s ]
INFO: Run Behavior\ParseTemplateBehavior [ RunTime:0.008745s ]
INFO: [ view_parse ] --END-- [ RunTime:0.008797s ]
INFO: [ view_filter ] --START--
INFO: Run Behavior\WriteHtmlCacheBehavior [ RunTime:0.000174s ]
INFO: Run Behavior\TokenBuildBehavior [ RunTime:0.000521s ]
INFO: [ view_filter ] --END-- [ RunTime:0.000772s ]
INFO: [ app_end ] --START--
INFO: Run Behavior\ShowPageTraceBehavior [ RunTime:0.000585s ]
INFO: [ app_end ] --END-- [ RunTime:0.000659s ]

[ 2017-02-22T21:29:53+08:00 ] 192.168.42.15 /first/index.php/Home/Login/makeCode.html
INFO: [ app_init ] --START--
INFO: Run Behavior\BuildLiteBehavior [ RunTime:0.000017s ]
INFO: [ app_init ] --END-- [ RunTime:0.000323s ]
INFO: [ app_begin ] --START--
INFO: Run Behavior\ReadHtmlCacheBehavior [ RunTime:0.000406s ]
INFO: [ app_begin ] --END-- [ RunTime:0.000454s ]
NOTIC: [2] include_once(class.phpmailer.php): failed to open stream: No such file or directory /usr/local/apache2/htdocs/first/Application/Home/Controller/LoginController.class.php 第 7 行.
NOTIC: [2] include_once(): Failed opening 'class.phpmailer.php' for inclusion (include_path='.:') /usr/local/apache2/htdocs/first/Application/Home/Controller/LoginController.class.php 第 7 行.
NOTIC: [2] include_once(class.smtp.php): failed to open stream: No such file or directory /usr/local/apache2/htdocs/first/Application/Home/Controller/LoginController.class.php 第 9 行.
NOTIC: [2] include_once(): Failed opening 'class.smtp.php' for inclusion (include_path='.:') /usr/local/apache2/htdocs/first/Application/Home/Controller/LoginController.class.php 第 9 行.
INFO: [ app_end ] --START--
INFO: Run Behavior\ShowPageTraceBehavior [ RunTime:0.000464s ]
INFO: [ app_end ] --END-- [ RunTime:0.000531s ]

[ 2017-02-22T21:29:53+08:00 ] 192.168.42.15 /first/index.php/Home/Login/LoginExtends.html
INFO: [ app_init ] --START--
INFO: Run Behavior\BuildLiteBehavior [ RunTime:0.000017s ]
INFO: [ app_init ] --END-- [ RunTime:0.000419s ]
INFO: [ app_begin ] --START--
INFO: Run Behavior\ReadHtmlCacheBehavior [ RunTime:0.000401s ]
INFO: [ app_begin ] --END-- [ RunTime:0.000450s ]
NOTIC: [2] include_once(class.phpmailer.php): failed to open stream: No such file or directory /usr/local/apache2/htdocs/first/Application/Home/Controller/LoginController.class.php 第 7 行.
NOTIC: [2] include_once(): Failed opening 'class.phpmailer.php' for inclusion (include_path='.:') /usr/local/apache2/htdocs/first/Application/Home/Controller/LoginController.class.php 第 7 行.
NOTIC: [2] include_once(class.smtp.php): failed to open stream: No such file or directory /usr/local/apache2/htdocs/first/Application/Home/Controller/LoginController.class.php 第 9 行.
NOTIC: [2] include_once(): Failed opening 'class.smtp.php' for inclusion (include_path='.:') /usr/local/apache2/htdocs/first/Application/Home/Controller/LoginController.class.php 第 9 行.
INFO: [ view_parse ] --START--
INFO: [ template_filter ] --START--
INFO: Run Behavior\ContentReplaceBehavior [ RunTime:0.000080s ]
INFO: [ template_filter ] --END-- [ RunTime:0.000127s ]
INFO: Run Behavior\ParseTemplateBehavior [ RunTime:0.007248s ]
INFO: [ view_parse ] --END-- [ RunTime:0.007293s ]
INFO: [ view_filter ] --START--
INFO: Run Behavior\WriteHtmlCacheBehavior [ RunTime:0.000129s ]
INFO: Run Behavior\TokenBuildBehavior [ RunTime:0.000319s ]
INFO: [ view_filter ] --END-- [ RunTime:0.000512s ]
INFO: [ app_end ] --START--
INFO: Run Behavior\ShowPageTraceBehavior [ RunTime:0.000498s ]
INFO: [ app_end ] --END-- [ RunTime:0.000562s ]

[ 2017-02-22T21:29:53+08:00 ] 192.168.42.15 /first/index.php/Home/Login/makeCode.html
INFO: [ app_init ] --START--
INFO: Run Behavior\BuildLiteBehavior [ RunTime:0.000014s ]
INFO: [ app_init ] --END-- [ RunTime:0.000323s ]
INFO: [ app_begin ] --START--
INFO: Run Behavior\ReadHtmlCacheBehavior [ RunTime:0.000389s ]
INFO: [ app_begin ] --END-- [ RunTime:0.000435s ]
NOTIC: [2] include_once(class.phpmailer.php): failed to open stream: No such file or directory /usr/local/apache2/htdocs/first/Application/Home/Controller/LoginController.class.php 第 7 行.
NOTIC: [2] include_once(): Failed opening 'class.phpmailer.php' for inclusion (include_path='.:') /usr/local/apache2/htdocs/first/Application/Home/Controller/LoginController.class.php 第 7 行.
NOTIC: [2] include_once(class.smtp.php): failed to open stream: No such file or directory /usr/local/apache2/htdocs/first/Application/Home/Controller/LoginController.class.php 第 9 行.
NOTIC: [2] include_once(): Failed opening 'class.smtp.php' for inclusion (include_path='.:') /usr/local/apache2/htdocs/first/Application/Home/Controller/LoginController.class.php 第 9 行.
INFO: [ app_end ] --START--
INFO: Run Behavior\ShowPageTraceBehavior [ RunTime:0.000430s ]
INFO: [ app_end ] --END-- [ RunTime:0.000486s ]

