[ 2017-05-02T21:42:47+08:00 ] ::1 /first/
INFO: [ app_init ] --START--
INFO: Run Behavior\BuildLiteBehavior [ RunTime:0.000036s ]
INFO: [ app_init ] --END-- [ RunTime:0.000756s ]
INFO: [ app_begin ] --START--
INFO: Run Behavior\ReadHtmlCacheBehavior [ RunTime:0.001375s ]
INFO: [ app_begin ] --END-- [ RunTime:0.001494s ]
SQL: SHOW COLUMNS FROM `mlv_store_type` [ RunTime:0.0116s ]
SQL: SELECT * FROM `mlv_store_type`  [ RunTime:0.0072s ]
SQL: SHOW COLUMNS FROM `mlv_store` [ RunTime:0.0047s ]
SQL: SELECT * FROM `mlv_store` WHERE `status` = 1 ORDER BY clickNum desc LIMIT 0,4   [ RunTime:0.0056s ]
SQL: SHOW COLUMNS FROM `mlv_orders` [ RunTime:0.0035s ]
SQL: SELECT * FROM `mlv_orders` WHERE ( sid=6 )  [ RunTime:0.0026s ]
SQL: SHOW COLUMNS FROM `mlv_comment` [ RunTime:0.0036s ]
SQL: SELECT `level` FROM `mlv_comment` WHERE `oid` = 25 LIMIT 1   [ RunTime:0.0033s ]
SQL: SELECT `level` FROM `mlv_comment` WHERE `oid` = 31 LIMIT 1   [ RunTime:0.0048s ]
SQL: SELECT `level` FROM `mlv_comment` WHERE `oid` = 32 LIMIT 1   [ RunTime:0.0082s ]
SQL: SELECT `level` FROM `mlv_comment` WHERE `oid` = 33 LIMIT 1   [ RunTime:0.0053s ]
SQL: SELECT `level` FROM `mlv_comment` WHERE `oid` = 36 LIMIT 1   [ RunTime:0.0081s ]
SQL: SELECT `level` FROM `mlv_comment` WHERE `oid` = 37 LIMIT 1   [ RunTime:0.0022s ]
SQL: SELECT `level` FROM `mlv_comment` WHERE `oid` = 40 LIMIT 1   [ RunTime:0.0076s ]
SQL: SELECT `level` FROM `mlv_comment` WHERE `oid` = 48 LIMIT 1   [ RunTime:0.0100s ]
SQL: SELECT `level` FROM `mlv_comment` WHERE `oid` = 53 LIMIT 1   [ RunTime:0.0025s ]
SQL: SELECT `level` FROM `mlv_comment` WHERE `oid` = 54 LIMIT 1   [ RunTime:0.0062s ]
SQL: SELECT `level` FROM `mlv_comment` WHERE `oid` = 57 LIMIT 1   [ RunTime:0.0076s ]
SQL: SELECT `level` FROM `mlv_comment` WHERE `oid` = 58 LIMIT 1   [ RunTime:0.0088s ]
SQL: SELECT `level` FROM `mlv_comment` WHERE `oid` = 66 LIMIT 1   [ RunTime:0.0041s ]
SQL: SELECT `level` FROM `mlv_comment` WHERE `oid` = 67 LIMIT 1   [ RunTime:0.0097s ]
SQL: SELECT * FROM `mlv_orders` WHERE ( sid=7 )  [ RunTime:0.0088s ]
SQL: SELECT `level` FROM `mlv_comment` WHERE `oid` = 26 LIMIT 1   [ RunTime:0.0042s ]
SQL: SELECT `level` FROM `mlv_comment` WHERE `oid` = 27 LIMIT 1   [ RunTime:0.0053s ]
SQL: SELECT `level` FROM `mlv_comment` WHERE `oid` = 28 LIMIT 1   [ RunTime:0.0027s ]
SQL: SELECT `level` FROM `mlv_comment` WHERE `oid` = 29 LIMIT 1   [ RunTime:0.0054s ]
SQL: SELECT `level` FROM `mlv_comment` WHERE `oid` = 30 LIMIT 1   [ RunTime:0.0031s ]
SQL: SELECT `level` FROM `mlv_comment` WHERE `oid` = 34 LIMIT 1   [ RunTime:0.0042s ]
SQL: SELECT `level` FROM `mlv_comment` WHERE `oid` = 35 LIMIT 1   [ RunTime:0.0059s ]
SQL: SELECT `level` FROM `mlv_comment` WHERE `oid` = 38 LIMIT 1   [ RunTime:0.0038s ]
SQL: SELECT `level` FROM `mlv_comment` WHERE `oid` = 39 LIMIT 1   [ RunTime:0.0032s ]
SQL: SELECT `level` FROM `mlv_comment` WHERE `oid` = 41 LIMIT 1   [ RunTime:0.0033s ]
SQL: SELECT `level` FROM `mlv_comment` WHERE `oid` = 42 LIMIT 1   [ RunTime:0.0034s ]
SQL: SELECT `level` FROM `mlv_comment` WHERE `oid` = 43 LIMIT 1   [ RunTime:0.0108s ]
SQL: SELECT `level` FROM `mlv_comment` WHERE `oid` = 44 LIMIT 1   [ RunTime:0.0137s ]
SQL: SELECT `level` FROM `mlv_comment` WHERE `oid` = 45 LIMIT 1   [ RunTime:0.0028s ]
SQL: SELECT `level` FROM `mlv_comment` WHERE `oid` = 46 LIMIT 1   [ RunTime:0.0029s ]
SQL: SELECT `level` FROM `mlv_comment` WHERE `oid` = 47 LIMIT 1   [ RunTime:0.0122s ]
SQL: SELECT `level` FROM `mlv_comment` WHERE `oid` = 49 LIMIT 1   [ RunTime:0.0084s ]
SQL: SELECT `level` FROM `mlv_comment` WHERE `oid` = 50 LIMIT 1   [ RunTime:0.0024s ]
SQL: SELECT `level` FROM `mlv_comment` WHERE `oid` = 51 LIMIT 1   [ RunTime:0.0074s ]
SQL: SELECT `level` FROM `mlv_comment` WHERE `oid` = 52 LIMIT 1   [ RunTime:0.0108s ]
SQL: SELECT `level` FROM `mlv_comment` WHERE `oid` = 59 LIMIT 1   [ RunTime:0.0023s ]
SQL: SELECT `level` FROM `mlv_comment` WHERE `oid` = 60 LIMIT 1   [ RunTime:0.0078s ]
SQL: SELECT `level` FROM `mlv_comment` WHERE `oid` = 65 LIMIT 1   [ RunTime:0.0035s ]
SQL: SELECT * FROM `mlv_orders` WHERE ( sid=10 )  [ RunTime:0.0031s ]
SQL: SELECT `level` FROM `mlv_comment` WHERE `oid` = 63 LIMIT 1   [ RunTime:0.0054s ]
SQL: SELECT `level` FROM `mlv_comment` WHERE `oid` = 64 LIMIT 1   [ RunTime:0.0080s ]
SQL: SELECT * FROM `mlv_orders` WHERE ( sid=5 )  [ RunTime:0.0067s ]
SQL: SELECT `level` FROM `mlv_comment` WHERE `oid` = 61 LIMIT 1   [ RunTime:0.0026s ]
SQL: SHOW COLUMNS FROM `mlv_link` [ RunTime:0.0066s ]
SQL: SELECT * FROM `mlv_link`  [ RunTime:0.0057s ]
INFO: [ view_parse ] --START--
INFO: [ template_filter ] --START--
INFO: Run Behavior\ContentReplaceBehavior [ RunTime:0.000214s ]
INFO: [ template_filter ] --END-- [ RunTime:0.000375s ]
NOTIC: [8] Undefined index: collect D:\wamp64\www\first\Application\Runtime\Cache\Home\9e3089e89de5024782352407086fba57.php 第 276 行.
NOTIC: [8] Undefined index: collect D:\wamp64\www\first\Application\Runtime\Cache\Home\9e3089e89de5024782352407086fba57.php 第 276 行.
NOTIC: [8] Undefined index: collect D:\wamp64\www\first\Application\Runtime\Cache\Home\9e3089e89de5024782352407086fba57.php 第 276 行.
NOTIC: [8] Undefined index: collect D:\wamp64\www\first\Application\Runtime\Cache\Home\9e3089e89de5024782352407086fba57.php 第 276 行.
NOTIC: [8] Undefined index: userinfo D:\wamp64\www\first\Application\Runtime\Cache\Home\9e3089e89de5024782352407086fba57.php 第 301 行.
NOTIC: [8] Array to string conversion D:\wamp64\www\first\Application\Runtime\Cache\Home\9e3089e89de5024782352407086fba57.php 第 461 行.
INFO: Run Behavior\ParseTemplateBehavior [ RunTime:0.024525s ]
INFO: [ view_parse ] --END-- [ RunTime:0.024710s ]
INFO: [ view_filter ] --START--
INFO: Run Behavior\WriteHtmlCacheBehavior [ RunTime:0.001699s ]
INFO: Run Behavior\TokenBuildBehavior [ RunTime:0.004786s ]
INFO: [ view_filter ] --END-- [ RunTime:0.006971s ]
INFO: [ app_end ] --START--
INFO: Run Behavior\ShowPageTraceBehavior [ RunTime:0.002400s ]
INFO: [ app_end ] --END-- [ RunTime:0.002636s ]

