[ 2017-02-26T05:03:01+08:00 ] 192.168.42.23 /first/index.php/charts-1.html
INFO: [ app_init ] --START--
INFO: Run Behavior\BuildLiteBehavior [ RunTime:0.000015s ]
INFO: [ app_init ] --END-- [ RunTime:0.000540s ]
ERR: 无法加载模块:Charts-1

[ 2017-02-26T05:05:07+08:00 ] 192.168.42.23 /first/index.php/charts-1.html
INFO: [ app_init ] --START--
INFO: Run Behavior\BuildLiteBehavior [ RunTime:0.000294s ]
INFO: [ app_init ] --END-- [ RunTime:0.000973s ]
ERR: 无法加载模块:Charts-1

[ 2017-02-26T05:06:03+08:00 ] 192.168.42.23 /first/index.php/charts-1.html
INFO: [ app_init ] --START--
INFO: Run Behavior\BuildLiteBehavior [ RunTime:0.007755s ]
INFO: [ app_init ] --END-- [ RunTime:0.009525s ]
ERR: 无法加载模块:Charts-1

[ 2017-02-26T05:11:10+08:00 ] 192.168.42.23 /first/index.php/charts-1.html
INFO: [ app_init ] --START--
INFO: Run Behavior\BuildLiteBehavior [ RunTime:0.000479s ]
INFO: [ app_init ] --END-- [ RunTime:0.008335s ]
ERR: 无法加载模块:Charts-1

[ 2017-02-26T05:12:06+08:00 ] 192.168.42.23 /first/index.php/charts-1.html
INFO: [ app_init ] --START--
INFO: Run Behavior\BuildLiteBehavior [ RunTime:0.000018s ]
INFO: [ app_init ] --END-- [ RunTime:0.000526s ]
ERR: 无法加载模块:Charts-1

[ 2017-02-26T06:09:20+08:00 ] 192.168.42.23 /first/index.php/picture-add.html
INFO: [ app_init ] --START--
INFO: Run Behavior\BuildLiteBehavior [ RunTime:0.000024s ]
INFO: [ app_init ] --END-- [ RunTime:0.000617s ]
ERR: 无法加载模块:Picture-add

