[ 2016-11-02T17:14:40+08:00 ] 192.168.42.12 /first/index.php/MeilvAdmin/Login/makeCode.html
INFO: [ app_init ] --START--
INFO: Run Behavior\BuildLiteBehavior [ RunTime:0.000015s ]
INFO: [ app_init ] --END-- [ RunTime:0.000370s ]
INFO: [ app_begin ] --START--
INFO: Run Behavior\ReadHtmlCacheBehavior [ RunTime:0.000490s ]
INFO: [ app_begin ] --END-- [ RunTime:0.000547s ]
INFO: [ app_end ] --START--
INFO: Run Behavior\ShowPageTraceBehavior [ RunTime:0.000608s ]
INFO: [ app_end ] --END-- [ RunTime:0.000685s ]

[ 2016-11-02T17:19:59+08:00 ] 192.168.42.12 /first/index.php/MeilvAdmin/Login/login
INFO: [ app_init ] --START--
INFO: Run Behavior\BuildLiteBehavior [ RunTime:0.000017s ]
INFO: [ app_init ] --END-- [ RunTime:0.000451s ]
INFO: [ app_begin ] --START--
INFO: Run Behavior\ReadHtmlCacheBehavior [ RunTime:0.001730s ]
INFO: [ app_begin ] --END-- [ RunTime:0.001801s ]
INFO: [ view_parse ] --START--
INFO: [ template_filter ] --START--
INFO: Run Behavior\ContentReplaceBehavior [ RunTime:0.000221s ]
INFO: [ template_filter ] --END-- [ RunTime:0.000948s ]
INFO: Run Behavior\ParseTemplateBehavior [ RunTime:0.028835s ]
INFO: [ view_parse ] --END-- [ RunTime:0.028989s ]
INFO: [ view_filter ] --START--
INFO: Run Behavior\WriteHtmlCacheBehavior [ RunTime:0.000680s ]
INFO: [ view_filter ] --END-- [ RunTime:0.000875s ]
INFO: [ app_end ] --START--
INFO: Run Behavior\ShowPageTraceBehavior [ RunTime:0.002094s ]
INFO: [ app_end ] --END-- [ RunTime:0.002611s ]

[ 2016-11-02T17:20:00+08:00 ] 192.168.42.12 /first/index.php/MeilvAdmin/Login/makeCode.html
INFO: [ app_init ] --START--
INFO: Run Behavior\BuildLiteBehavior [ RunTime:0.000015s ]
INFO: [ app_init ] --END-- [ RunTime:0.000457s ]
INFO: [ app_begin ] --START--
INFO: Run Behavior\ReadHtmlCacheBehavior [ RunTime:0.000482s ]
INFO: [ app_begin ] --END-- [ RunTime:0.000537s ]
INFO: [ app_end ] --START--
INFO: Run Behavior\ShowPageTraceBehavior [ RunTime:0.000567s ]
INFO: [ app_end ] --END-- [ RunTime:0.000635s ]

