[ 2017-03-06T21:00:56+08:00 ] 192.168.42.24 /first/index.php/meilvAdmin
INFO: [ app_init ] --START--
INFO: Run Behavior\BuildLiteBehavior [ RunTime:0.000017s ]
INFO: [ app_init ] --END-- [ RunTime:0.000374s ]
INFO: [ app_begin ] --START--
INFO: Run Behavior\ReadHtmlCacheBehavior [ RunTime:0.000412s ]
INFO: [ app_begin ] --END-- [ RunTime:0.000462s ]
NOTIC: [8] Undefined index: admin /usr/local/apache2/htdocs/first/Application/MeilvAdmin/Controller/CommonController.class.php 第 18 行.
INFO: [ view_parse ] --START--
INFO: [ template_filter ] --START--
INFO: Run Behavior\ContentReplaceBehavior [ RunTime:0.000039s ]
INFO: [ template_filter ] --END-- [ RunTime:0.000092s ]
INFO: Run Behavior\ParseTemplateBehavior [ RunTime:0.005634s ]
INFO: [ view_parse ] --END-- [ RunTime:0.005684s ]
INFO: [ view_filter ] --START--
INFO: Run Behavior\WriteHtmlCacheBehavior [ RunTime:0.000135s ]
INFO: Run Behavior\TokenBuildBehavior [ RunTime:0.000315s ]
INFO: [ view_filter ] --END-- [ RunTime:0.000562s ]

[ 2017-03-06T21:00:59+08:00 ] 192.168.42.24 /first/index.php/MeilvAdmin/Login/login.html
INFO: [ app_init ] --START--
INFO: Run Behavior\BuildLiteBehavior [ RunTime:0.000014s ]
INFO: [ app_init ] --END-- [ RunTime:0.000326s ]
INFO: [ app_begin ] --START--
INFO: Run Behavior\ReadHtmlCacheBehavior [ RunTime:0.000395s ]
INFO: [ app_begin ] --END-- [ RunTime:0.000443s ]
INFO: [ view_parse ] --START--
INFO: [ template_filter ] --START--
INFO: Run Behavior\ContentReplaceBehavior [ RunTime:0.000052s ]
INFO: [ template_filter ] --END-- [ RunTime:0.000099s ]
INFO: Run Behavior\ParseTemplateBehavior [ RunTime:0.005507s ]
INFO: [ view_parse ] --END-- [ RunTime:0.005550s ]
INFO: [ view_filter ] --START--
INFO: Run Behavior\WriteHtmlCacheBehavior [ RunTime:0.000123s ]
INFO: Run Behavior\TokenBuildBehavior [ RunTime:0.000292s ]
INFO: [ view_filter ] --END-- [ RunTime:0.000476s ]
INFO: [ app_end ] --START--
INFO: Run Behavior\ShowPageTraceBehavior [ RunTime:0.000423s ]
INFO: [ app_end ] --END-- [ RunTime:0.000464s ]

[ 2017-03-06T21:00:59+08:00 ] 192.168.42.24 /first/index.php/MeilvAdmin/Login/makeCode.html
INFO: [ app_init ] --START--
INFO: Run Behavior\BuildLiteBehavior [ RunTime:0.000012s ]
INFO: [ app_init ] --END-- [ RunTime:0.000288s ]
INFO: [ app_begin ] --START--
INFO: Run Behavior\ReadHtmlCacheBehavior [ RunTime:0.000387s ]
INFO: [ app_begin ] --END-- [ RunTime:0.000432s ]
INFO: [ app_end ] --START--
INFO: Run Behavior\ShowPageTraceBehavior [ RunTime:0.000545s ]
INFO: [ app_end ] --END-- [ RunTime:0.000631s ]

[ 2017-03-06T21:01:16+08:00 ] 192.168.42.24 /first/index.php/MeilvAdmin/Login/makeCode.html?0.4622770475664444
INFO: [ app_init ] --START--
INFO: Run Behavior\BuildLiteBehavior [ RunTime:0.000013s ]
INFO: [ app_init ] --END-- [ RunTime:0.000308s ]
INFO: [ app_begin ] --START--
INFO: Run Behavior\ReadHtmlCacheBehavior [ RunTime:0.000406s ]
INFO: [ app_begin ] --END-- [ RunTime:0.000458s ]
INFO: [ app_end ] --START--
INFO: Run Behavior\ShowPageTraceBehavior [ RunTime:0.000519s ]
INFO: [ app_end ] --END-- [ RunTime:0.000586s ]

[ 2017-03-06T21:01:21+08:00 ] 192.168.42.24 /first/index.php/MeilvAdmin/Login/login.html
INFO: [ app_init ] --START--
INFO: Run Behavior\BuildLiteBehavior [ RunTime:0.000014s ]
INFO: [ app_init ] --END-- [ RunTime:0.000291s ]
INFO: [ app_begin ] --START--
INFO: Run Behavior\ReadHtmlCacheBehavior [ RunTime:0.000452s ]
INFO: [ app_begin ] --END-- [ RunTime:0.000499s ]
SQL: SHOW COLUMNS FROM `mlv_user` [ RunTime:0.0007s ]
SQL: SHOW COLUMNS FROM `mlv_manager` [ RunTime:0.0004s ]
SQL: SELECT * FROM `mlv_manager` WHERE ( mname='admin' ) LIMIT 1   [ RunTime:0.0004s ]
INFO: [ view_parse ] --START--
INFO: [ template_filter ] --START--
INFO: Run Behavior\ContentReplaceBehavior [ RunTime:0.000038s ]
INFO: [ template_filter ] --END-- [ RunTime:0.000121s ]
INFO: Run Behavior\ParseTemplateBehavior [ RunTime:0.005469s ]
INFO: [ view_parse ] --END-- [ RunTime:0.005530s ]
INFO: [ view_filter ] --START--
INFO: Run Behavior\WriteHtmlCacheBehavior [ RunTime:0.000126s ]
INFO: Run Behavior\TokenBuildBehavior [ RunTime:0.000260s ]
INFO: [ view_filter ] --END-- [ RunTime:0.000451s ]

[ 2017-03-06T21:01:22+08:00 ] 192.168.42.24 /first/index.php/MeilvAdmin/Index/index.html
INFO: [ app_init ] --START--
INFO: Run Behavior\BuildLiteBehavior [ RunTime:0.000017s ]
INFO: [ app_init ] --END-- [ RunTime:0.000383s ]
INFO: [ app_begin ] --START--
INFO: Run Behavior\ReadHtmlCacheBehavior [ RunTime:0.000607s ]
INFO: [ app_begin ] --END-- [ RunTime:0.000663s ]
SQL: SHOW COLUMNS FROM `mlv_auth_group_access` [ RunTime:0.0004s ]
SQL: SELECT `uid`,`group_id`,`title`,`rules` FROM mlv_auth_group_access a INNER JOIN mlv_auth_group g on a.group_id=g.id  WHERE ( a.uid='1' and g.status='1' )  [ RunTime:0.0003s ]
SQL: SHOW COLUMNS FROM `mlv_auth_rule` [ RunTime:0.0004s ]
SQL: SELECT `condition`,`name` FROM `mlv_auth_rule` WHERE `id` IN ('1','2','3','4','5','6','7','8','9','10','11','12','13','14','20','21','15','16','17','19') AND `status` = 1  [ RunTime:0.0003s ]
INFO: [ view_parse ] --START--
INFO: [ template_filter ] --START--
INFO: Run Behavior\ContentReplaceBehavior [ RunTime:0.000111s ]
INFO: [ template_filter ] --END-- [ RunTime:0.000178s ]
NOTIC: [8] Undefined index: name /usr/local/apache2/htdocs/first/Application/Runtime/Cache/MeilvAdmin/8116c1de9c93b9fffd989c52dbbd5fa3.php 第 50 行.
INFO: Run Behavior\ParseTemplateBehavior [ RunTime:0.009989s ]
INFO: [ view_parse ] --END-- [ RunTime:0.010037s ]
INFO: [ view_filter ] --START--
INFO: Run Behavior\WriteHtmlCacheBehavior [ RunTime:0.000153s ]
INFO: Run Behavior\TokenBuildBehavior [ RunTime:0.000367s ]
INFO: [ view_filter ] --END-- [ RunTime:0.000585s ]
INFO: [ app_end ] --START--
INFO: Run Behavior\ShowPageTraceBehavior [ RunTime:0.000951s ]
INFO: [ app_end ] --END-- [ RunTime:0.001078s ]

[ 2017-03-06T21:01:22+08:00 ] 192.168.42.24 /first/index.php/MeilvAdmin/Index/welcome.html
INFO: [ app_init ] --START--
INFO: Run Behavior\BuildLiteBehavior [ RunTime:0.000014s ]
INFO: [ app_init ] --END-- [ RunTime:0.000321s ]
INFO: [ app_begin ] --START--
INFO: Run Behavior\ReadHtmlCacheBehavior [ RunTime:0.000404s ]
INFO: [ app_begin ] --END-- [ RunTime:0.000454s ]
SQL: SHOW COLUMNS FROM `mlv_auth_group_access` [ RunTime:0.0004s ]
SQL: SELECT `uid`,`group_id`,`title`,`rules` FROM mlv_auth_group_access a INNER JOIN mlv_auth_group g on a.group_id=g.id  WHERE ( a.uid='1' and g.status='1' )  [ RunTime:0.0002s ]
SQL: SHOW COLUMNS FROM `mlv_auth_rule` [ RunTime:0.0004s ]
SQL: SELECT `condition`,`name` FROM `mlv_auth_rule` WHERE `id` IN ('1','2','3','4','5','6','7','8','9','10','11','12','13','14','20','21','15','16','17','19') AND `status` = 1  [ RunTime:0.0002s ]
INFO: [ view_parse ] --START--
INFO: [ template_filter ] --START--
INFO: Run Behavior\ContentReplaceBehavior [ RunTime:0.000068s ]
INFO: [ template_filter ] --END-- [ RunTime:0.000122s ]
INFO: Run Behavior\ParseTemplateBehavior [ RunTime:0.007116s ]
INFO: [ view_parse ] --END-- [ RunTime:0.007164s ]
INFO: [ view_filter ] --START--
INFO: Run Behavior\WriteHtmlCacheBehavior [ RunTime:0.000125s ]
INFO: Run Behavior\TokenBuildBehavior [ RunTime:0.000301s ]
INFO: [ view_filter ] --END-- [ RunTime:0.000486s ]
INFO: [ app_end ] --START--
INFO: Run Behavior\ShowPageTraceBehavior [ RunTime:0.000416s ]
INFO: [ app_end ] --END-- [ RunTime:0.000457s ]

[ 2017-03-06T21:02:05+08:00 ] 192.168.42.24 /first/index.php/MeilvAdmin/Index/picture-list.html
INFO: [ app_init ] --START--
INFO: Run Behavior\BuildLiteBehavior [ RunTime:0.000014s ]
INFO: [ app_init ] --END-- [ RunTime:0.000312s ]
INFO: [ app_begin ] --START--
INFO: Run Behavior\ReadHtmlCacheBehavior [ RunTime:0.000413s ]
INFO: [ app_begin ] --END-- [ RunTime:0.000461s ]
SQL: SHOW COLUMNS FROM `mlv_auth_group_access` [ RunTime:0.0005s ]
SQL: SELECT `uid`,`group_id`,`title`,`rules` FROM mlv_auth_group_access a INNER JOIN mlv_auth_group g on a.group_id=g.id  WHERE ( a.uid='1' and g.status='1' )  [ RunTime:0.0004s ]
SQL: SHOW COLUMNS FROM `mlv_auth_rule` [ RunTime:0.0004s ]
SQL: SELECT `condition`,`name` FROM `mlv_auth_rule` WHERE `id` IN ('1','2','3','4','5','6','7','8','9','10','11','12','13','14','20','21','15','16','17','19') AND `status` = 1  [ RunTime:0.0002s ]
INFO: [ view_parse ] --START--
INFO: [ template_filter ] --START--
INFO: Run Behavior\ContentReplaceBehavior [ RunTime:0.000038s ]
INFO: [ template_filter ] --END-- [ RunTime:0.000087s ]
INFO: Run Behavior\ParseTemplateBehavior [ RunTime:0.005274s ]
INFO: [ view_parse ] --END-- [ RunTime:0.005322s ]
INFO: [ view_filter ] --START--
INFO: Run Behavior\WriteHtmlCacheBehavior [ RunTime:0.000123s ]
INFO: Run Behavior\TokenBuildBehavior [ RunTime:0.000270s ]
INFO: [ view_filter ] --END-- [ RunTime:0.000455s ]

[ 2017-03-06T21:02:08+08:00 ] 192.168.42.24 /first/index.php/MeilvAdmin/Index/welcome.html
INFO: [ app_init ] --START--
INFO: Run Behavior\BuildLiteBehavior [ RunTime:0.000013s ]
INFO: [ app_init ] --END-- [ RunTime:0.000292s ]
INFO: [ app_begin ] --START--
INFO: Run Behavior\ReadHtmlCacheBehavior [ RunTime:0.000392s ]
INFO: [ app_begin ] --END-- [ RunTime:0.000438s ]
SQL: SHOW COLUMNS FROM `mlv_auth_group_access` [ RunTime:0.0004s ]
SQL: SELECT `uid`,`group_id`,`title`,`rules` FROM mlv_auth_group_access a INNER JOIN mlv_auth_group g on a.group_id=g.id  WHERE ( a.uid='1' and g.status='1' )  [ RunTime:0.0003s ]
SQL: SHOW COLUMNS FROM `mlv_auth_rule` [ RunTime:0.0004s ]
SQL: SELECT `condition`,`name` FROM `mlv_auth_rule` WHERE `id` IN ('1','2','3','4','5','6','7','8','9','10','11','12','13','14','20','21','15','16','17','19') AND `status` = 1  [ RunTime:0.0002s ]
INFO: [ view_parse ] --START--
INFO: [ template_filter ] --START--
INFO: Run Behavior\ContentReplaceBehavior [ RunTime:0.000060s ]
INFO: [ template_filter ] --END-- [ RunTime:0.000106s ]
INFO: Run Behavior\ParseTemplateBehavior [ RunTime:0.006479s ]
INFO: [ view_parse ] --END-- [ RunTime:0.006524s ]
INFO: [ view_filter ] --START--
INFO: Run Behavior\WriteHtmlCacheBehavior [ RunTime:0.000119s ]
INFO: Run Behavior\TokenBuildBehavior [ RunTime:0.000294s ]
INFO: [ view_filter ] --END-- [ RunTime:0.000475s ]
INFO: [ app_end ] --START--
INFO: Run Behavior\ShowPageTraceBehavior [ RunTime:0.000421s ]
INFO: [ app_end ] --END-- [ RunTime:0.000463s ]

[ 2017-03-06T21:02:10+08:00 ] 192.168.42.24 /first/index.php/MeilvAdmin/Store/store_index.html
INFO: [ app_init ] --START--
INFO: Run Behavior\BuildLiteBehavior [ RunTime:0.000017s ]
INFO: [ app_init ] --END-- [ RunTime:0.000312s ]
INFO: [ app_begin ] --START--
INFO: Run Behavior\ReadHtmlCacheBehavior [ RunTime:0.000391s ]
INFO: [ app_begin ] --END-- [ RunTime:0.000441s ]
SQL: SHOW COLUMNS FROM `mlv_store` [ RunTime:0.0007s ]
SQL: SELECT * FROM `mlv_store` WHERE ( `status` = 1 OR `status` = 0 OR `status` = 4 )  [ RunTime:0.0002s ]
SQL: SHOW COLUMNS FROM `mlv_store_type` [ RunTime:0.0003s ]
SQL: SELECT * FROM `mlv_store_type` WHERE `id` = 2 LIMIT 1   [ RunTime:0.0003s ]
SQL: SELECT * FROM `mlv_store_type` WHERE `id` = 1 LIMIT 1   [ RunTime:0.0002s ]
SQL: SELECT * FROM `mlv_store_type` WHERE `id` = 6 LIMIT 1   [ RunTime:0.0001s ]
SQL: SELECT * FROM `mlv_store_type` WHERE `id` = 3 LIMIT 1   [ RunTime:0.0001s ]
SQL: SELECT * FROM `mlv_store_type` WHERE `id` = 1 LIMIT 1   [ RunTime:0.0001s ]
SQL: SELECT * FROM `mlv_store_type` WHERE `id` = 4 LIMIT 1   [ RunTime:0.0001s ]
SQL: SELECT * FROM `mlv_store_type` WHERE `id` = 1 LIMIT 1   [ RunTime:0.0001s ]
SQL: SELECT * FROM `mlv_store_type` WHERE `id` = 1 LIMIT 1   [ RunTime:0.0001s ]
INFO: [ view_parse ] --START--
INFO: [ template_filter ] --START--
INFO: Run Behavior\ContentReplaceBehavior [ RunTime:0.000077s ]
INFO: [ template_filter ] --END-- [ RunTime:0.000124s ]
INFO: Run Behavior\ParseTemplateBehavior [ RunTime:0.008332s ]
INFO: [ view_parse ] --END-- [ RunTime:0.008378s ]
INFO: [ view_filter ] --START--
INFO: Run Behavior\WriteHtmlCacheBehavior [ RunTime:0.000127s ]
INFO: Run Behavior\TokenBuildBehavior [ RunTime:0.000638s ]
INFO: [ view_filter ] --END-- [ RunTime:0.000834s ]
INFO: [ app_end ] --START--
INFO: Run Behavior\ShowPageTraceBehavior [ RunTime:0.000459s ]
INFO: [ app_end ] --END-- [ RunTime:0.000517s ]

[ 2017-03-06T21:02:12+08:00 ] 192.168.42.24 /first/index.php/MeilvAdmin/Store/showApplication.html
INFO: [ app_init ] --START--
INFO: Run Behavior\BuildLiteBehavior [ RunTime:0.000013s ]
INFO: [ app_init ] --END-- [ RunTime:0.000302s ]
INFO: [ app_begin ] --START--
INFO: Run Behavior\ReadHtmlCacheBehavior [ RunTime:0.000402s ]
INFO: [ app_begin ] --END-- [ RunTime:0.000450s ]
SQL: SHOW COLUMNS FROM `mlv_store` [ RunTime:0.0006s ]
SQL: SELECT * FROM `mlv_store` WHERE ( `status` = 2 OR `status` = 3 )  [ RunTime:0.0002s ]
INFO: [ view_parse ] --START--
INFO: [ template_filter ] --START--
INFO: Run Behavior\ContentReplaceBehavior [ RunTime:0.000095s ]
INFO: [ template_filter ] --END-- [ RunTime:0.000160s ]
INFO: Run Behavior\ParseTemplateBehavior [ RunTime:0.008730s ]
INFO: [ view_parse ] --END-- [ RunTime:0.008781s ]
INFO: [ view_filter ] --START--
INFO: Run Behavior\WriteHtmlCacheBehavior [ RunTime:0.000126s ]
INFO: Run Behavior\TokenBuildBehavior [ RunTime:0.000335s ]
INFO: [ view_filter ] --END-- [ RunTime:0.000523s ]
INFO: [ app_end ] --START--
INFO: Run Behavior\ShowPageTraceBehavior [ RunTime:0.000411s ]
INFO: [ app_end ] --END-- [ RunTime:0.000450s ]

[ 2017-03-06T21:02:13+08:00 ] 192.168.42.24 /first/index.php/MeilvAdmin/Store/type_index.html
INFO: [ app_init ] --START--
INFO: Run Behavior\BuildLiteBehavior [ RunTime:0.000018s ]
INFO: [ app_init ] --END-- [ RunTime:0.000386s ]
INFO: [ app_begin ] --START--
INFO: Run Behavior\ReadHtmlCacheBehavior [ RunTime:0.000514s ]
INFO: [ app_begin ] --END-- [ RunTime:0.000575s ]
SQL: SHOW COLUMNS FROM `mlv_store_type` [ RunTime:0.0004s ]
SQL: SELECT * FROM `mlv_store_type`  [ RunTime:0.0001s ]
INFO: [ view_parse ] --START--
INFO: [ template_filter ] --START--
INFO: Run Behavior\ContentReplaceBehavior [ RunTime:0.000061s ]
INFO: [ template_filter ] --END-- [ RunTime:0.000112s ]
INFO: Run Behavior\ParseTemplateBehavior [ RunTime:0.006632s ]
INFO: [ view_parse ] --END-- [ RunTime:0.006681s ]
INFO: [ view_filter ] --START--
INFO: Run Behavior\WriteHtmlCacheBehavior [ RunTime:0.000120s ]
INFO: Run Behavior\TokenBuildBehavior [ RunTime:0.000306s ]
INFO: [ view_filter ] --END-- [ RunTime:0.000496s ]
INFO: [ app_end ] --START--
INFO: Run Behavior\ShowPageTraceBehavior [ RunTime:0.000430s ]
INFO: [ app_end ] --END-- [ RunTime:0.000736s ]

[ 2017-03-06T21:02:13+08:00 ] 192.168.42.24 /first/index.php/MeilvAdmin/Store/type_add.html
INFO: [ app_init ] --START--
INFO: Run Behavior\BuildLiteBehavior [ RunTime:0.000022s ]
INFO: [ app_init ] --END-- [ RunTime:0.000416s ]
INFO: [ app_begin ] --START--
INFO: Run Behavior\ReadHtmlCacheBehavior [ RunTime:0.000404s ]
INFO: [ app_begin ] --END-- [ RunTime:0.000455s ]
INFO: [ view_parse ] --START--
INFO: [ template_filter ] --START--
INFO: Run Behavior\ContentReplaceBehavior [ RunTime:0.000060s ]
INFO: [ template_filter ] --END-- [ RunTime:0.000109s ]
INFO: Run Behavior\ParseTemplateBehavior [ RunTime:0.005677s ]
INFO: [ view_parse ] --END-- [ RunTime:0.005722s ]
INFO: [ view_filter ] --START--
INFO: Run Behavior\WriteHtmlCacheBehavior [ RunTime:0.000121s ]
INFO: Run Behavior\TokenBuildBehavior [ RunTime:0.000341s ]
INFO: [ view_filter ] --END-- [ RunTime:0.000525s ]
INFO: [ app_end ] --START--
INFO: Run Behavior\ShowPageTraceBehavior [ RunTime:0.000416s ]
INFO: [ app_end ] --END-- [ RunTime:0.000456s ]

[ 2017-03-06T21:02:16+08:00 ] 192.168.42.24 /first/index.php/MeilvAdmin/Friend/listShow.html
INFO: [ app_init ] --START--
INFO: Run Behavior\BuildLiteBehavior [ RunTime:0.000017s ]
INFO: [ app_init ] --END-- [ RunTime:0.000626s ]
INFO: [ app_begin ] --START--
INFO: Run Behavior\ReadHtmlCacheBehavior [ RunTime:0.000437s ]
INFO: [ app_begin ] --END-- [ RunTime:0.000488s ]
SQL: SHOW COLUMNS FROM `mlv_auth_group_access` [ RunTime:0.0004s ]
SQL: SELECT `uid`,`group_id`,`title`,`rules` FROM mlv_auth_group_access a INNER JOIN mlv_auth_group g on a.group_id=g.id  WHERE ( a.uid='1' and g.status='1' )  [ RunTime:0.0003s ]
SQL: SHOW COLUMNS FROM `mlv_auth_rule` [ RunTime:0.0004s ]
SQL: SELECT `condition`,`name` FROM `mlv_auth_rule` WHERE `id` IN ('1','2','3','4','5','6','7','8','9','10','11','12','13','14','20','21','15','16','17','19') AND `status` = 1  [ RunTime:0.0002s ]
SQL: SHOW COLUMNS FROM `mlv_link` [ RunTime:0.0004s ]
SQL: SHOW COLUMNS FROM `mlv_link` [ RunTime:0.0003s ]
SQL: SELECT * FROM `mlv_link`  [ RunTime:0.0001s ]
INFO: [ view_parse ] --START--
INFO: [ template_filter ] --START--
INFO: Run Behavior\ContentReplaceBehavior [ RunTime:0.000055s ]
INFO: [ template_filter ] --END-- [ RunTime:0.000106s ]
INFO: Run Behavior\ParseTemplateBehavior [ RunTime:0.006699s ]
INFO: [ view_parse ] --END-- [ RunTime:0.006762s ]
INFO: [ view_filter ] --START--
INFO: Run Behavior\WriteHtmlCacheBehavior [ RunTime:0.000122s ]
INFO: Run Behavior\TokenBuildBehavior [ RunTime:0.000282s ]
INFO: [ view_filter ] --END-- [ RunTime:0.000471s ]
INFO: [ app_end ] --START--
INFO: Run Behavior\ShowPageTraceBehavior [ RunTime:0.000637s ]
INFO: [ app_end ] --END-- [ RunTime:0.000686s ]

[ 2017-03-06T21:02:18+08:00 ] 192.168.42.24 /first/index.php/MeilvAdmin/Friend/listAdd.html
INFO: [ app_init ] --START--
INFO: Run Behavior\BuildLiteBehavior [ RunTime:0.000014s ]
INFO: [ app_init ] --END-- [ RunTime:0.000329s ]
INFO: [ app_begin ] --START--
INFO: Run Behavior\ReadHtmlCacheBehavior [ RunTime:0.000386s ]
INFO: [ app_begin ] --END-- [ RunTime:0.000434s ]
SQL: SHOW COLUMNS FROM `mlv_auth_group_access` [ RunTime:0.0004s ]
SQL: SELECT `uid`,`group_id`,`title`,`rules` FROM mlv_auth_group_access a INNER JOIN mlv_auth_group g on a.group_id=g.id  WHERE ( a.uid='1' and g.status='1' )  [ RunTime:0.0003s ]
SQL: SHOW COLUMNS FROM `mlv_auth_rule` [ RunTime:0.0004s ]
SQL: SELECT `condition`,`name` FROM `mlv_auth_rule` WHERE `id` IN ('1','2','3','4','5','6','7','8','9','10','11','12','13','14','20','21','15','16','17','19') AND `status` = 1  [ RunTime:0.0003s ]
INFO: [ view_parse ] --START--
INFO: [ template_filter ] --START--
INFO: Run Behavior\ContentReplaceBehavior [ RunTime:0.000057s ]
INFO: [ template_filter ] --END-- [ RunTime:0.000110s ]
INFO: Run Behavior\ParseTemplateBehavior [ RunTime:0.005528s ]
INFO: [ view_parse ] --END-- [ RunTime:0.005574s ]
INFO: [ view_filter ] --START--
INFO: Run Behavior\WriteHtmlCacheBehavior [ RunTime:0.000120s ]
INFO: Run Behavior\TokenBuildBehavior [ RunTime:0.000288s ]
INFO: [ view_filter ] --END-- [ RunTime:0.000467s ]
INFO: [ app_end ] --START--
INFO: Run Behavior\ShowPageTraceBehavior [ RunTime:0.000412s ]
INFO: [ app_end ] --END-- [ RunTime:0.000451s ]

[ 2017-03-06T21:02:19+08:00 ] 192.168.42.24 /first/index.php/MeilvAdmin/User/index.html
INFO: [ app_init ] --START--
INFO: Run Behavior\BuildLiteBehavior [ RunTime:0.000013s ]
INFO: [ app_init ] --END-- [ RunTime:0.000289s ]
INFO: [ app_begin ] --START--
INFO: Run Behavior\ReadHtmlCacheBehavior [ RunTime:0.000388s ]
INFO: [ app_begin ] --END-- [ RunTime:0.000433s ]
SQL: SHOW COLUMNS FROM `mlv_auth_group_access` [ RunTime:0.0004s ]
SQL: SELECT `uid`,`group_id`,`title`,`rules` FROM mlv_auth_group_access a INNER JOIN mlv_auth_group g on a.group_id=g.id  WHERE ( a.uid='1' and g.status='1' )  [ RunTime:0.0002s ]
SQL: SHOW COLUMNS FROM `mlv_auth_rule` [ RunTime:0.0004s ]
SQL: SELECT `condition`,`name` FROM `mlv_auth_rule` WHERE `id` IN ('1','2','3','4','5','6','7','8','9','10','11','12','13','14','20','21','15','16','17','19') AND `status` = 1  [ RunTime:0.0002s ]
SQL: SHOW COLUMNS FROM `mlv_user` [ RunTime:0.0004s ]
SQL: SHOW COLUMNS FROM `mlv_user` [ RunTime:0.0005s ]
SQL: SELECT * FROM `mlv_user`  [ RunTime:0.0003s ]
INFO: [ view_parse ] --START--
INFO: [ template_filter ] --START--
INFO: Run Behavior\ContentReplaceBehavior [ RunTime:0.000082s ]
INFO: [ template_filter ] --END-- [ RunTime:0.000128s ]
NOTIC: [8] Undefined variable: v /usr/local/apache2/htdocs/first/Application/Runtime/Cache/MeilvAdmin/22e5c78f764a377bb9f57338e272afd9.php 第 72 行.
NOTIC: [8] Undefined variable: v /usr/local/apache2/htdocs/first/Application/Runtime/Cache/MeilvAdmin/22e5c78f764a377bb9f57338e272afd9.php 第 72 行.
NOTIC: [8] Undefined variable: v /usr/local/apache2/htdocs/first/Application/Runtime/Cache/MeilvAdmin/22e5c78f764a377bb9f57338e272afd9.php 第 72 行.
NOTIC: [8] Undefined variable: v /usr/local/apache2/htdocs/first/Application/Runtime/Cache/MeilvAdmin/22e5c78f764a377bb9f57338e272afd9.php 第 72 行.
NOTIC: [8] Undefined variable: v /usr/local/apache2/htdocs/first/Application/Runtime/Cache/MeilvAdmin/22e5c78f764a377bb9f57338e272afd9.php 第 72 行.
NOTIC: [8] Undefined variable: v /usr/local/apache2/htdocs/first/Application/Runtime/Cache/MeilvAdmin/22e5c78f764a377bb9f57338e272afd9.php 第 72 行.
NOTIC: [8] Undefined variable: v /usr/local/apache2/htdocs/first/Application/Runtime/Cache/MeilvAdmin/22e5c78f764a377bb9f57338e272afd9.php 第 72 行.
NOTIC: [8] Undefined variable: v /usr/local/apache2/htdocs/first/Application/Runtime/Cache/MeilvAdmin/22e5c78f764a377bb9f57338e272afd9.php 第 72 行.
NOTIC: [8] Undefined variable: v /usr/local/apache2/htdocs/first/Application/Runtime/Cache/MeilvAdmin/22e5c78f764a377bb9f57338e272afd9.php 第 72 行.
NOTIC: [8] Undefined variable: v /usr/local/apache2/htdocs/first/Application/Runtime/Cache/MeilvAdmin/22e5c78f764a377bb9f57338e272afd9.php 第 72 行.
NOTIC: [8] Undefined variable: v /usr/local/apache2/htdocs/first/Application/Runtime/Cache/MeilvAdmin/22e5c78f764a377bb9f57338e272afd9.php 第 72 行.
NOTIC: [8] Undefined variable: v /usr/local/apache2/htdocs/first/Application/Runtime/Cache/MeilvAdmin/22e5c78f764a377bb9f57338e272afd9.php 第 72 行.
NOTIC: [8] Undefined variable: v /usr/local/apache2/htdocs/first/Application/Runtime/Cache/MeilvAdmin/22e5c78f764a377bb9f57338e272afd9.php 第 72 行.
NOTIC: [8] Undefined variable: v /usr/local/apache2/htdocs/first/Application/Runtime/Cache/MeilvAdmin/22e5c78f764a377bb9f57338e272afd9.php 第 72 行.
NOTIC: [8] Undefined variable: v /usr/local/apache2/htdocs/first/Application/Runtime/Cache/MeilvAdmin/22e5c78f764a377bb9f57338e272afd9.php 第 72 行.
NOTIC: [8] Undefined variable: v /usr/local/apache2/htdocs/first/Application/Runtime/Cache/MeilvAdmin/22e5c78f764a377bb9f57338e272afd9.php 第 72 行.
NOTIC: [8] Undefined variable: v /usr/local/apache2/htdocs/first/Application/Runtime/Cache/MeilvAdmin/22e5c78f764a377bb9f57338e272afd9.php 第 72 行.
NOTIC: [8] Undefined variable: v /usr/local/apache2/htdocs/first/Application/Runtime/Cache/MeilvAdmin/22e5c78f764a377bb9f57338e272afd9.php 第 72 行.
NOTIC: [8] Undefined variable: v /usr/local/apache2/htdocs/first/Application/Runtime/Cache/MeilvAdmin/22e5c78f764a377bb9f57338e272afd9.php 第 72 行.
NOTIC: [8] Undefined variable: v /usr/local/apache2/htdocs/first/Application/Runtime/Cache/MeilvAdmin/22e5c78f764a377bb9f57338e272afd9.php 第 72 行.
NOTIC: [8] Undefined variable: v /usr/local/apache2/htdocs/first/Application/Runtime/Cache/MeilvAdmin/22e5c78f764a377bb9f57338e272afd9.php 第 72 行.
NOTIC: [8] Undefined variable: v /usr/local/apache2/htdocs/first/Application/Runtime/Cache/MeilvAdmin/22e5c78f764a377bb9f57338e272afd9.php 第 72 行.
NOTIC: [8] Undefined variable: v /usr/local/apache2/htdocs/first/Application/Runtime/Cache/MeilvAdmin/22e5c78f764a377bb9f57338e272afd9.php 第 72 行.
NOTIC: [8] Undefined variable: v /usr/local/apache2/htdocs/first/Application/Runtime/Cache/MeilvAdmin/22e5c78f764a377bb9f57338e272afd9.php 第 72 行.
NOTIC: [8] Undefined variable: v /usr/local/apache2/htdocs/first/Application/Runtime/Cache/MeilvAdmin/22e5c78f764a377bb9f57338e272afd9.php 第 72 行.
NOTIC: [8] Undefined variable: v /usr/local/apache2/htdocs/first/Application/Runtime/Cache/MeilvAdmin/22e5c78f764a377bb9f57338e272afd9.php 第 72 行.
NOTIC: [8] Undefined variable: v /usr/local/apache2/htdocs/first/Application/Runtime/Cache/MeilvAdmin/22e5c78f764a377bb9f57338e272afd9.php 第 72 行.
NOTIC: [8] Undefined variable: v /usr/local/apache2/htdocs/first/Application/Runtime/Cache/MeilvAdmin/22e5c78f764a377bb9f57338e272afd9.php 第 72 行.
NOTIC: [8] Undefined variable: v /usr/local/apache2/htdocs/first/Application/Runtime/Cache/MeilvAdmin/22e5c78f764a377bb9f57338e272afd9.php 第 72 行.
NOTIC: [8] Undefined variable: v /usr/local/apache2/htdocs/first/Application/Runtime/Cache/MeilvAdmin/22e5c78f764a377bb9f57338e272afd9.php 第 72 行.
INFO: Run Behavior\ParseTemplateBehavior [ RunTime:0.010689s ]
INFO: [ view_parse ] --END-- [ RunTime:0.010735s ]
INFO: [ view_filter ] --START--
INFO: Run Behavior\WriteHtmlCacheBehavior [ RunTime:0.000141s ]
INFO: Run Behavior\TokenBuildBehavior [ RunTime:0.000573s ]
INFO: [ view_filter ] --END-- [ RunTime:0.000786s ]
INFO: [ app_end ] --START--
INFO: Run Behavior\ShowPageTraceBehavior [ RunTime:0.000431s ]
INFO: [ app_end ] --END-- [ RunTime:0.000483s ]

[ 2017-03-06T21:02:20+08:00 ] 192.168.42.24 /first/index.php/MeilvAdmin/User/editor.html
INFO: [ app_init ] --START--
INFO: Run Behavior\BuildLiteBehavior [ RunTime:0.000014s ]
INFO: [ app_init ] --END-- [ RunTime:0.000321s ]
INFO: [ app_begin ] --START--
INFO: Run Behavior\ReadHtmlCacheBehavior [ RunTime:0.000388s ]
INFO: [ app_begin ] --END-- [ RunTime:0.000433s ]
SQL: SHOW COLUMNS FROM `mlv_auth_group_access` [ RunTime:0.0004s ]
SQL: SELECT `uid`,`group_id`,`title`,`rules` FROM mlv_auth_group_access a INNER JOIN mlv_auth_group g on a.group_id=g.id  WHERE ( a.uid='1' and g.status='1' )  [ RunTime:0.0002s ]
SQL: SHOW COLUMNS FROM `mlv_auth_rule` [ RunTime:0.0005s ]
SQL: SELECT `condition`,`name` FROM `mlv_auth_rule` WHERE `id` IN ('1','2','3','4','5','6','7','8','9','10','11','12','13','14','20','21','15','16','17','19') AND `status` = 1  [ RunTime:0.0002s ]
INFO: [ view_parse ] --START--
INFO: [ template_filter ] --START--
INFO: Run Behavior\ContentReplaceBehavior [ RunTime:0.000063s ]
INFO: [ template_filter ] --END-- [ RunTime:0.000111s ]
INFO: Run Behavior\ParseTemplateBehavior [ RunTime:0.006026s ]
INFO: [ view_parse ] --END-- [ RunTime:0.006070s ]
INFO: [ view_filter ] --START--
INFO: Run Behavior\WriteHtmlCacheBehavior [ RunTime:0.000123s ]
INFO: Run Behavior\TokenBuildBehavior [ RunTime:0.000306s ]
INFO: [ view_filter ] --END-- [ RunTime:0.000490s ]
INFO: [ app_end ] --START--
INFO: Run Behavior\ShowPageTraceBehavior [ RunTime:0.000657s ]
INFO: [ app_end ] --END-- [ RunTime:0.000699s ]

[ 2017-03-06T21:02:20+08:00 ] 192.168.42.24 /first/index.php/MeilvAdmin/User/static/h-ui/js/H-ui.min.js
INFO: [ app_init ] --START--
INFO: Run Behavior\BuildLiteBehavior [ RunTime:0.000016s ]
INFO: [ app_init ] --END-- [ RunTime:0.003516s ]
INFO: [ app_begin ] --START--
INFO: Run Behavior\ReadHtmlCacheBehavior [ RunTime:0.000400s ]
INFO: [ app_begin ] --END-- [ RunTime:0.000446s ]
SQL: SHOW COLUMNS FROM `mlv_auth_group_access` [ RunTime:0.0005s ]
SQL: SELECT `uid`,`group_id`,`title`,`rules` FROM mlv_auth_group_access a INNER JOIN mlv_auth_group g on a.group_id=g.id  WHERE ( a.uid='1' and g.status='1' )  [ RunTime:0.0002s ]
SQL: SHOW COLUMNS FROM `mlv_auth_rule` [ RunTime:0.0004s ]
SQL: SELECT `condition`,`name` FROM `mlv_auth_rule` WHERE `id` IN ('1','2','3','4','5','6','7','8','9','10','11','12','13','14','20','21','15','16','17','19') AND `status` = 1  [ RunTime:0.0002s ]
INFO: [ view_parse ] --START--
INFO: [ template_filter ] --START--
INFO: Run Behavior\ContentReplaceBehavior [ RunTime:0.000038s ]
INFO: [ template_filter ] --END-- [ RunTime:0.000088s ]
INFO: Run Behavior\ParseTemplateBehavior [ RunTime:0.005258s ]
INFO: [ view_parse ] --END-- [ RunTime:0.005303s ]
INFO: [ view_filter ] --START--
INFO: Run Behavior\WriteHtmlCacheBehavior [ RunTime:0.000118s ]
INFO: Run Behavior\TokenBuildBehavior [ RunTime:0.000262s ]
INFO: [ view_filter ] --END-- [ RunTime:0.000439s ]

[ 2017-03-06T21:02:20+08:00 ] 192.168.42.24 /first/index.php/MeilvAdmin/User/lib/layer/2.4/layer.js
INFO: [ app_init ] --START--
INFO: Run Behavior\BuildLiteBehavior [ RunTime:0.000014s ]
INFO: [ app_init ] --END-- [ RunTime:0.000288s ]
INFO: [ app_begin ] --START--
INFO: Run Behavior\ReadHtmlCacheBehavior [ RunTime:0.000387s ]
INFO: [ app_begin ] --END-- [ RunTime:0.000433s ]
SQL: SHOW COLUMNS FROM `mlv_auth_group_access` [ RunTime:0.0005s ]
SQL: SELECT `uid`,`group_id`,`title`,`rules` FROM mlv_auth_group_access a INNER JOIN mlv_auth_group g on a.group_id=g.id  WHERE ( a.uid='1' and g.status='1' )  [ RunTime:0.0002s ]
SQL: SHOW COLUMNS FROM `mlv_auth_rule` [ RunTime:0.0004s ]
SQL: SELECT `condition`,`name` FROM `mlv_auth_rule` WHERE `id` IN ('1','2','3','4','5','6','7','8','9','10','11','12','13','14','20','21','15','16','17','19') AND `status` = 1  [ RunTime:0.0002s ]
INFO: [ view_parse ] --START--
INFO: [ template_filter ] --START--
INFO: Run Behavior\ContentReplaceBehavior [ RunTime:0.000038s ]
INFO: [ template_filter ] --END-- [ RunTime:0.000089s ]
INFO: Run Behavior\ParseTemplateBehavior [ RunTime:0.005434s ]
INFO: [ view_parse ] --END-- [ RunTime:0.005545s ]
INFO: [ view_filter ] --START--
INFO: Run Behavior\WriteHtmlCacheBehavior [ RunTime:0.000129s ]
INFO: Run Behavior\TokenBuildBehavior [ RunTime:0.000267s ]
INFO: [ view_filter ] --END-- [ RunTime:0.000460s ]

[ 2017-03-06T21:02:20+08:00 ] 192.168.42.24 /first/index.php/MeilvAdmin/User/static/h-ui.admin/js/H-ui.admin.js
INFO: [ app_init ] --START--
INFO: Run Behavior\BuildLiteBehavior [ RunTime:0.000015s ]
INFO: [ app_init ] --END-- [ RunTime:0.000302s ]
INFO: [ app_begin ] --START--
INFO: Run Behavior\ReadHtmlCacheBehavior [ RunTime:0.013069s ]
INFO: [ app_begin ] --END-- [ RunTime:0.013119s ]
SQL: SHOW COLUMNS FROM `mlv_auth_group_access` [ RunTime:0.0005s ]
SQL: SELECT `uid`,`group_id`,`title`,`rules` FROM mlv_auth_group_access a INNER JOIN mlv_auth_group g on a.group_id=g.id  WHERE ( a.uid='1' and g.status='1' )  [ RunTime:0.0003s ]
SQL: SHOW COLUMNS FROM `mlv_auth_rule` [ RunTime:0.0005s ]
SQL: SELECT `condition`,`name` FROM `mlv_auth_rule` WHERE `id` IN ('1','2','3','4','5','6','7','8','9','10','11','12','13','14','20','21','15','16','17','19') AND `status` = 1  [ RunTime:0.0003s ]
INFO: [ view_parse ] --START--
INFO: [ template_filter ] --START--
INFO: Run Behavior\ContentReplaceBehavior [ RunTime:0.000036s ]
INFO: [ template_filter ] --END-- [ RunTime:0.000082s ]
INFO: Run Behavior\ParseTemplateBehavior [ RunTime:0.005023s ]
INFO: [ view_parse ] --END-- [ RunTime:0.005069s ]
INFO: [ view_filter ] --START--
INFO: Run Behavior\WriteHtmlCacheBehavior [ RunTime:0.000118s ]
INFO: Run Behavior\TokenBuildBehavior [ RunTime:0.000259s ]
INFO: [ view_filter ] --END-- [ RunTime:0.000436s ]

[ 2017-03-06T21:02:21+08:00 ] 192.168.42.24 /first/index.php/MeilvAdmin/User/lib/jquery/1.9.1/jquery.min.js
INFO: [ app_init ] --START--
INFO: Run Behavior\BuildLiteBehavior [ RunTime:0.000016s ]
INFO: [ app_init ] --END-- [ RunTime:0.008511s ]
INFO: [ app_begin ] --START--
INFO: Run Behavior\ReadHtmlCacheBehavior [ RunTime:0.000401s ]
INFO: [ app_begin ] --END-- [ RunTime:0.000449s ]
SQL: SHOW COLUMNS FROM `mlv_auth_group_access` [ RunTime:0.0005s ]
SQL: SELECT `uid`,`group_id`,`title`,`rules` FROM mlv_auth_group_access a INNER JOIN mlv_auth_group g on a.group_id=g.id  WHERE ( a.uid='1' and g.status='1' )  [ RunTime:0.0002s ]
SQL: SHOW COLUMNS FROM `mlv_auth_rule` [ RunTime:0.0004s ]
SQL: SELECT `condition`,`name` FROM `mlv_auth_rule` WHERE `id` IN ('1','2','3','4','5','6','7','8','9','10','11','12','13','14','20','21','15','16','17','19') AND `status` = 1  [ RunTime:0.0002s ]
INFO: [ view_parse ] --START--
INFO: [ template_filter ] --START--
INFO: Run Behavior\ContentReplaceBehavior [ RunTime:0.000041s ]
INFO: [ template_filter ] --END-- [ RunTime:0.000095s ]
INFO: Run Behavior\ParseTemplateBehavior [ RunTime:0.005320s ]
INFO: [ view_parse ] --END-- [ RunTime:0.005371s ]
INFO: [ view_filter ] --START--
INFO: Run Behavior\WriteHtmlCacheBehavior [ RunTime:0.000116s ]
INFO: Run Behavior\TokenBuildBehavior [ RunTime:0.000601s ]
INFO: [ view_filter ] --END-- [ RunTime:0.000785s ]

[ 2017-03-06T21:02:22+08:00 ] 192.168.42.24 /first/index.php/MeilvAdmin/Auth/adminRole.html
INFO: [ app_init ] --START--
INFO: Run Behavior\BuildLiteBehavior [ RunTime:0.000013s ]
INFO: [ app_init ] --END-- [ RunTime:0.000282s ]
INFO: [ app_begin ] --START--
INFO: Run Behavior\ReadHtmlCacheBehavior [ RunTime:0.000379s ]
INFO: [ app_begin ] --END-- [ RunTime:0.000425s ]
SQL: SHOW COLUMNS FROM `mlv_auth_group_access` [ RunTime:0.0005s ]
SQL: SELECT `uid`,`group_id`,`title`,`rules` FROM mlv_auth_group_access a INNER JOIN mlv_auth_group g on a.group_id=g.id  WHERE ( a.uid='1' and g.status='1' )  [ RunTime:0.0002s ]
SQL: SHOW COLUMNS FROM `mlv_auth_rule` [ RunTime:0.0004s ]
SQL: SELECT `condition`,`name` FROM `mlv_auth_rule` WHERE `id` IN ('1','2','3','4','5','6','7','8','9','10','11','12','13','14','20','21','15','16','17','19') AND `status` = 1  [ RunTime:0.0002s ]
SQL: SHOW COLUMNS FROM `mlv_auth_group` [ RunTime:0.0004s ]
SQL: SHOW COLUMNS FROM `mlv_auth_group` [ RunTime:0.0003s ]
SQL: SELECT a.title atitle,a.* FROM mlv_auth_group a  [ RunTime:0.0002s ]
SQL: SHOW COLUMNS FROM `mlv_auth_rule` [ RunTime:0.0004s ]
SQL: SELECT `title` FROM mlv_auth_rule a WHERE ( id in(1,2,3,4,5,6,7,8,9,10,11,12,13,14,20,21,15,16,17,19) )  [ RunTime:0.0002s ]
SQL: SELECT `title` FROM mlv_auth_rule a WHERE ( id in(1,2,7,8,11,13) )  [ RunTime:0.0001s ]
SQL: SELECT `title` FROM mlv_auth_rule a WHERE ( id in(1,2,3,4,5,6,7,8,11) )  [ RunTime:0.0001s ]
INFO: [ view_parse ] --START--
INFO: [ template_filter ] --START--
INFO: Run Behavior\ContentReplaceBehavior [ RunTime:0.000061s ]
INFO: [ template_filter ] --END-- [ RunTime:0.000118s ]
NOTIC: [8] Use of undefined constant adminAdd - assumed 'adminAdd' /usr/local/apache2/htdocs/first/Application/Runtime/Cache/MeilvAdmin/f2ec61f4fedf70bae2811452369dd811.php 第 27 行.
NOTIC: [8] Use of undefined constant adminSave - assumed 'adminSave' /usr/local/apache2/htdocs/first/Application/Runtime/Cache/MeilvAdmin/f2ec61f4fedf70bae2811452369dd811.php 第 45 行.
NOTIC: [8] Use of undefined constant adminSave - assumed 'adminSave' /usr/local/apache2/htdocs/first/Application/Runtime/Cache/MeilvAdmin/f2ec61f4fedf70bae2811452369dd811.php 第 45 行.
NOTIC: [8] Use of undefined constant adminSave - assumed 'adminSave' /usr/local/apache2/htdocs/first/Application/Runtime/Cache/MeilvAdmin/f2ec61f4fedf70bae2811452369dd811.php 第 45 行.
INFO: Run Behavior\ParseTemplateBehavior [ RunTime:0.007384s ]
INFO: [ view_parse ] --END-- [ RunTime:0.007430s ]
INFO: [ view_filter ] --START--
INFO: Run Behavior\WriteHtmlCacheBehavior [ RunTime:0.000123s ]
INFO: Run Behavior\TokenBuildBehavior [ RunTime:0.000290s ]
INFO: [ view_filter ] --END-- [ RunTime:0.000475s ]
INFO: [ app_end ] --START--
INFO: Run Behavior\ShowPageTraceBehavior [ RunTime:0.000406s ]
INFO: [ app_end ] --END-- [ RunTime:0.000449s ]

[ 2017-03-06T21:02:23+08:00 ] 192.168.42.24 /first/index.php/MeilvAdmin/Auth/adminPermission.html
INFO: [ app_init ] --START--
INFO: Run Behavior\BuildLiteBehavior [ RunTime:0.000013s ]
INFO: [ app_init ] --END-- [ RunTime:0.000298s ]
INFO: [ app_begin ] --START--
INFO: Run Behavior\ReadHtmlCacheBehavior [ RunTime:0.000388s ]
INFO: [ app_begin ] --END-- [ RunTime:0.000434s ]
SQL: SHOW COLUMNS FROM `mlv_auth_group_access` [ RunTime:0.0004s ]
SQL: SELECT `uid`,`group_id`,`title`,`rules` FROM mlv_auth_group_access a INNER JOIN mlv_auth_group g on a.group_id=g.id  WHERE ( a.uid='1' and g.status='1' )  [ RunTime:0.0002s ]
SQL: SHOW COLUMNS FROM `mlv_auth_rule` [ RunTime:0.0004s ]
SQL: SELECT `condition`,`name` FROM `mlv_auth_rule` WHERE `id` IN ('1','2','3','4','5','6','7','8','9','10','11','12','13','14','20','21','15','16','17','19') AND `status` = 1  [ RunTime:0.0003s ]
SQL: SHOW COLUMNS FROM `mlv_auth_rule` [ RunTime:0.0004s ]
SQL: SHOW COLUMNS FROM `mlv_auth_rule` [ RunTime:0.0004s ]
SQL: SELECT r.name rname,r.*,c.name FROM mlv_auth_rule r LEFT JOIN mlv_auth_rule_classify  c ON r.cid = c.id   [ RunTime:0.0003s ]
SQL: SELECT r.name rname,r.*,c.name FROM mlv_auth_rule r LEFT JOIN mlv_auth_rule_classify  c ON r.cid = c.id  LIMIT 0,5   [ RunTime:0.0002s ]
INFO: [ view_parse ] --START--
INFO: [ template_filter ] --START--
INFO: Run Behavior\ContentReplaceBehavior [ RunTime:0.000057s ]
INFO: [ template_filter ] --END-- [ RunTime:0.000109s ]
INFO: Run Behavior\ParseTemplateBehavior [ RunTime:0.006506s ]
INFO: [ view_parse ] --END-- [ RunTime:0.006552s ]
INFO: [ view_filter ] --START--
INFO: Run Behavior\WriteHtmlCacheBehavior [ RunTime:0.000121s ]
INFO: Run Behavior\TokenBuildBehavior [ RunTime:0.000286s ]
INFO: [ view_filter ] --END-- [ RunTime:0.000465s ]
INFO: [ app_end ] --START--
INFO: Run Behavior\ShowPageTraceBehavior [ RunTime:0.000400s ]
INFO: [ app_end ] --END-- [ RunTime:0.000441s ]

[ 2017-03-06T21:02:23+08:00 ] 192.168.42.24 /first/index.php/MeilvAdmin/Manager/adminList.html
INFO: [ app_init ] --START--
INFO: Run Behavior\BuildLiteBehavior [ RunTime:0.000013s ]
INFO: [ app_init ] --END-- [ RunTime:0.000290s ]
INFO: [ app_begin ] --START--
INFO: Run Behavior\ReadHtmlCacheBehavior [ RunTime:0.000413s ]
INFO: [ app_begin ] --END-- [ RunTime:0.000470s ]
SQL: SHOW COLUMNS FROM `mlv_auth_group_access` [ RunTime:0.0004s ]
SQL: SELECT `uid`,`group_id`,`title`,`rules` FROM mlv_auth_group_access a INNER JOIN mlv_auth_group g on a.group_id=g.id  WHERE ( a.uid='1' and g.status='1' )  [ RunTime:0.0002s ]
SQL: SHOW COLUMNS FROM `mlv_auth_rule` [ RunTime:0.0004s ]
SQL: SELECT `condition`,`name` FROM `mlv_auth_rule` WHERE `id` IN ('1','2','3','4','5','6','7','8','9','10','11','12','13','14','20','21','15','16','17','19') AND `status` = 1  [ RunTime:0.0002s ]
NOTIC: [2048] Declaration of MeilvAdmin\Model\ManagerModel::delete() should be compatible with Think\Model::delete($options = Array) /usr/local/apache2/htdocs/first/Application/MeilvAdmin/Model/ManagerModel.class.php 第 252 行.
SQL: SHOW COLUMNS FROM `mlv_manager` [ RunTime:0.0004s ]
SQL: SHOW COLUMNS FROM `mlv_manager` [ RunTime:0.0004s ]
NOTIC: [8] Undefined variable: search /usr/local/apache2/htdocs/first/Application/MeilvAdmin/Model/ManagerModel.class.php 第 31 行.
SQL: SELECT m.time as mtime,m.*,a.*,g.status as gstatus,g.title FROM mlv_manager m LEFT JOIN mlv_auth_group_access a ON m.id = a.uid LEFT JOIN mlv_auth_group g ON g.id = a.group_id   [ RunTime:0.0003s ]
NOTIC: [8] Undefined variable: search /usr/local/apache2/htdocs/first/Application/MeilvAdmin/Model/ManagerModel.class.php 第 42 行.
SQL: SELECT m.time as mtime,m.*,a.*,g.status as gstatus,g.title FROM mlv_manager m LEFT JOIN mlv_auth_group_access a ON m.id = a.uid LEFT JOIN mlv_auth_group g ON g.id = a.group_id  LIMIT 0,6   [ RunTime:0.0003s ]
INFO: [ view_parse ] --START--
INFO: [ template_filter ] --START--
INFO: Run Behavior\ContentReplaceBehavior [ RunTime:0.000078s ]
INFO: [ template_filter ] --END-- [ RunTime:0.000122s ]
NOTIC: [8] Use of undefined constant addManager - assumed 'addManager' /usr/local/apache2/htdocs/first/Application/Runtime/Cache/MeilvAdmin/014391748664add7096d0250917cd55b.php 第 34 行.
INFO: Run Behavior\ParseTemplateBehavior [ RunTime:0.008886s ]
INFO: [ view_parse ] --END-- [ RunTime:0.008936s ]
INFO: [ view_filter ] --START--
INFO: Run Behavior\WriteHtmlCacheBehavior [ RunTime:0.000161s ]
INFO: Run Behavior\TokenBuildBehavior [ RunTime:0.000359s ]
INFO: [ view_filter ] --END-- [ RunTime:0.000583s ]
INFO: [ app_end ] --START--
INFO: Run Behavior\ShowPageTraceBehavior [ RunTime:0.000441s ]
INFO: [ app_end ] --END-- [ RunTime:0.000494s ]

[ 2017-03-06T21:02:26+08:00 ] 192.168.42.24 /first/index.php/MeilvAdmin/Orders/ordersList.html
INFO: [ app_init ] --START--
INFO: Run Behavior\BuildLiteBehavior [ RunTime:0.000014s ]
INFO: [ app_init ] --END-- [ RunTime:0.000298s ]
INFO: [ app_begin ] --START--
INFO: Run Behavior\ReadHtmlCacheBehavior [ RunTime:0.000426s ]
INFO: [ app_begin ] --END-- [ RunTime:0.000473s ]
SQL: SHOW COLUMNS FROM `mlv_orders` [ RunTime:0.0005s ]
SQL: SHOW COLUMNS FROM `mlv_orders` [ RunTime:0.0004s ]
NOTIC: [8] Undefined variable: search /usr/local/apache2/htdocs/first/Application/MeilvAdmin/Model/OrdersModel.class.php 第 40 行.
SQL: SELECT COUNT(*) AS tp_count FROM `mlv_orders` LIMIT 1   [ RunTime:0.0002s ]
NOTIC: [8] Undefined variable: search /usr/local/apache2/htdocs/first/Application/MeilvAdmin/Model/OrdersModel.class.php 第 45 行.
SQL: SELECT * FROM `mlv_orders` LIMIT 0,5   [ RunTime:0.0002s ]
SQL: SHOW COLUMNS FROM `mlv_user` [ RunTime:0.0005s ]
SQL: SELECT `name` FROM `mlv_user` WHERE `id` = 6 LIMIT 1   [ RunTime:0.0002s ]
SQL: SHOW COLUMNS FROM `mlv_store` [ RunTime:0.0005s ]
SQL: SELECT `name` FROM `mlv_store` WHERE `id` = 6 LIMIT 1   [ RunTime:0.0001s ]
SQL: SHOW COLUMNS FROM `mlv_address` [ RunTime:0.0004s ]
SQL: SELECT * FROM `mlv_address` WHERE `id` = 3 LIMIT 1   [ RunTime:0.0002s ]
SQL: SELECT `name` FROM `mlv_user` WHERE `id` = 1 LIMIT 1   [ RunTime:0.0001s ]
SQL: SELECT `name` FROM `mlv_store` WHERE `id` = 7 LIMIT 1   [ RunTime:0.0001s ]
SQL: SELECT * FROM `mlv_address` WHERE `id` = 4 LIMIT 1   [ RunTime:0.0001s ]
SQL: SELECT `name` FROM `mlv_user` WHERE `id` = 9 LIMIT 1   [ RunTime:0.0001s ]
SQL: SELECT `name` FROM `mlv_store` WHERE `id` = 7 LIMIT 1   [ RunTime:0.0001s ]
SQL: SELECT * FROM `mlv_address` WHERE `id` = 6 LIMIT 1   [ RunTime:0.0002s ]
SQL: SELECT `name` FROM `mlv_user` WHERE `id` = 1 LIMIT 1   [ RunTime:0.0001s ]
SQL: SELECT `name` FROM `mlv_store` WHERE `id` = 7 LIMIT 1   [ RunTime:0.0001s ]
SQL: SELECT * FROM `mlv_address` WHERE `id` = 4 LIMIT 1   [ RunTime:0.0001s ]
SQL: SELECT `name` FROM `mlv_user` WHERE `id` = 1 LIMIT 1   [ RunTime:0.0001s ]
SQL: SELECT `name` FROM `mlv_store` WHERE `id` = 7 LIMIT 1   [ RunTime:0.0001s ]
SQL: SELECT * FROM `mlv_address` WHERE `id` = 4 LIMIT 1   [ RunTime:0.0001s ]
INFO: [ view_parse ] --START--
INFO: [ template_filter ] --START--
INFO: Run Behavior\ContentReplaceBehavior [ RunTime:0.000062s ]
INFO: [ template_filter ] --END-- [ RunTime:0.000116s ]
NOTIC: [8] Undefined index: storename /usr/local/apache2/htdocs/first/Application/Runtime/Cache/MeilvAdmin/4e40b2e22d6ca158d36ebd2e2a0e58c0.php 第 36 行.
NOTIC: [8] Undefined index: oid /usr/local/apache2/htdocs/first/Application/Runtime/Cache/MeilvAdmin/4e40b2e22d6ca158d36ebd2e2a0e58c0.php 第 40 行.
INFO: Run Behavior\ParseTemplateBehavior [ RunTime:0.007852s ]
INFO: [ view_parse ] --END-- [ RunTime:0.007895s ]
INFO: [ view_filter ] --START--
INFO: Run Behavior\WriteHtmlCacheBehavior [ RunTime:0.000129s ]
INFO: Run Behavior\TokenBuildBehavior [ RunTime:0.000331s ]
INFO: [ view_filter ] --END-- [ RunTime:0.000521s ]
INFO: [ app_end ] --START--
INFO: Run Behavior\ShowPageTraceBehavior [ RunTime:0.000409s ]
INFO: [ app_end ] --END-- [ RunTime:0.000449s ]

[ 2017-03-06T21:02:27+08:00 ] 192.168.42.24 /first/index.php/MeilvAdmin/Adress/showAdress.html
INFO: [ app_init ] --START--
INFO: Run Behavior\BuildLiteBehavior [ RunTime:0.000014s ]
INFO: [ app_init ] --END-- [ RunTime:0.000302s ]
INFO: [ app_begin ] --START--
INFO: Run Behavior\ReadHtmlCacheBehavior [ RunTime:0.000396s ]
INFO: [ app_begin ] --END-- [ RunTime:0.000447s ]
SQL: SHOW COLUMNS FROM `mlv_user` [ RunTime:0.0006s ]
SQL: SHOW COLUMNS FROM `mlv_user` [ RunTime:0.0004s ]
SQL: SELECT u.name uname,u.*,a.* FROM mlv_user u LEFT JOIN mlv_address a ON u.id = a.uid   [ RunTime:0.0006s ]
INFO: [ view_parse ] --START--
INFO: [ template_filter ] --START--
INFO: Run Behavior\ContentReplaceBehavior [ RunTime:0.000058s ]
INFO: [ template_filter ] --END-- [ RunTime:0.000125s ]
INFO: Run Behavior\ParseTemplateBehavior [ RunTime:0.006589s ]
INFO: [ view_parse ] --END-- [ RunTime:0.006644s ]
INFO: [ view_filter ] --START--
INFO: Run Behavior\WriteHtmlCacheBehavior [ RunTime:0.000133s ]
INFO: Run Behavior\TokenBuildBehavior [ RunTime:0.000315s ]
INFO: [ view_filter ] --END-- [ RunTime:0.000519s ]
INFO: [ app_end ] --START--
INFO: Run Behavior\ShowPageTraceBehavior [ RunTime:0.000466s ]
INFO: [ app_end ] --END-- [ RunTime:0.000509s ]

[ 2017-03-06T21:02:28+08:00 ] 192.168.42.24 /first/index.php/MeilvAdmin/Adress/addAdress.html
INFO: [ app_init ] --START--
INFO: Run Behavior\BuildLiteBehavior [ RunTime:0.000014s ]
INFO: [ app_init ] --END-- [ RunTime:0.000291s ]
INFO: [ app_begin ] --START--
INFO: Run Behavior\ReadHtmlCacheBehavior [ RunTime:0.000385s ]
INFO: [ app_begin ] --END-- [ RunTime:0.000430s ]
INFO: [ view_parse ] --START--
INFO: [ template_filter ] --START--
INFO: Run Behavior\ContentReplaceBehavior [ RunTime:0.000055s ]
INFO: [ template_filter ] --END-- [ RunTime:0.000106s ]
INFO: Run Behavior\ParseTemplateBehavior [ RunTime:0.005789s ]
INFO: [ view_parse ] --END-- [ RunTime:0.005831s ]
INFO: [ view_filter ] --START--
INFO: Run Behavior\WriteHtmlCacheBehavior [ RunTime:0.000122s ]
INFO: Run Behavior\TokenBuildBehavior [ RunTime:0.000294s ]
INFO: [ view_filter ] --END-- [ RunTime:0.000473s ]
INFO: [ app_end ] --START--
INFO: Run Behavior\ShowPageTraceBehavior [ RunTime:0.000411s ]
INFO: [ app_end ] --END-- [ RunTime:0.000452s ]

[ 2017-03-06T21:02:28+08:00 ] 192.168.42.24 /first/index.php/MeilvAdmin/Adress/lib/jquery/1.9.1/jquery.min.js
INFO: [ app_init ] --START--
INFO: Run Behavior\BuildLiteBehavior [ RunTime:0.000015s ]
INFO: [ app_init ] --END-- [ RunTime:0.000306s ]
INFO: [ app_begin ] --START--
INFO: Run Behavior\ReadHtmlCacheBehavior [ RunTime:0.000393s ]
INFO: [ app_begin ] --END-- [ RunTime:0.000438s ]
ERR: 非法操作:lib

[ 2017-03-06T21:02:28+08:00 ] 192.168.42.24 /first/index.php/MeilvAdmin/Adress/static/h-ui.admin/js/H-ui.admin.js
INFO: [ app_init ] --START--
INFO: Run Behavior\BuildLiteBehavior [ RunTime:0.000014s ]
INFO: [ app_init ] --END-- [ RunTime:0.000292s ]
INFO: [ app_begin ] --START--
INFO: Run Behavior\ReadHtmlCacheBehavior [ RunTime:0.000391s ]
INFO: [ app_begin ] --END-- [ RunTime:0.000436s ]
ERR: 非法操作:static

[ 2017-03-06T21:02:28+08:00 ] 192.168.42.24 /first/index.php/MeilvAdmin/Adress/static/h-ui/js/H-ui.min.js
INFO: [ app_init ] --START--
INFO: Run Behavior\BuildLiteBehavior [ RunTime:0.000013s ]
INFO: [ app_init ] --END-- [ RunTime:0.000288s ]
INFO: [ app_begin ] --START--
INFO: Run Behavior\ReadHtmlCacheBehavior [ RunTime:0.000391s ]
INFO: [ app_begin ] --END-- [ RunTime:0.000437s ]
ERR: 非法操作:static

[ 2017-03-06T21:02:28+08:00 ] 192.168.42.24 /first/index.php/MeilvAdmin/Adress/lib/layer/2.4/layer.js
INFO: [ app_init ] --START--
INFO: Run Behavior\BuildLiteBehavior [ RunTime:0.000015s ]
INFO: [ app_init ] --END-- [ RunTime:0.000287s ]
INFO: [ app_begin ] --START--
INFO: Run Behavior\ReadHtmlCacheBehavior [ RunTime:0.000382s ]
INFO: [ app_begin ] --END-- [ RunTime:0.000426s ]
ERR: 非法操作:lib

[ 2017-03-06T21:02:28+08:00 ] 192.168.42.24 /first/index.php/MeilvAdmin/Adress/static/h-ui/js/H-ui.min.js
INFO: [ app_init ] --START--
INFO: Run Behavior\BuildLiteBehavior [ RunTime:0.000014s ]
INFO: [ app_init ] --END-- [ RunTime:0.000284s ]
INFO: [ app_begin ] --START--
INFO: Run Behavior\ReadHtmlCacheBehavior [ RunTime:0.000379s ]
INFO: [ app_begin ] --END-- [ RunTime:0.000425s ]
ERR: 非法操作:static

[ 2017-03-06T21:02:28+08:00 ] 192.168.42.24 /first/index.php/MeilvAdmin/Adress/static/h-ui.admin/js/H-ui.admin.js
INFO: [ app_init ] --START--
INFO: Run Behavior\BuildLiteBehavior [ RunTime:0.000014s ]
INFO: [ app_init ] --END-- [ RunTime:0.000285s ]
INFO: [ app_begin ] --START--
INFO: Run Behavior\ReadHtmlCacheBehavior [ RunTime:0.000380s ]
INFO: [ app_begin ] --END-- [ RunTime:0.000426s ]
ERR: 非法操作:static

[ 2017-03-06T21:02:32+08:00 ] 192.168.42.24 /first/index.php/MeilvAdmin/Adress/showAdress.html
INFO: [ app_init ] --START--
INFO: Run Behavior\BuildLiteBehavior [ RunTime:0.000020s ]
INFO: [ app_init ] --END-- [ RunTime:0.000442s ]
INFO: [ app_begin ] --START--
INFO: Run Behavior\ReadHtmlCacheBehavior [ RunTime:0.000591s ]
INFO: [ app_begin ] --END-- [ RunTime:0.000665s ]
SQL: SHOW COLUMNS FROM `mlv_user` [ RunTime:0.0009s ]
SQL: SHOW COLUMNS FROM `mlv_user` [ RunTime:0.0006s ]
SQL: SELECT u.name uname,u.*,a.* FROM mlv_user u LEFT JOIN mlv_address a ON u.id = a.uid   [ RunTime:0.0009s ]
INFO: [ view_parse ] --START--
INFO: [ template_filter ] --START--
INFO: Run Behavior\ContentReplaceBehavior [ RunTime:0.000056s ]
INFO: [ template_filter ] --END-- [ RunTime:0.000117s ]
INFO: Run Behavior\ParseTemplateBehavior [ RunTime:0.009401s ]
INFO: [ view_parse ] --END-- [ RunTime:0.009459s ]
INFO: [ view_filter ] --START--
INFO: Run Behavior\WriteHtmlCacheBehavior [ RunTime:0.000130s ]
INFO: Run Behavior\TokenBuildBehavior [ RunTime:0.000299s ]
INFO: [ view_filter ] --END-- [ RunTime:0.000491s ]
INFO: [ app_end ] --START--
INFO: Run Behavior\ShowPageTraceBehavior [ RunTime:0.000401s ]
INFO: [ app_end ] --END-- [ RunTime:0.000441s ]

[ 2017-03-06T21:02:34+08:00 ] 192.168.42.24 /first/index.php/MeilvAdmin/Orders/ordersList.html
INFO: [ app_init ] --START--
INFO: Run Behavior\BuildLiteBehavior [ RunTime:0.000015s ]
INFO: [ app_init ] --END-- [ RunTime:0.000316s ]
INFO: [ app_begin ] --START--
INFO: Run Behavior\ReadHtmlCacheBehavior [ RunTime:0.000419s ]
INFO: [ app_begin ] --END-- [ RunTime:0.000472s ]
SQL: SHOW COLUMNS FROM `mlv_orders` [ RunTime:0.0005s ]
SQL: SHOW COLUMNS FROM `mlv_orders` [ RunTime:0.0004s ]
NOTIC: [8] Undefined variable: search /usr/local/apache2/htdocs/first/Application/MeilvAdmin/Model/OrdersModel.class.php 第 40 行.
SQL: SELECT COUNT(*) AS tp_count FROM `mlv_orders` LIMIT 1   [ RunTime:0.0002s ]
NOTIC: [8] Undefined variable: search /usr/local/apache2/htdocs/first/Application/MeilvAdmin/Model/OrdersModel.class.php 第 45 行.
SQL: SELECT * FROM `mlv_orders` LIMIT 0,5   [ RunTime:0.0002s ]
SQL: SHOW COLUMNS FROM `mlv_user` [ RunTime:0.0004s ]
SQL: SELECT `name` FROM `mlv_user` WHERE `id` = 6 LIMIT 1   [ RunTime:0.0001s ]
SQL: SHOW COLUMNS FROM `mlv_store` [ RunTime:0.0005s ]
SQL: SELECT `name` FROM `mlv_store` WHERE `id` = 6 LIMIT 1   [ RunTime:0.0001s ]
SQL: SHOW COLUMNS FROM `mlv_address` [ RunTime:0.0004s ]
SQL: SELECT * FROM `mlv_address` WHERE `id` = 3 LIMIT 1   [ RunTime:0.0001s ]
SQL: SELECT `name` FROM `mlv_user` WHERE `id` = 1 LIMIT 1   [ RunTime:0.0001s ]
SQL: SELECT `name` FROM `mlv_store` WHERE `id` = 7 LIMIT 1   [ RunTime:0.0001s ]
SQL: SELECT * FROM `mlv_address` WHERE `id` = 4 LIMIT 1   [ RunTime:0.0001s ]
SQL: SELECT `name` FROM `mlv_user` WHERE `id` = 9 LIMIT 1   [ RunTime:0.0001s ]
SQL: SELECT `name` FROM `mlv_store` WHERE `id` = 7 LIMIT 1   [ RunTime:0.0001s ]
SQL: SELECT * FROM `mlv_address` WHERE `id` = 6 LIMIT 1   [ RunTime:0.0001s ]
SQL: SELECT `name` FROM `mlv_user` WHERE `id` = 1 LIMIT 1   [ RunTime:0.0001s ]
SQL: SELECT `name` FROM `mlv_store` WHERE `id` = 7 LIMIT 1   [ RunTime:0.0001s ]
SQL: SELECT * FROM `mlv_address` WHERE `id` = 4 LIMIT 1   [ RunTime:0.0001s ]
SQL: SELECT `name` FROM `mlv_user` WHERE `id` = 1 LIMIT 1   [ RunTime:0.0001s ]
SQL: SELECT `name` FROM `mlv_store` WHERE `id` = 7 LIMIT 1   [ RunTime:0.0001s ]
SQL: SELECT * FROM `mlv_address` WHERE `id` = 4 LIMIT 1   [ RunTime:0.0001s ]
INFO: [ view_parse ] --START--
INFO: [ template_filter ] --START--
INFO: Run Behavior\ContentReplaceBehavior [ RunTime:0.000061s ]
INFO: [ template_filter ] --END-- [ RunTime:0.000114s ]
NOTIC: [8] Undefined index: storename /usr/local/apache2/htdocs/first/Application/Runtime/Cache/MeilvAdmin/4e40b2e22d6ca158d36ebd2e2a0e58c0.php 第 36 行.
NOTIC: [8] Undefined index: oid /usr/local/apache2/htdocs/first/Application/Runtime/Cache/MeilvAdmin/4e40b2e22d6ca158d36ebd2e2a0e58c0.php 第 40 行.
INFO: Run Behavior\ParseTemplateBehavior [ RunTime:0.007593s ]
INFO: [ view_parse ] --END-- [ RunTime:0.007639s ]
INFO: [ view_filter ] --START--
INFO: Run Behavior\WriteHtmlCacheBehavior [ RunTime:0.000125s ]
INFO: Run Behavior\TokenBuildBehavior [ RunTime:0.000305s ]
INFO: [ view_filter ] --END-- [ RunTime:0.000493s ]
INFO: [ app_end ] --START--
INFO: Run Behavior\ShowPageTraceBehavior [ RunTime:0.000400s ]
INFO: [ app_end ] --END-- [ RunTime:0.000441s ]

[ 2017-03-06T22:39:38+08:00 ] 192.168.42.24 /first/index.php/MeilvAdmin/Store/store_index.html
INFO: [ app_init ] --START--
INFO: Run Behavior\BuildLiteBehavior [ RunTime:0.000016s ]
INFO: [ app_init ] --END-- [ RunTime:0.000341s ]
INFO: [ app_begin ] --START--
INFO: Run Behavior\ReadHtmlCacheBehavior [ RunTime:0.000408s ]
INFO: [ app_begin ] --END-- [ RunTime:0.000456s ]
SQL: SHOW COLUMNS FROM `mlv_store` [ RunTime:0.0010s ]
SQL: SELECT * FROM `mlv_store` WHERE ( `status` = 1 OR `status` = 0 OR `status` = 4 )  [ RunTime:0.0003s ]
SQL: SHOW COLUMNS FROM `mlv_store_type` [ RunTime:0.0004s ]
SQL: SELECT * FROM `mlv_store_type` WHERE `id` = 2 LIMIT 1   [ RunTime:0.0002s ]
SQL: SELECT * FROM `mlv_store_type` WHERE `id` = 1 LIMIT 1   [ RunTime:0.0001s ]
SQL: SELECT * FROM `mlv_store_type` WHERE `id` = 6 LIMIT 1   [ RunTime:0.0001s ]
SQL: SELECT * FROM `mlv_store_type` WHERE `id` = 3 LIMIT 1   [ RunTime:0.0001s ]
SQL: SELECT * FROM `mlv_store_type` WHERE `id` = 1 LIMIT 1   [ RunTime:0.0001s ]
SQL: SELECT * FROM `mlv_store_type` WHERE `id` = 4 LIMIT 1   [ RunTime:0.0001s ]
SQL: SELECT * FROM `mlv_store_type` WHERE `id` = 1 LIMIT 1   [ RunTime:0.0001s ]
SQL: SELECT * FROM `mlv_store_type` WHERE `id` = 1 LIMIT 1   [ RunTime:0.0001s ]
INFO: [ view_parse ] --START--
INFO: [ template_filter ] --START--
INFO: Run Behavior\ContentReplaceBehavior [ RunTime:0.000078s ]
INFO: [ template_filter ] --END-- [ RunTime:0.000139s ]
INFO: Run Behavior\ParseTemplateBehavior [ RunTime:0.010253s ]
INFO: [ view_parse ] --END-- [ RunTime:0.010304s ]
INFO: [ view_filter ] --START--
INFO: Run Behavior\WriteHtmlCacheBehavior [ RunTime:0.000138s ]
INFO: Run Behavior\TokenBuildBehavior [ RunTime:0.000346s ]
INFO: [ view_filter ] --END-- [ RunTime:0.000547s ]
INFO: [ app_end ] --START--
INFO: Run Behavior\ShowPageTraceBehavior [ RunTime:0.000640s ]
INFO: [ app_end ] --END-- [ RunTime:0.000807s ]

[ 2017-03-06T22:39:39+08:00 ] 192.168.42.24 /first/index.php/MeilvAdmin/Store/showApplication.html
INFO: [ app_init ] --START--
INFO: Run Behavior\BuildLiteBehavior [ RunTime:0.000013s ]
INFO: [ app_init ] --END-- [ RunTime:0.000289s ]
INFO: [ app_begin ] --START--
INFO: Run Behavior\ReadHtmlCacheBehavior [ RunTime:0.000395s ]
INFO: [ app_begin ] --END-- [ RunTime:0.000444s ]
SQL: SHOW COLUMNS FROM `mlv_store` [ RunTime:0.0006s ]
SQL: SELECT * FROM `mlv_store` WHERE ( `status` = 2 OR `status` = 3 )  [ RunTime:0.0002s ]
INFO: [ view_parse ] --START--
INFO: [ template_filter ] --START--
INFO: Run Behavior\ContentReplaceBehavior [ RunTime:0.000073s ]
INFO: [ template_filter ] --END-- [ RunTime:0.000279s ]
INFO: Run Behavior\ParseTemplateBehavior [ RunTime:0.008559s ]
INFO: [ view_parse ] --END-- [ RunTime:0.008606s ]
INFO: [ view_filter ] --START--
INFO: Run Behavior\WriteHtmlCacheBehavior [ RunTime:0.000127s ]
INFO: Run Behavior\TokenBuildBehavior [ RunTime:0.000297s ]
INFO: [ view_filter ] --END-- [ RunTime:0.000487s ]
INFO: [ app_end ] --START--
INFO: Run Behavior\ShowPageTraceBehavior [ RunTime:0.000404s ]
INFO: [ app_end ] --END-- [ RunTime:0.000446s ]

[ 2017-03-06T22:39:40+08:00 ] 192.168.42.24 /first/index.php/MeilvAdmin/Store/type_index.html
INFO: [ app_init ] --START--
INFO: Run Behavior\BuildLiteBehavior [ RunTime:0.000023s ]
INFO: [ app_init ] --END-- [ RunTime:0.000317s ]
INFO: [ app_begin ] --START--
INFO: Run Behavior\ReadHtmlCacheBehavior [ RunTime:0.000397s ]
INFO: [ app_begin ] --END-- [ RunTime:0.000444s ]
SQL: SHOW COLUMNS FROM `mlv_store_type` [ RunTime:0.0004s ]
SQL: SELECT * FROM `mlv_store_type`  [ RunTime:0.0001s ]
INFO: [ view_parse ] --START--
INFO: [ template_filter ] --START--
INFO: Run Behavior\ContentReplaceBehavior [ RunTime:0.000062s ]
INFO: [ template_filter ] --END-- [ RunTime:0.000114s ]
INFO: Run Behavior\ParseTemplateBehavior [ RunTime:0.006780s ]
INFO: [ view_parse ] --END-- [ RunTime:0.006831s ]
INFO: [ view_filter ] --START--
INFO: Run Behavior\WriteHtmlCacheBehavior [ RunTime:0.000123s ]
INFO: Run Behavior\TokenBuildBehavior [ RunTime:0.000306s ]
INFO: [ view_filter ] --END-- [ RunTime:0.000495s ]
INFO: [ app_end ] --START--
INFO: Run Behavior\ShowPageTraceBehavior [ RunTime:0.000417s ]
INFO: [ app_end ] --END-- [ RunTime:0.000460s ]

[ 2017-03-06T22:39:40+08:00 ] 192.168.42.24 /first/index.php/MeilvAdmin/Store/type_add.html
INFO: [ app_init ] --START--
INFO: Run Behavior\BuildLiteBehavior [ RunTime:0.000013s ]
INFO: [ app_init ] --END-- [ RunTime:0.000297s ]
INFO: [ app_begin ] --START--
INFO: Run Behavior\ReadHtmlCacheBehavior [ RunTime:0.000390s ]
INFO: [ app_begin ] --END-- [ RunTime:0.000436s ]
INFO: [ view_parse ] --START--
INFO: [ template_filter ] --START--
INFO: Run Behavior\ContentReplaceBehavior [ RunTime:0.000064s ]
INFO: [ template_filter ] --END-- [ RunTime:0.000130s ]
INFO: Run Behavior\ParseTemplateBehavior [ RunTime:0.007001s ]
INFO: [ view_parse ] --END-- [ RunTime:0.007046s ]
INFO: [ view_filter ] --START--
INFO: Run Behavior\WriteHtmlCacheBehavior [ RunTime:0.000134s ]
INFO: Run Behavior\TokenBuildBehavior [ RunTime:0.000282s ]
INFO: [ view_filter ] --END-- [ RunTime:0.000477s ]
INFO: [ app_end ] --START--
INFO: Run Behavior\ShowPageTraceBehavior [ RunTime:0.000410s ]
INFO: [ app_end ] --END-- [ RunTime:0.000451s ]

[ 2017-03-06T22:39:41+08:00 ] 192.168.42.24 /first/index.php/MeilvAdmin/Store/showApplication.html
INFO: [ app_init ] --START--
INFO: Run Behavior\BuildLiteBehavior [ RunTime:0.000016s ]
INFO: [ app_init ] --END-- [ RunTime:0.000308s ]
INFO: [ app_begin ] --START--
INFO: Run Behavior\ReadHtmlCacheBehavior [ RunTime:0.000556s ]
INFO: [ app_begin ] --END-- [ RunTime:0.000620s ]
SQL: SHOW COLUMNS FROM `mlv_store` [ RunTime:0.0007s ]
SQL: SELECT * FROM `mlv_store` WHERE ( `status` = 2 OR `status` = 3 )  [ RunTime:0.0002s ]
INFO: [ view_parse ] --START--
INFO: [ template_filter ] --START--
INFO: Run Behavior\ContentReplaceBehavior [ RunTime:0.000081s ]
INFO: [ template_filter ] --END-- [ RunTime:0.000143s ]
INFO: Run Behavior\ParseTemplateBehavior [ RunTime:0.009355s ]
INFO: [ view_parse ] --END-- [ RunTime:0.009406s ]
INFO: [ view_filter ] --START--
INFO: Run Behavior\WriteHtmlCacheBehavior [ RunTime:0.000137s ]
INFO: Run Behavior\TokenBuildBehavior [ RunTime:0.000311s ]
INFO: [ view_filter ] --END-- [ RunTime:0.000513s ]
INFO: [ app_end ] --START--
INFO: Run Behavior\ShowPageTraceBehavior [ RunTime:0.000413s ]
INFO: [ app_end ] --END-- [ RunTime:0.000458s ]

[ 2017-03-06T22:39:43+08:00 ] 192.168.42.24 /first/index.php/MeilvAdmin/Friend/listShow.html
INFO: [ app_init ] --START--
INFO: Run Behavior\BuildLiteBehavior [ RunTime:0.000019s ]
INFO: [ app_init ] --END-- [ RunTime:0.000381s ]
INFO: [ app_begin ] --START--
INFO: Run Behavior\ReadHtmlCacheBehavior [ RunTime:0.000394s ]
INFO: [ app_begin ] --END-- [ RunTime:0.000441s ]
SQL: SHOW COLUMNS FROM `mlv_auth_group_access` [ RunTime:0.0004s ]
SQL: SELECT `uid`,`group_id`,`title`,`rules` FROM mlv_auth_group_access a INNER JOIN mlv_auth_group g on a.group_id=g.id  WHERE ( a.uid='1' and g.status='1' )  [ RunTime:0.0004s ]
SQL: SHOW COLUMNS FROM `mlv_auth_rule` [ RunTime:0.0008s ]
SQL: SELECT `condition`,`name` FROM `mlv_auth_rule` WHERE `id` IN ('1','2','3','4','5','6','7','8','9','10','11','12','13','14','20','21','15','16','17','19') AND `status` = 1  [ RunTime:0.0003s ]
SQL: SHOW COLUMNS FROM `mlv_link` [ RunTime:0.0004s ]
SQL: SHOW COLUMNS FROM `mlv_link` [ RunTime:0.0003s ]
SQL: SELECT * FROM `mlv_link`  [ RunTime:0.0001s ]
INFO: [ view_parse ] --START--
INFO: [ template_filter ] --START--
INFO: Run Behavior\ContentReplaceBehavior [ RunTime:0.000058s ]
INFO: [ template_filter ] --END-- [ RunTime:0.000137s ]
INFO: Run Behavior\ParseTemplateBehavior [ RunTime:0.006688s ]
INFO: [ view_parse ] --END-- [ RunTime:0.006739s ]
INFO: [ view_filter ] --START--
INFO: Run Behavior\WriteHtmlCacheBehavior [ RunTime:0.000122s ]
INFO: Run Behavior\TokenBuildBehavior [ RunTime:0.000273s ]
INFO: [ view_filter ] --END-- [ RunTime:0.000458s ]
INFO: [ app_end ] --START--
INFO: Run Behavior\ShowPageTraceBehavior [ RunTime:0.000412s ]
INFO: [ app_end ] --END-- [ RunTime:0.000458s ]

[ 2017-03-06T22:39:44+08:00 ] 192.168.42.24 /first/index.php/MeilvAdmin/Friend/listAdd.html
INFO: [ app_init ] --START--
INFO: Run Behavior\BuildLiteBehavior [ RunTime:0.000013s ]
INFO: [ app_init ] --END-- [ RunTime:0.000289s ]
INFO: [ app_begin ] --START--
INFO: Run Behavior\ReadHtmlCacheBehavior [ RunTime:0.000428s ]
INFO: [ app_begin ] --END-- [ RunTime:0.000475s ]
SQL: SHOW COLUMNS FROM `mlv_auth_group_access` [ RunTime:0.0004s ]
SQL: SELECT `uid`,`group_id`,`title`,`rules` FROM mlv_auth_group_access a INNER JOIN mlv_auth_group g on a.group_id=g.id  WHERE ( a.uid='1' and g.status='1' )  [ RunTime:0.0002s ]
SQL: SHOW COLUMNS FROM `mlv_auth_rule` [ RunTime:0.0004s ]
SQL: SELECT `condition`,`name` FROM `mlv_auth_rule` WHERE `id` IN ('1','2','3','4','5','6','7','8','9','10','11','12','13','14','20','21','15','16','17','19') AND `status` = 1  [ RunTime:0.0002s ]
INFO: [ view_parse ] --START--
INFO: [ template_filter ] --START--
INFO: Run Behavior\ContentReplaceBehavior [ RunTime:0.000057s ]
INFO: [ template_filter ] --END-- [ RunTime:0.000112s ]
INFO: Run Behavior\ParseTemplateBehavior [ RunTime:0.005549s ]
INFO: [ view_parse ] --END-- [ RunTime:0.005593s ]
INFO: [ view_filter ] --START--
INFO: Run Behavior\WriteHtmlCacheBehavior [ RunTime:0.000120s ]
INFO: Run Behavior\TokenBuildBehavior [ RunTime:0.000273s ]
INFO: [ view_filter ] --END-- [ RunTime:0.000458s ]
INFO: [ app_end ] --START--
INFO: Run Behavior\ShowPageTraceBehavior [ RunTime:0.000418s ]
INFO: [ app_end ] --END-- [ RunTime:0.000458s ]

[ 2017-03-06T22:45:33+08:00 ] 192.168.42.24 /first/index.php/MeilvAdmin/Auth/adminPermission.html
INFO: [ app_init ] --START--
INFO: Run Behavior\BuildLiteBehavior [ RunTime:0.000014s ]
INFO: [ app_init ] --END-- [ RunTime:0.000300s ]
INFO: [ app_begin ] --START--
INFO: Run Behavior\ReadHtmlCacheBehavior [ RunTime:0.000404s ]
INFO: [ app_begin ] --END-- [ RunTime:0.000452s ]
SQL: SHOW COLUMNS FROM `mlv_auth_group_access` [ RunTime:0.0004s ]
SQL: SELECT `uid`,`group_id`,`title`,`rules` FROM mlv_auth_group_access a INNER JOIN mlv_auth_group g on a.group_id=g.id  WHERE ( a.uid='1' and g.status='1' )  [ RunTime:0.0003s ]
SQL: SHOW COLUMNS FROM `mlv_auth_rule` [ RunTime:0.0004s ]
SQL: SELECT `condition`,`name` FROM `mlv_auth_rule` WHERE `id` IN ('1','2','3','4','5','6','7','8','9','10','11','12','13','14','20','21','15','16','17','19') AND `status` = 1  [ RunTime:0.0002s ]
SQL: SHOW COLUMNS FROM `mlv_auth_rule` [ RunTime:0.0004s ]
SQL: SHOW COLUMNS FROM `mlv_auth_rule` [ RunTime:0.0004s ]
SQL: SELECT r.name rname,r.*,c.name FROM mlv_auth_rule r LEFT JOIN mlv_auth_rule_classify  c ON r.cid = c.id   [ RunTime:0.0003s ]
SQL: SELECT r.name rname,r.*,c.name FROM mlv_auth_rule r LEFT JOIN mlv_auth_rule_classify  c ON r.cid = c.id  LIMIT 0,5   [ RunTime:0.0002s ]
INFO: [ view_parse ] --START--
INFO: [ template_filter ] --START--
INFO: Run Behavior\ContentReplaceBehavior [ RunTime:0.000060s ]
INFO: [ template_filter ] --END-- [ RunTime:0.000125s ]
INFO: Run Behavior\ParseTemplateBehavior [ RunTime:0.007211s ]
INFO: [ view_parse ] --END-- [ RunTime:0.007262s ]
INFO: [ view_filter ] --START--
INFO: Run Behavior\WriteHtmlCacheBehavior [ RunTime:0.000132s ]
INFO: Run Behavior\TokenBuildBehavior [ RunTime:0.000286s ]
INFO: [ view_filter ] --END-- [ RunTime:0.000478s ]
INFO: [ app_end ] --START--
INFO: Run Behavior\ShowPageTraceBehavior [ RunTime:0.000401s ]
INFO: [ app_end ] --END-- [ RunTime:0.000443s ]

[ 2017-03-06T22:45:33+08:00 ] 192.168.42.24 /first/index.php/MeilvAdmin/Auth/adminRole.html
INFO: [ app_init ] --START--
INFO: Run Behavior\BuildLiteBehavior [ RunTime:0.000016s ]
INFO: [ app_init ] --END-- [ RunTime:0.000303s ]
INFO: [ app_begin ] --START--
INFO: Run Behavior\ReadHtmlCacheBehavior [ RunTime:0.000404s ]
INFO: [ app_begin ] --END-- [ RunTime:0.000451s ]
SQL: SHOW COLUMNS FROM `mlv_auth_group_access` [ RunTime:0.0004s ]
SQL: SELECT `uid`,`group_id`,`title`,`rules` FROM mlv_auth_group_access a INNER JOIN mlv_auth_group g on a.group_id=g.id  WHERE ( a.uid='1' and g.status='1' )  [ RunTime:0.0002s ]
SQL: SHOW COLUMNS FROM `mlv_auth_rule` [ RunTime:0.0004s ]
SQL: SELECT `condition`,`name` FROM `mlv_auth_rule` WHERE `id` IN ('1','2','3','4','5','6','7','8','9','10','11','12','13','14','20','21','15','16','17','19') AND `status` = 1  [ RunTime:0.0002s ]
SQL: SHOW COLUMNS FROM `mlv_auth_group` [ RunTime:0.0004s ]
SQL: SHOW COLUMNS FROM `mlv_auth_group` [ RunTime:0.0004s ]
SQL: SELECT a.title atitle,a.* FROM mlv_auth_group a  [ RunTime:0.0002s ]
SQL: SHOW COLUMNS FROM `mlv_auth_rule` [ RunTime:0.0004s ]
SQL: SELECT `title` FROM mlv_auth_rule a WHERE ( id in(1,2,3,4,5,6,7,8,9,10,11,12,13,14,20,21,15,16,17,19) )  [ RunTime:0.0002s ]
SQL: SELECT `title` FROM mlv_auth_rule a WHERE ( id in(1,2,7,8,11,13) )  [ RunTime:0.0001s ]
SQL: SELECT `title` FROM mlv_auth_rule a WHERE ( id in(1,2,3,4,5,6,7,8,11) )  [ RunTime:0.0001s ]
INFO: [ view_parse ] --START--
INFO: [ template_filter ] --START--
INFO: Run Behavior\ContentReplaceBehavior [ RunTime:0.000059s ]
INFO: [ template_filter ] --END-- [ RunTime:0.000114s ]
NOTIC: [8] Use of undefined constant adminAdd - assumed 'adminAdd' /usr/local/apache2/htdocs/first/Application/Runtime/Cache/MeilvAdmin/f2ec61f4fedf70bae2811452369dd811.php 第 27 行.
NOTIC: [8] Use of undefined constant adminSave - assumed 'adminSave' /usr/local/apache2/htdocs/first/Application/Runtime/Cache/MeilvAdmin/f2ec61f4fedf70bae2811452369dd811.php 第 45 行.
NOTIC: [8] Use of undefined constant adminSave - assumed 'adminSave' /usr/local/apache2/htdocs/first/Application/Runtime/Cache/MeilvAdmin/f2ec61f4fedf70bae2811452369dd811.php 第 45 行.
NOTIC: [8] Use of undefined constant adminSave - assumed 'adminSave' /usr/local/apache2/htdocs/first/Application/Runtime/Cache/MeilvAdmin/f2ec61f4fedf70bae2811452369dd811.php 第 45 行.
INFO: Run Behavior\ParseTemplateBehavior [ RunTime:0.007533s ]
INFO: [ view_parse ] --END-- [ RunTime:0.007580s ]
INFO: [ view_filter ] --START--
INFO: Run Behavior\WriteHtmlCacheBehavior [ RunTime:0.000133s ]
INFO: Run Behavior\TokenBuildBehavior [ RunTime:0.000291s ]
INFO: [ view_filter ] --END-- [ RunTime:0.000486s ]
INFO: [ app_end ] --START--
INFO: Run Behavior\ShowPageTraceBehavior [ RunTime:0.000668s ]
INFO: [ app_end ] --END-- [ RunTime:0.000776s ]

[ 2017-03-06T22:45:35+08:00 ] 192.168.42.24 /first/index.php/MeilvAdmin/Orders/ordersList.html
INFO: [ app_init ] --START--
INFO: Run Behavior\BuildLiteBehavior [ RunTime:0.000013s ]
INFO: [ app_init ] --END-- [ RunTime:0.000298s ]
INFO: [ app_begin ] --START--
INFO: Run Behavior\ReadHtmlCacheBehavior [ RunTime:0.000391s ]
INFO: [ app_begin ] --END-- [ RunTime:0.000437s ]
SQL: SHOW COLUMNS FROM `mlv_orders` [ RunTime:0.0005s ]
SQL: SHOW COLUMNS FROM `mlv_orders` [ RunTime:0.0004s ]
NOTIC: [8] Undefined variable: search /usr/local/apache2/htdocs/first/Application/MeilvAdmin/Model/OrdersModel.class.php 第 40 行.
SQL: SELECT COUNT(*) AS tp_count FROM `mlv_orders` LIMIT 1   [ RunTime:0.0002s ]
NOTIC: [8] Undefined variable: search /usr/local/apache2/htdocs/first/Application/MeilvAdmin/Model/OrdersModel.class.php 第 45 行.
SQL: SELECT * FROM `mlv_orders` LIMIT 0,5   [ RunTime:0.0002s ]
SQL: SHOW COLUMNS FROM `mlv_user` [ RunTime:0.0004s ]
SQL: SELECT `name` FROM `mlv_user` WHERE `id` = 6 LIMIT 1   [ RunTime:0.0002s ]
SQL: SHOW COLUMNS FROM `mlv_store` [ RunTime:0.0005s ]
SQL: SELECT `name` FROM `mlv_store` WHERE `id` = 6 LIMIT 1   [ RunTime:0.0001s ]
SQL: SHOW COLUMNS FROM `mlv_address` [ RunTime:0.0004s ]
SQL: SELECT * FROM `mlv_address` WHERE `id` = 3 LIMIT 1   [ RunTime:0.0002s ]
SQL: SELECT `name` FROM `mlv_user` WHERE `id` = 1 LIMIT 1   [ RunTime:0.0001s ]
SQL: SELECT `name` FROM `mlv_store` WHERE `id` = 7 LIMIT 1   [ RunTime:0.0001s ]
SQL: SELECT * FROM `mlv_address` WHERE `id` = 4 LIMIT 1   [ RunTime:0.0001s ]
SQL: SELECT `name` FROM `mlv_user` WHERE `id` = 9 LIMIT 1   [ RunTime:0.0001s ]
SQL: SELECT `name` FROM `mlv_store` WHERE `id` = 7 LIMIT 1   [ RunTime:0.0001s ]
SQL: SELECT * FROM `mlv_address` WHERE `id` = 6 LIMIT 1   [ RunTime:0.0001s ]
SQL: SELECT `name` FROM `mlv_user` WHERE `id` = 1 LIMIT 1   [ RunTime:0.0003s ]
SQL: SELECT `name` FROM `mlv_store` WHERE `id` = 7 LIMIT 1   [ RunTime:0.0002s ]
SQL: SELECT * FROM `mlv_address` WHERE `id` = 4 LIMIT 1   [ RunTime:0.0002s ]
SQL: SELECT `name` FROM `mlv_user` WHERE `id` = 1 LIMIT 1   [ RunTime:0.0001s ]
SQL: SELECT `name` FROM `mlv_store` WHERE `id` = 7 LIMIT 1   [ RunTime:0.0001s ]
SQL: SELECT * FROM `mlv_address` WHERE `id` = 4 LIMIT 1   [ RunTime:0.0001s ]
INFO: [ view_parse ] --START--
INFO: [ template_filter ] --START--
INFO: Run Behavior\ContentReplaceBehavior [ RunTime:0.000061s ]
INFO: [ template_filter ] --END-- [ RunTime:0.000113s ]
NOTIC: [8] Undefined index: storename /usr/local/apache2/htdocs/first/Application/Runtime/Cache/MeilvAdmin/4e40b2e22d6ca158d36ebd2e2a0e58c0.php 第 36 行.
NOTIC: [8] Undefined index: oid /usr/local/apache2/htdocs/first/Application/Runtime/Cache/MeilvAdmin/4e40b2e22d6ca158d36ebd2e2a0e58c0.php 第 40 行.
INFO: Run Behavior\ParseTemplateBehavior [ RunTime:0.007551s ]
INFO: [ view_parse ] --END-- [ RunTime:0.007596s ]
INFO: [ view_filter ] --START--
INFO: Run Behavior\WriteHtmlCacheBehavior [ RunTime:0.000127s ]
INFO: Run Behavior\TokenBuildBehavior [ RunTime:0.000307s ]
INFO: [ view_filter ] --END-- [ RunTime:0.000497s ]
INFO: [ app_end ] --START--
INFO: Run Behavior\ShowPageTraceBehavior [ RunTime:0.000403s ]
INFO: [ app_end ] --END-- [ RunTime:0.000443s ]

[ 2017-03-06T22:45:37+08:00 ] 192.168.42.24 /first/index.php/MeilvAdmin/Adress/showAdress.html
INFO: [ app_init ] --START--
INFO: Run Behavior\BuildLiteBehavior [ RunTime:0.000013s ]
INFO: [ app_init ] --END-- [ RunTime:0.000289s ]
INFO: [ app_begin ] --START--
INFO: Run Behavior\ReadHtmlCacheBehavior [ RunTime:0.000384s ]
INFO: [ app_begin ] --END-- [ RunTime:0.000431s ]
SQL: SHOW COLUMNS FROM `mlv_user` [ RunTime:0.0005s ]
SQL: SHOW COLUMNS FROM `mlv_user` [ RunTime:0.0004s ]
SQL: SELECT u.name uname,u.*,a.* FROM mlv_user u LEFT JOIN mlv_address a ON u.id = a.uid   [ RunTime:0.0006s ]
INFO: [ view_parse ] --START--
INFO: [ template_filter ] --START--
INFO: Run Behavior\ContentReplaceBehavior [ RunTime:0.000053s ]
INFO: [ template_filter ] --END-- [ RunTime:0.000108s ]
INFO: Run Behavior\ParseTemplateBehavior [ RunTime:0.006199s ]
INFO: [ view_parse ] --END-- [ RunTime:0.006251s ]
INFO: [ view_filter ] --START--
INFO: Run Behavior\WriteHtmlCacheBehavior [ RunTime:0.000119s ]
INFO: Run Behavior\TokenBuildBehavior [ RunTime:0.000299s ]
INFO: [ view_filter ] --END-- [ RunTime:0.000485s ]
INFO: [ app_end ] --START--
INFO: Run Behavior\ShowPageTraceBehavior [ RunTime:0.000410s ]
INFO: [ app_end ] --END-- [ RunTime:0.000453s ]

[ 2017-03-06T22:46:14+08:00 ] 192.168.42.24 /first/index.php/MeilvAdmin/Store/store_index.html
INFO: [ app_init ] --START--
INFO: Run Behavior\BuildLiteBehavior [ RunTime:0.000019s ]
INFO: [ app_init ] --END-- [ RunTime:0.000310s ]
INFO: [ app_begin ] --START--
INFO: Run Behavior\ReadHtmlCacheBehavior [ RunTime:0.000399s ]
INFO: [ app_begin ] --END-- [ RunTime:0.000446s ]
SQL: SHOW COLUMNS FROM `mlv_store` [ RunTime:0.0007s ]
SQL: SELECT * FROM `mlv_store` WHERE ( `status` = 1 OR `status` = 0 OR `status` = 4 )  [ RunTime:0.0002s ]
SQL: SHOW COLUMNS FROM `mlv_store_type` [ RunTime:0.0003s ]
SQL: SELECT * FROM `mlv_store_type` WHERE `id` = 2 LIMIT 1   [ RunTime:0.0001s ]
SQL: SELECT * FROM `mlv_store_type` WHERE `id` = 1 LIMIT 1   [ RunTime:0.0001s ]
SQL: SELECT * FROM `mlv_store_type` WHERE `id` = 6 LIMIT 1   [ RunTime:0.0001s ]
SQL: SELECT * FROM `mlv_store_type` WHERE `id` = 3 LIMIT 1   [ RunTime:0.0001s ]
SQL: SELECT * FROM `mlv_store_type` WHERE `id` = 1 LIMIT 1   [ RunTime:0.0001s ]
SQL: SELECT * FROM `mlv_store_type` WHERE `id` = 4 LIMIT 1   [ RunTime:0.0001s ]
SQL: SELECT * FROM `mlv_store_type` WHERE `id` = 1 LIMIT 1   [ RunTime:0.0001s ]
SQL: SELECT * FROM `mlv_store_type` WHERE `id` = 1 LIMIT 1   [ RunTime:0.0001s ]
INFO: [ view_parse ] --START--
INFO: [ template_filter ] --START--
INFO: Run Behavior\ContentReplaceBehavior [ RunTime:0.000077s ]
INFO: [ template_filter ] --END-- [ RunTime:0.000136s ]
INFO: Run Behavior\ParseTemplateBehavior [ RunTime:0.009389s ]
INFO: [ view_parse ] --END-- [ RunTime:0.009437s ]
INFO: [ view_filter ] --START--
INFO: Run Behavior\WriteHtmlCacheBehavior [ RunTime:0.000136s ]
INFO: Run Behavior\TokenBuildBehavior [ RunTime:0.000346s ]
INFO: [ view_filter ] --END-- [ RunTime:0.000544s ]
INFO: [ app_end ] --START--
INFO: Run Behavior\ShowPageTraceBehavior [ RunTime:0.000879s ]
INFO: [ app_end ] --END-- [ RunTime:0.000957s ]

